{"meta": {"format": 3, "version": "7.11.0", "timestamp": "2025-12-02T19:05:47.325358", "branch_coverage": false, "show_contexts": false}, "files": {"finance_feedback_engine/__init__.py": {"executed_lines": [1, 8, 9, 11, 13], "summary": {"covered_lines": 4, "num_statements": 4, "percent_covered": 100.0, "percent_covered_display": "100", "missing_lines": 0, "excluded_lines": 0}, "missing_lines": [], "excluded_lines": [], "functions": {"": {"executed_lines": [1, 8, 9, 11, 13], "summary": {"covered_lines": 4, "num_statements": 4, "percent_covered": 100.0, "percent_covered_display": "100", "missing_lines": 0, "excluded_lines": 0}, "missing_lines": [], "excluded_lines": []}}, "classes": {"": {"executed_lines": [1, 8, 9, 11, 13], "summary": {"covered_lines": 4, "num_statements": 4, "percent_covered": 100.0, "percent_covered_display": "100", "missing_lines": 0, "excluded_lines": 0}, "missing_lines": [], "excluded_lines": []}}}, "finance_feedback_engine/agent/__init__.py": {"executed_lines": [0], "summary": {"covered_lines": 0, "num_statements": 0, "percent_covered": 100.0, "percent_covered_display": "100", "missing_lines": 0, "excluded_lines": 0}, "missing_lines": [], "excluded_lines": [], "functions": {"": {"executed_lines": [], "summary": {"covered_lines": 0, "num_statements": 0, "percent_covered": 100.0, "percent_covered_display": "100", "missing_lines": 0, "excluded_lines": 0}, "missing_lines": [], "excluded_lines": []}}, "classes": {"": {"executed_lines": [], "summary": {"covered_lines": 0, "num_statements": 0, "percent_covered": 100.0, "percent_covered_display": "100", "missing_lines": 0, "excluded_lines": 0}, "missing_lines": [], "excluded_lines": []}}}, "finance_feedback_engine/agent/config.py": {"executed_lines": [1, 2, 4, 5, 6, 7, 8, 10, 11, 18, 19, 20, 24, 25, 26, 29, 30, 31, 39, 40, 47, 48, 49, 50, 52, 53, 54, 61, 62, 63, 65, 66, 72, 73, 74, 77, 78, 79, 80, 82, 85, 86, 87], "summary": {"covered_lines": 41, "num_statements": 41, "percent_covered": 100.0, "percent_covered_display": "100", "missing_lines": 0, "excluded_lines": 0}, "missing_lines": [], "excluded_lines": [], "functions": {"TradingAgentConfig.normalize_percentage_fields": {"executed_lines": [61, 62, 63], "summary": {"covered_lines": 3, "num_statements": 3, "percent_covered": 100.0, "percent_covered_display": "100", "missing_lines": 0, "excluded_lines": 0}, "missing_lines": [], "excluded_lines": []}, "TradingAgentConfig.normalize_default_percentages": {"executed_lines": [72, 73, 74], "summary": {"covered_lines": 3, "num_statements": 3, "percent_covered": 100.0, "percent_covered_display": "100", "missing_lines": 0, "excluded_lines": 0}, "missing_lines": [], "excluded_lines": []}, "": {"executed_lines": [1, 2, 4, 5, 6, 7, 8, 10, 11, 18, 19, 20, 24, 25, 26, 29, 30, 31, 39, 40, 47, 48, 49, 50, 52, 53, 54, 65, 66, 77, 78, 79, 80, 82, 85, 86, 87], "summary": {"covered_lines": 35, "num_statements": 35, "percent_covered": 100.0, "percent_covered_display": "100", "missing_lines": 0, "excluded_lines": 0}, "missing_lines": [], "excluded_lines": []}}, "classes": {"AutonomousAgentConfig": {"executed_lines": [], "summary": {"covered_lines": 0, "num_statements": 0, "percent_covered": 100.0, "percent_covered_display": "100", "missing_lines": 0, "excluded_lines": 0}, "missing_lines": [], "excluded_lines": []}, "TradingAgentConfig": {"executed_lines": [61, 62, 63, 72, 73, 74], "summary": {"covered_lines": 6, "num_statements": 6, "percent_covered": 100.0, "percent_covered_display": "100", "missing_lines": 0, "excluded_lines": 0}, "missing_lines": [], "excluded_lines": []}, "": {"executed_lines": [1, 2, 4, 5, 6, 7, 8, 10, 11, 18, 19, 20, 24, 25, 26, 29, 30, 31, 39, 40, 47, 48, 49, 50, 52, 53, 54, 65, 66, 77, 78, 79, 80, 82, 85, 86, 87], "summary": {"covered_lines": 35, "num_statements": 35, "percent_covered": 100.0, "percent_covered_display": "100", "missing_lines": 0, "excluded_lines": 0}, "missing_lines": [], "excluded_lines": []}}}, "finance_feedback_engine/agent/orchestrator.py": {"executed_lines": [1, 2, 3, 4, 5, 6, 9, 10, 19, 54, 62, 69, 71, 72, 74, 78, 79, 80, 83, 84, 86, 87, 88, 89, 90, 93, 94, 97, 98, 99, 100, 101, 102, 104, 105, 106, 107, 108, 109, 110, 111, 114, 119, 151], "summary": {"covered_lines": 43, "num_statements": 108, "percent_covered": 39.81481481481482, "percent_covered_display": "40", "missing_lines": 65, "excluded_lines": 0}, "missing_lines": [20, 21, 22, 23, 26, 28, 29, 30, 31, 32, 33, 34, 35, 36, 37, 38, 39, 40, 41, 44, 45, 46, 47, 48, 49, 51, 52, 59, 60, 66, 67, 75, 76, 112, 113, 115, 116, 117, 120, 121, 125, 129, 132, 134, 135, 136, 138, 139, 142, 144, 145, 147, 148, 149, 153, 154, 157, 158, 159, 160, 161, 162, 163, 164, 168], "excluded_lines": [], "functions": {"TradingAgentOrchestrator.__init__": {"executed_lines": [], "summary": {"covered_lines": 0, "num_statements": 27, "percent_covered": 0.0, "percent_covered_display": "0", "missing_lines": 27, "excluded_lines": 0}, "missing_lines": [20, 21, 22, 23, 26, 28, 29, 30, 31, 32, 33, 34, 35, 36, 37, 38, 39, 40, 41, 44, 45, 46, 47, 48, 49, 51, 52], "excluded_lines": []}, "TradingAgentOrchestrator.pause_trading": {"executed_lines": [], "summary": {"covered_lines": 0, "num_statements": 2, "percent_covered": 0.0, "percent_covered_display": "0", "missing_lines": 2, "excluded_lines": 0}, "missing_lines": [59, 60], "excluded_lines": []}, "TradingAgentOrchestrator.stop": {"executed_lines": [], "summary": {"covered_lines": 0, "num_statements": 2, "percent_covered": 0.0, "percent_covered_display": "0", "missing_lines": 2, "excluded_lines": 0}, "missing_lines": [66, 67], "excluded_lines": []}, "TradingAgentOrchestrator.run": {"executed_lines": [71, 72, 74, 78, 79, 80, 83, 84, 86, 87, 88, 89, 90, 93, 94, 97, 98, 99, 100, 101, 102, 104, 105, 106, 107, 108, 109, 110, 111, 114, 119], "summary": {"covered_lines": 31, "num_statements": 54, "percent_covered": 57.407407407407405, "percent_covered_display": "57", "missing_lines": 23, "excluded_lines": 0}, "missing_lines": [75, 76, 112, 113, 115, 116, 117, 120, 121, 125, 129, 132, 134, 135, 136, 138, 139, 142, 144, 145, 147, 148, 149], "excluded_lines": []}, "TradingAgentOrchestrator._should_execute": {"executed_lines": [], "summary": {"covered_lines": 0, "num_statements": 11, "percent_covered": 0.0, "percent_covered_display": "0", "missing_lines": 11, "excluded_lines": 0}, "missing_lines": [153, 154, 157, 158, 159, 160, 161, 162, 163, 164, 168], "excluded_lines": []}, "": {"executed_lines": [1, 2, 3, 4, 5, 6, 9, 10, 19, 54, 62, 69, 151], "summary": {"covered_lines": 12, "num_statements": 12, "percent_covered": 100.0, "percent_covered_display": "100", "missing_lines": 0, "excluded_lines": 0}, "missing_lines": [], "excluded_lines": []}}, "classes": {"TradingAgentOrchestrator": {"executed_lines": [71, 72, 74, 78, 79, 80, 83, 84, 86, 87, 88, 89, 90, 93, 94, 97, 98, 99, 100, 101, 102, 104, 105, 106, 107, 108, 109, 110, 111, 114, 119], "summary": {"covered_lines": 31, "num_statements": 96, "percent_covered": 32.291666666666664, "percent_covered_display": "32", "missing_lines": 65, "excluded_lines": 0}, "missing_lines": [20, 21, 22, 23, 26, 28, 29, 30, 31, 32, 33, 34, 35, 36, 37, 38, 39, 40, 41, 44, 45, 46, 47, 48, 49, 51, 52, 59, 60, 66, 67, 75, 76, 112, 113, 115, 116, 117, 120, 121, 125, 129, 132, 134, 135, 136, 138, 139, 142, 144, 145, 147, 148, 149, 153, 154, 157, 158, 159, 160, 161, 162, 163, 164, 168], "excluded_lines": []}, "": {"executed_lines": [1, 2, 3, 4, 5, 6, 9, 10, 19, 54, 62, 69, 151], "summary": {"covered_lines": 12, "num_statements": 12, "percent_covered": 100.0, "percent_covered_display": "100", "missing_lines": 0, "excluded_lines": 0}, "missing_lines": [], "excluded_lines": []}}}, "finance_feedback_engine/agent/trading_loop_agent.py": {"executed_lines": [3, 4, 5, 6, 7, 8, 9, 10, 11, 13, 15, 16, 17, 18, 19, 20, 21, 22, 24, 25, 29, 37, 38, 39, 40, 41, 44, 45, 46, 50, 57, 58, 59, 61, 62, 63, 64, 67, 76, 100, 102, 103, 104, 106, 110, 111, 113, 115, 119, 122, 123, 125, 127, 129, 137, 138, 141, 142, 157, 159, 219, 253, 286, 290, 292, 293, 296, 297, 305, 307, 333], "summary": {"covered_lines": 69, "num_statements": 198, "percent_covered": 34.84848484848485, "percent_covered_display": "35", "missing_lines": 129, "excluded_lines": 0}, "missing_lines": [47, 48, 80, 81, 82, 84, 85, 86, 87, 88, 90, 91, 92, 93, 94, 95, 96, 97, 98, 130, 135, 136, 143, 144, 145, 147, 148, 149, 150, 163, 165, 168, 169, 170, 171, 172, 173, 174, 176, 177, 179, 180, 181, 183, 184, 185, 186, 189, 190, 192, 193, 194, 195, 196, 198, 200, 202, 204, 205, 206, 207, 208, 210, 211, 217, 218, 223, 225, 226, 227, 228, 230, 231, 234, 236, 237, 238, 239, 242, 243, 244, 246, 247, 248, 250, 251, 257, 259, 260, 261, 262, 264, 265, 266, 268, 269, 270, 271, 272, 274, 275, 277, 278, 279, 280, 281, 284, 294, 298, 299, 300, 301, 302, 309, 311, 312, 313, 314, 317, 318, 322, 324, 325, 327, 328, 330, 331, 335, 336], "excluded_lines": [], "functions": {"TradingLoopAgent.__init__": {"executed_lines": [37, 38, 39, 40, 41, 44, 50, 57, 58, 59, 61, 62, 63, 64, 67], "summary": {"covered_lines": 15, "num_statements": 15, "percent_covered": 100.0, "percent_covered_display": "100", "missing_lines": 0, "excluded_lines": 0}, "missing_lines": [], "excluded_lines": []}, "TradingLoopAgent.__init__._normalize_pct": {"executed_lines": [45, 46], "summary": {"covered_lines": 2, "num_statements": 4, "percent_covered": 50.0, "percent_covered_display": "50", "missing_lines": 2, "excluded_lines": 0}, "missing_lines": [47, 48], "excluded_lines": []}, "TradingLoopAgent.run": {"executed_lines": [], "summary": {"covered_lines": 0, "num_statements": 17, "percent_covered": 0.0, "percent_covered_display": "0", "missing_lines": 17, "excluded_lines": 0}, "missing_lines": [80, 81, 82, 84, 85, 86, 87, 88, 90, 91, 92, 93, 94, 95, 96, 97, 98], "excluded_lines": []}, "TradingLoopAgent._transition_to": {"executed_lines": [102, 103, 104], "summary": {"covered_lines": 3, "num_statements": 3, "percent_covered": 100.0, "percent_covered_display": "100", "missing_lines": 0, "excluded_lines": 0}, "missing_lines": [], "excluded_lines": []}, "TradingLoopAgent.handle_idle_state": {"executed_lines": [110, 111, 113], "summary": {"covered_lines": 3, "num_statements": 3, "percent_covered": 100.0, "percent_covered_display": "100", "missing_lines": 0, "excluded_lines": 0}, "missing_lines": [], "excluded_lines": []}, "TradingLoopAgent.handle_perception_state": {"executed_lines": [119, 122, 123, 125, 127, 129, 137, 138, 141, 142, 157], "summary": {"covered_lines": 11, "num_statements": 21, "percent_covered": 52.38095238095238, "percent_covered_display": "52", "missing_lines": 10, "excluded_lines": 0}, "missing_lines": [130, 135, 136, 143, 144, 145, 147, 148, 149, 150], "excluded_lines": []}, "TradingLoopAgent.handle_reasoning_state": {"executed_lines": [], "summary": {"covered_lines": 0, "num_statements": 37, "percent_covered": 0.0, "percent_covered_display": "0", "missing_lines": 37, "excluded_lines": 0}, "missing_lines": [163, 165, 168, 169, 170, 171, 172, 173, 174, 176, 177, 179, 180, 181, 183, 184, 185, 186, 189, 190, 192, 193, 194, 195, 196, 198, 200, 202, 204, 205, 206, 207, 208, 210, 211, 217, 218], "excluded_lines": []}, "TradingLoopAgent.handle_risk_check_state": {"executed_lines": [], "summary": {"covered_lines": 0, "num_statements": 20, "percent_covered": 0.0, "percent_covered_display": "0", "missing_lines": 20, "excluded_lines": 0}, "missing_lines": [223, 225, 226, 227, 228, 230, 231, 234, 236, 237, 238, 239, 242, 243, 244, 246, 247, 248, 250, 251], "excluded_lines": []}, "TradingLoopAgent.handle_execution_state": {"executed_lines": [], "summary": {"covered_lines": 0, "num_statements": 21, "percent_covered": 0.0, "percent_covered_display": "0", "missing_lines": 21, "excluded_lines": 0}, "missing_lines": [257, 259, 260, 261, 262, 264, 265, 266, 268, 269, 270, 271, 272, 274, 275, 277, 278, 279, 280, 281, 284], "excluded_lines": []}, "TradingLoopAgent.handle_learning_state": {"executed_lines": [290, 292, 293, 296, 297, 305], "summary": {"covered_lines": 6, "num_statements": 12, "percent_covered": 50.0, "percent_covered_display": "50", "missing_lines": 6, "excluded_lines": 0}, "missing_lines": [294, 298, 299, 300, 301, 302], "excluded_lines": []}, "TradingLoopAgent._should_execute": {"executed_lines": [], "summary": {"covered_lines": 0, "num_statements": 14, "percent_covered": 0.0, "percent_covered_display": "0", "missing_lines": 14, "excluded_lines": 0}, "missing_lines": [309, 311, 312, 313, 314, 317, 318, 322, 324, 325, 327, 328, 330, 331], "excluded_lines": []}, "TradingLoopAgent.stop": {"executed_lines": [], "summary": {"covered_lines": 0, "num_statements": 2, "percent_covered": 0.0, "percent_covered_display": "0", "missing_lines": 2, "excluded_lines": 0}, "missing_lines": [335, 336], "excluded_lines": []}, "": {"executed_lines": [3, 4, 5, 6, 7, 8, 9, 10, 11, 13, 15, 16, 17, 18, 19, 20, 21, 22, 24, 25, 29, 76, 100, 106, 115, 159, 219, 253, 286, 307, 333], "summary": {"covered_lines": 29, "num_statements": 29, "percent_covered": 100.0, "percent_covered_display": "100", "missing_lines": 0, "excluded_lines": 0}, "missing_lines": [], "excluded_lines": []}}, "classes": {"AgentState": {"executed_lines": [], "summary": {"covered_lines": 0, "num_statements": 0, "percent_covered": 100.0, "percent_covered_display": "100", "missing_lines": 0, "excluded_lines": 0}, "missing_lines": [], "excluded_lines": []}, "TradingLoopAgent": {"executed_lines": [37, 38, 39, 40, 41, 44, 45, 46, 50, 57, 58, 59, 61, 62, 63, 64, 67, 102, 103, 104, 110, 111, 113, 119, 122, 123, 125, 127, 129, 137, 138, 141, 142, 157, 290, 292, 293, 296, 297, 305], "summary": {"covered_lines": 40, "num_statements": 169, "percent_covered": 23.668639053254438, "percent_covered_display": "24", "missing_lines": 129, "excluded_lines": 0}, "missing_lines": [47, 48, 80, 81, 82, 84, 85, 86, 87, 88, 90, 91, 92, 93, 94, 95, 96, 97, 98, 130, 135, 136, 143, 144, 145, 147, 148, 149, 150, 163, 165, 168, 169, 170, 171, 172, 173, 174, 176, 177, 179, 180, 181, 183, 184, 185, 186, 189, 190, 192, 193, 194, 195, 196, 198, 200, 202, 204, 205, 206, 207, 208, 210, 211, 217, 218, 223, 225, 226, 227, 228, 230, 231, 234, 236, 237, 238, 239, 242, 243, 244, 246, 247, 248, 250, 251, 257, 259, 260, 261, 262, 264, 265, 266, 268, 269, 270, 271, 272, 274, 275, 277, 278, 279, 280, 281, 284, 294, 298, 299, 300, 301, 302, 309, 311, 312, 313, 314, 317, 318, 322, 324, 325, 327, 328, 330, 331, 335, 336], "excluded_lines": []}, "": {"executed_lines": [3, 4, 5, 6, 7, 8, 9, 10, 11, 13, 15, 16, 17, 18, 19, 20, 21, 22, 24, 25, 29, 76, 100, 106, 115, 159, 219, 253, 286, 307, 333], "summary": {"covered_lines": 29, "num_statements": 29, "percent_covered": 100.0, "percent_covered_display": "100", "missing_lines": 0, "excluded_lines": 0}, "missing_lines": [], "excluded_lines": []}}}, "finance_feedback_engine/backtesting/__init__.py": {"executed_lines": [1, 10], "summary": {"covered_lines": 1, "num_statements": 1, "percent_covered": 100.0, "percent_covered_display": "100", "missing_lines": 0, "excluded_lines": 0}, "missing_lines": [], "excluded_lines": [], "functions": {"": {"executed_lines": [1, 10], "summary": {"covered_lines": 1, "num_statements": 1, "percent_covered": 100.0, "percent_covered_display": "100", "missing_lines": 0, "excluded_lines": 0}, "missing_lines": [], "excluded_lines": []}}, "classes": {"": {"executed_lines": [1, 10], "summary": {"covered_lines": 1, "num_statements": 1, "percent_covered": 100.0, "percent_covered_display": "100", "missing_lines": 0, "excluded_lines": 0}, "missing_lines": [], "excluded_lines": []}}}, "finance_feedback_engine/backtesting/advanced_backtester.py": {"executed_lines": [], "summary": {"covered_lines": 0, "num_statements": 95, "percent_covered": 0.0, "percent_covered_display": "0", "missing_lines": 95, "excluded_lines": 30}, "missing_lines": [1, 2, 3, 4, 5, 12, 14, 53, 60, 61, 62, 63, 64, 65, 66, 67, 69, 80, 81, 82, 83, 84, 87, 88, 89, 91, 93, 94, 95, 96, 97, 98, 99, 100, 102, 105, 106, 107, 109, 111, 122, 123, 126, 159, 160, 162, 165, 166, 167, 168, 171, 172, 173, 174, 180, 185, 187, 188, 190, 193, 194, 195, 198, 199, 200, 201, 203, 205, 208, 209, 210, 213, 214, 215, 216, 218, 224, 225, 227, 228, 229, 230, 232, 237, 248, 250, 266, 273, 274, 277, 278, 279, 280, 281, 282], "excluded_lines": [285, 286, 289, 290, 291, 292, 293, 294, 295, 296, 297, 298, 299, 300, 301, 303, 304, 306, 307, 308, 310, 311, 313, 314, 315, 317, 318, 319, 321, 322], "functions": {"AdvancedBacktester.__init__": {"executed_lines": [], "summary": {"covered_lines": 0, "num_statements": 8, "percent_covered": 0.0, "percent_covered_display": "0", "missing_lines": 8, "excluded_lines": 0}, "missing_lines": [60, 61, 62, 63, 64, 65, 66, 67], "excluded_lines": []}, "AdvancedBacktester._execute_trade": {"executed_lines": [], "summary": {"covered_lines": 0, "num_statements": 25, "percent_covered": 0.0, "percent_covered_display": "0", "missing_lines": 25, "excluded_lines": 0}, "missing_lines": [80, 81, 82, 83, 84, 87, 88, 89, 91, 93, 94, 95, 96, 97, 98, 99, 100, 102, 105, 106, 107, 109, 111, 122, 123], "excluded_lines": []}, "AdvancedBacktester.run_backtest": {"executed_lines": [], "summary": {"covered_lines": 0, "num_statements": 43, "percent_covered": 0.0, "percent_covered_display": "0", "missing_lines": 43, "excluded_lines": 0}, "missing_lines": [159, 160, 162, 165, 166, 167, 168, 171, 172, 173, 174, 180, 185, 187, 188, 190, 193, 194, 195, 198, 199, 200, 201, 203, 205, 208, 209, 210, 213, 214, 215, 216, 218, 224, 225, 227, 228, 229, 230, 232, 237, 248, 250], "excluded_lines": []}, "simple_moving_average_crossover": {"executed_lines": [], "summary": {"covered_lines": 0, "num_statements": 8, "percent_covered": 0.0, "percent_covered_display": "0", "missing_lines": 8, "excluded_lines": 0}, "missing_lines": [273, 274, 277, 278, 279, 280, 281, 282], "excluded_lines": []}, "DummyHistoricalDataProvider.get_historical_data": {"executed_lines": [], "summary": {"covered_lines": 0, "num_statements": 0, "percent_covered": 100.0, "percent_covered_display": "100", "missing_lines": 0, "excluded_lines": 11}, "missing_lines": [], "excluded_lines": [291, 292, 293, 294, 295, 296, 297, 298, 299, 300, 301]}, "": {"executed_lines": [], "summary": {"covered_lines": 0, "num_statements": 11, "percent_covered": 0.0, "percent_covered_display": "0", "missing_lines": 11, "excluded_lines": 19}, "missing_lines": [1, 2, 3, 4, 5, 12, 14, 53, 69, 126, 266], "excluded_lines": [285, 286, 289, 290, 303, 304, 306, 307, 308, 310, 311, 313, 314, 315, 317, 318, 319, 321, 322]}}, "classes": {"AdvancedBacktester": {"executed_lines": [], "summary": {"covered_lines": 0, "num_statements": 76, "percent_covered": 0.0, "percent_covered_display": "0", "missing_lines": 76, "excluded_lines": 0}, "missing_lines": [60, 61, 62, 63, 64, 65, 66, 67, 80, 81, 82, 83, 84, 87, 88, 89, 91, 93, 94, 95, 96, 97, 98, 99, 100, 102, 105, 106, 107, 109, 111, 122, 123, 159, 160, 162, 165, 166, 167, 168, 171, 172, 173, 174, 180, 185, 187, 188, 190, 193, 194, 195, 198, 199, 200, 201, 203, 205, 208, 209, 210, 213, 214, 215, 216, 218, 224, 225, 227, 228, 229, 230, 232, 237, 248, 250], "excluded_lines": []}, "DummyHistoricalDataProvider": {"executed_lines": [], "summary": {"covered_lines": 0, "num_statements": 0, "percent_covered": 100.0, "percent_covered_display": "100", "missing_lines": 0, "excluded_lines": 11}, "missing_lines": [], "excluded_lines": [291, 292, 293, 294, 295, 296, 297, 298, 299, 300, 301]}, "": {"executed_lines": [], "summary": {"covered_lines": 0, "num_statements": 19, "percent_covered": 0.0, "percent_covered_display": "0", "missing_lines": 19, "excluded_lines": 19}, "missing_lines": [1, 2, 3, 4, 5, 12, 14, 53, 69, 126, 266, 273, 274, 277, 278, 279, 280, 281, 282], "excluded_lines": [285, 286, 289, 290, 303, 304, 306, 307, 308, 310, 311, 313, 314, 315, 317, 318, 319, 321, 322]}}}, "finance_feedback_engine/backtesting/backtester.py": {"executed_lines": [1, 20, 22, 23, 24, 25, 26, 27, 29, 32, 33, 34, 41, 42, 43, 44, 45, 46, 47, 50, 51, 60, 65, 66, 67, 68, 69, 70, 71, 72, 75, 87, 88, 89, 92, 93, 94, 99, 104, 110, 111, 112, 121, 138, 139, 140, 164, 165, 166, 167, 168, 169, 171, 172, 173, 175, 183, 184, 185, 186, 187, 189, 190, 193, 198, 214, 240, 241, 242, 243, 246, 251, 256, 257, 262, 265, 266, 268, 290, 298, 300, 301, 302, 303, 304, 306, 308, 310, 311, 312, 313, 314, 315, 317, 318, 319, 320, 323, 326, 335, 336, 337, 342, 453, 454, 455, 456, 457, 459, 460, 462, 465], "summary": {"covered_lines": 110, "num_statements": 192, "percent_covered": 57.291666666666664, "percent_covered_display": "57", "missing_lines": 82, "excluded_lines": 0}, "missing_lines": [35, 36, 90, 95, 113, 115, 118, 119, 122, 123, 124, 125, 126, 135, 136, 137, 141, 142, 176, 200, 201, 202, 205, 206, 207, 219, 221, 222, 223, 224, 225, 226, 227, 235, 236, 237, 247, 248, 249, 309, 349, 350, 351, 352, 354, 357, 358, 364, 365, 366, 367, 368, 369, 370, 371, 372, 373, 374, 381, 382, 383, 384, 385, 386, 388, 389, 391, 392, 393, 396, 397, 398, 399, 400, 401, 403, 409, 412, 415, 421, 458, 461], "excluded_lines": [], "functions": {"_parse_date": {"executed_lines": [33, 34], "summary": {"covered_lines": 2, "num_statements": 4, "percent_covered": 50.0, "percent_covered_display": "50", "missing_lines": 2, "excluded_lines": 0}, "missing_lines": [35, 36], "excluded_lines": []}, "Backtester.__init__": {"executed_lines": [65, 66, 67, 68, 69, 70, 71, 72], "summary": {"covered_lines": 8, "num_statements": 8, "percent_covered": 100.0, "percent_covered_display": "100", "missing_lines": 0, "excluded_lines": 0}, "missing_lines": [], "excluded_lines": []}, "Backtester.run": {"executed_lines": [87, 88, 89, 92, 93, 94, 99, 104, 110, 111, 112, 121, 138, 139, 140, 164, 165, 166, 167, 168, 169, 171, 172, 173, 175, 183, 184, 185, 186, 187, 189, 190, 193, 198, 214, 240, 241, 242, 243, 246, 251, 256, 257, 262, 265, 266, 268], "summary": {"covered_lines": 47, "num_statements": 84, "percent_covered": 55.95238095238095, "percent_covered_display": "56", "missing_lines": 37, "excluded_lines": 0}, "missing_lines": [90, 95, 113, 115, 118, 119, 122, 123, 124, 125, 126, 135, 136, 137, 141, 142, 176, 200, 201, 202, 205, 206, 207, 219, 221, 222, 223, 224, 225, 226, 227, 235, 236, 237, 247, 248, 249], "excluded_lines": []}, "Backtester._generate_candles": {"executed_lines": [298, 300, 301, 302, 303, 304, 306, 308, 310, 311, 312, 313, 314, 315, 317, 318, 319, 320, 323, 326, 335, 336, 337], "summary": {"covered_lines": 23, "num_statements": 24, "percent_covered": 95.83333333333333, "percent_covered_display": "96", "missing_lines": 1, "excluded_lines": 0}, "missing_lines": [309], "excluded_lines": []}, "Backtester._run_ensemble_weight_rl": {"executed_lines": [], "summary": {"covered_lines": 0, "num_statements": 40, "percent_covered": 0.0, "percent_covered_display": "0", "missing_lines": 40, "excluded_lines": 0}, "missing_lines": [349, 350, 351, 352, 354, 357, 358, 364, 365, 366, 367, 368, 369, 370, 371, 372, 373, 374, 381, 382, 383, 384, 385, 386, 388, 389, 391, 392, 393, 396, 397, 398, 399, 400, 401, 403, 409, 412, 415, 421], "excluded_lines": []}, "Backtester._compute_max_drawdown": {"executed_lines": [454, 455, 456, 457, 459, 460, 462], "summary": {"covered_lines": 7, "num_statements": 9, "percent_covered": 77.77777777777777, "percent_covered_display": "78", "missing_lines": 2, "excluded_lines": 0}, "missing_lines": [458, 461], "excluded_lines": []}, "": {"executed_lines": [1, 20, 22, 23, 24, 25, 26, 27, 29, 32, 41, 42, 43, 44, 45, 46, 47, 50, 51, 60, 75, 290, 342, 453, 465], "summary": {"covered_lines": 23, "num_statements": 23, "percent_covered": 100.0, "percent_covered_display": "100", "missing_lines": 0, "excluded_lines": 0}, "missing_lines": [], "excluded_lines": []}}, "classes": {"Candle": {"executed_lines": [], "summary": {"covered_lines": 0, "num_statements": 0, "percent_covered": 100.0, "percent_covered_display": "100", "missing_lines": 0, "excluded_lines": 0}, "missing_lines": [], "excluded_lines": []}, "Backtester": {"executed_lines": [65, 66, 67, 68, 69, 70, 71, 72, 87, 88, 89, 92, 93, 94, 99, 104, 110, 111, 112, 121, 138, 139, 140, 164, 165, 166, 167, 168, 169, 171, 172, 173, 175, 183, 184, 185, 186, 187, 189, 190, 193, 198, 214, 240, 241, 242, 243, 246, 251, 256, 257, 262, 265, 266, 268, 298, 300, 301, 302, 303, 304, 306, 308, 310, 311, 312, 313, 314, 315, 317, 318, 319, 320, 323, 326, 335, 336, 337, 454, 455, 456, 457, 459, 460, 462], "summary": {"covered_lines": 85, "num_statements": 165, "percent_covered": 51.515151515151516, "percent_covered_display": "52", "missing_lines": 80, "excluded_lines": 0}, "missing_lines": [90, 95, 113, 115, 118, 119, 122, 123, 124, 125, 126, 135, 136, 137, 141, 142, 176, 200, 201, 202, 205, 206, 207, 219, 221, 222, 223, 224, 225, 226, 227, 235, 236, 237, 247, 248, 249, 309, 349, 350, 351, 352, 354, 357, 358, 364, 365, 366, 367, 368, 369, 370, 371, 372, 373, 374, 381, 382, 383, 384, 385, 386, 388, 389, 391, 392, 393, 396, 397, 398, 399, 400, 401, 403, 409, 412, 415, 421, 458, 461], "excluded_lines": []}, "": {"executed_lines": [1, 20, 22, 23, 24, 25, 26, 27, 29, 32, 33, 34, 41, 42, 43, 44, 45, 46, 47, 50, 51, 60, 75, 290, 342, 453, 465], "summary": {"covered_lines": 25, "num_statements": 27, "percent_covered": 92.5925925925926, "percent_covered_display": "93", "missing_lines": 2, "excluded_lines": 0}, "missing_lines": [35, 36], "excluded_lines": []}}}, "finance_feedback_engine/cli/__init__.py": {"executed_lines": [1, 3, 5], "summary": {"covered_lines": 2, "num_statements": 2, "percent_covered": 100.0, "percent_covered_display": "100", "missing_lines": 0, "excluded_lines": 0}, "missing_lines": [], "excluded_lines": [], "functions": {"": {"executed_lines": [1, 3, 5], "summary": {"covered_lines": 2, "num_statements": 2, "percent_covered": 100.0, "percent_covered_display": "100", "missing_lines": 0, "excluded_lines": 0}, "missing_lines": [], "excluded_lines": []}}, "classes": {"": {"executed_lines": [1, 3, 5], "summary": {"covered_lines": 2, "num_statements": 2, "percent_covered": 100.0, "percent_covered_display": "100", "missing_lines": 0, "excluded_lines": 0}, "missing_lines": [], "excluded_lines": []}}}, "finance_feedback_engine/cli/interactive.py": {"executed_lines": [2, 3, 4, 6, 9, 21, 32], "summary": {"covered_lines": 7, "num_statements": 91, "percent_covered": 7.6923076923076925, "percent_covered_display": "8", "missing_lines": 84, "excluded_lines": 0}, "missing_lines": [11, 12, 14, 15, 16, 17, 18, 23, 24, 25, 26, 27, 28, 29, 30, 34, 35, 36, 37, 38, 41, 42, 45, 46, 47, 48, 49, 50, 52, 54, 56, 57, 58, 60, 61, 64, 66, 67, 68, 69, 71, 72, 74, 75, 76, 79, 80, 81, 84, 85, 86, 89, 90, 91, 92, 93, 95, 97, 98, 101, 102, 103, 105, 107, 108, 109, 110, 111, 112, 113, 114, 115, 116, 118, 119, 120, 121, 123, 124, 126, 127, 128, 129, 130], "excluded_lines": [], "functions": {"_build_command_index": {"executed_lines": [], "summary": {"covered_lines": 0, "num_statements": 7, "percent_covered": 0.0, "percent_covered_display": "0", "missing_lines": 7, "excluded_lines": 0}, "missing_lines": [11, 12, 14, 15, 16, 17, 18], "excluded_lines": []}, "_show_menu": {"executed_lines": [], "summary": {"covered_lines": 0, "num_statements": 8, "percent_covered": 0.0, "percent_covered_display": "0", "missing_lines": 8, "excluded_lines": 0}, "missing_lines": [23, 24, 25, 26, 27, 28, 29, 30], "excluded_lines": []}, "start_interactive_session": {"executed_lines": [], "summary": {"covered_lines": 0, "num_statements": 69, "percent_covered": 0.0, "percent_covered_display": "0", "missing_lines": 69, "excluded_lines": 0}, "missing_lines": [34, 35, 36, 37, 38, 41, 42, 45, 46, 47, 48, 49, 50, 52, 54, 56, 57, 58, 60, 61, 64, 66, 67, 68, 69, 71, 72, 74, 75, 76, 79, 80, 81, 84, 85, 86, 89, 90, 91, 92, 93, 95, 97, 98, 101, 102, 103, 105, 107, 108, 109, 110, 111, 112, 113, 114, 115, 116, 118, 119, 120, 121, 123, 124, 126, 127, 128, 129, 130], "excluded_lines": []}, "": {"executed_lines": [2, 3, 4, 6, 9, 21, 32], "summary": {"covered_lines": 7, "num_statements": 7, "percent_covered": 100.0, "percent_covered_display": "100", "missing_lines": 0, "excluded_lines": 0}, "missing_lines": [], "excluded_lines": []}}, "classes": {"": {"executed_lines": [2, 3, 4, 6, 9, 21, 32], "summary": {"covered_lines": 7, "num_statements": 91, "percent_covered": 7.6923076923076925, "percent_covered_display": "8", "missing_lines": 84, "excluded_lines": 0}, "missing_lines": [11, 12, 14, 15, 16, 17, 18, 23, 24, 25, 26, 27, 28, 29, 30, 34, 35, 36, 37, 38, 41, 42, 45, 46, 47, 48, 49, 50, 52, 54, 56, 57, 58, 60, 61, 64, 66, 67, 68, 69, 71, 72, 74, 75, 76, 79, 80, 81, 84, 85, 86, 89, 90, 91, 92, 93, 95, 97, 98, 101, 102, 103, 105, 107, 108, 109, 110, 111, 112, 113, 114, 115, 116, 118, 119, 120, 121, 123, 124, 126, 127, 128, 129, 130], "excluded_lines": []}}}, "finance_feedback_engine/cli/main.py": {"executed_lines": [1, 3, 4, 5, 6, 7, 8, 9, 10, 11, 12, 13, 14, 15, 18, 19, 20, 26, 29, 74, 76, 77, 83, 84, 97, 102, 103, 104, 106, 107, 109, 110, 112, 113, 115, 118, 121, 123, 125, 128, 138, 147, 150, 151, 153, 154, 163, 166, 173, 176, 186, 191, 192, 193, 195, 196, 198, 201, 208, 209, 211, 212, 216, 218, 219, 220, 221, 222, 225, 226, 227, 228, 229, 231, 234, 248, 249, 250, 263, 266, 272, 274, 279, 280, 281, 282, 287, 302, 304, 305, 306, 307, 308, 309, 312, 314, 315, 316, 317, 320, 321, 327, 328, 331, 332, 334, 337, 339, 341, 344, 347, 350, 351, 355, 358, 445, 451, 452, 458, 459, 465, 466, 468, 469, 470, 471, 478, 479, 480, 481, 489, 491, 492, 496, 497, 498, 499, 505, 508, 510, 511, 512, 518, 519, 521, 522, 523, 526, 527, 528, 530, 531, 532, 538, 540, 546, 551, 560, 561, 562, 568, 569, 575, 576, 577, 578, 579, 582, 583, 586, 587, 594, 595, 596, 598, 599, 600, 601, 604, 605, 610, 611, 613, 614, 616, 618, 619, 620, 623, 624, 625, 626, 627, 629, 630, 631, 633, 635, 636, 637, 639, 641, 642, 644, 783, 784, 785, 793, 794, 796, 798, 800, 802, 805, 806, 808, 810, 811, 819, 820, 861, 863, 866, 867, 870, 873, 927, 928, 929, 930, 931, 932, 933, 934, 937, 938, 945, 949, 950, 951, 954, 958, 961, 966, 970, 971, 981, 983, 987, 988, 997, 1003, 1010, 1024, 1033, 1071, 1072, 1073, 1076, 1077, 1078, 1080, 1081, 1082, 1084, 1087, 1088, 1089, 1091, 1092, 1094, 1096, 1097, 1098, 1101, 1102, 1103, 1105, 1106, 1107, 1111, 1114, 1116, 1117, 1119, 1122, 1123, 1124, 1125, 1126, 1127, 1128, 1129, 1130, 1131, 1132, 1134, 1141, 1142, 1143, 1144, 1145, 1147, 1148, 1149, 1151, 1153, 1155, 1156, 1157, 1158, 1162, 1167, 1168, 1169, 1170, 1171, 1172, 1173, 1175, 1176, 1177, 1178, 1180, 1189, 1196, 1197, 1198, 1199, 1201, 1202, 1203, 1206, 1207, 1210, 1211, 1213, 1214, 1215, 1216, 1221, 1223, 1231, 1232, 1233, 1234, 1235, 1236, 1237, 1238, 1239, 1241, 1243, 1244, 1245, 1247, 1256, 1257, 1260, 1261, 1262, 1266, 1270, 1271, 1272, 1273, 1274, 1277, 1290, 1294, 1296, 1297, 1305, 1306, 1308, 1309, 1310, 1313, 1314, 1315, 1317, 1318, 1320, 1321, 1324, 1327, 1332, 1333, 1338, 1339, 1340, 1345, 1347, 1348, 1350, 1351, 1354, 1355, 1358, 1359, 1364, 1365, 1367, 1368, 1369, 1372, 1374, 1375, 1377, 1378, 1413, 1414, 1415, 1416, 1417, 1423, 1428, 1429, 1430, 1435, 1436, 1441, 1442, 1456, 1457, 1458, 1459, 1461, 1464, 1466, 1470, 1551, 1552, 1553, 1556, 1557, 1558, 1560, 1561, 1562, 1563, 1564, 1567, 1568, 1569, 1571, 1572, 1573, 1576, 1579, 1580, 1581, 1583, 1584, 1585, 1589, 1592, 1593, 1594, 1596, 1597, 1598, 1601, 1602, 1603, 1604, 1605, 1614, 1616, 1621, 1622, 1623, 1624, 1625, 1626, 1630, 1635, 1636, 1638, 1639, 1640, 1643, 1644, 1645, 1646, 1648, 1649, 1651, 1652, 1655, 1657, 1658, 1659, 1660, 1661, 1662, 1665, 1671, 1672, 1673, 1674, 1675, 1676, 1678, 1679, 1681, 1689, 1698, 1699, 1704, 1705, 1707, 1708, 1710, 1711, 1713, 1716, 1717, 1718, 1719, 1767, 1769, 1770, 1771, 1773, 1774, 1776, 1784, 1785, 1787, 1788, 1792, 1793, 1794, 1797, 1805, 1806, 1828, 1887, 1888, 1893, 1900, 1907, 1912, 1917, 1918, 1920, 1922, 1925, 1928, 1931, 1935, 1939, 1941, 1942, 1943, 1944, 1946, 1947, 1970, 1971, 1972, 1975, 1978], "summary": {"covered_lines": 562, "num_statements": 1026, "percent_covered": 54.77582846003899, "percent_covered_display": "55", "missing_lines": 464, "excluded_lines": 2}, "missing_lines": [34, 35, 36, 38, 39, 40, 42, 43, 46, 47, 48, 51, 52, 53, 54, 55, 56, 57, 58, 63, 67, 68, 69, 70, 71, 89, 90, 94, 148, 157, 158, 178, 179, 180, 182, 183, 252, 253, 255, 256, 258, 259, 261, 275, 283, 288, 289, 290, 291, 295, 297, 359, 360, 361, 362, 367, 374, 375, 376, 377, 378, 379, 380, 388, 389, 390, 391, 394, 395, 396, 397, 399, 400, 402, 404, 413, 414, 415, 417, 418, 420, 421, 423, 424, 425, 426, 431, 432, 436, 438, 442, 443, 446, 447, 472, 473, 482, 483, 507, 524, 547, 548, 549, 550, 552, 553, 554, 555, 563, 632, 638, 777, 779, 780, 807, 815, 821, 823, 824, 825, 828, 829, 830, 831, 832, 834, 835, 838, 839, 840, 841, 843, 845, 846, 848, 849, 852, 853, 854, 855, 857, 859, 868, 874, 875, 876, 877, 880, 883, 884, 885, 887, 899, 900, 901, 902, 903, 904, 905, 906, 907, 909, 911, 912, 913, 915, 916, 920, 921, 924, 967, 972, 973, 974, 975, 976, 977, 978, 979, 980, 982, 984, 989, 990, 991, 995, 998, 1004, 1005, 1006, 1007, 1011, 1012, 1013, 1017, 1018, 1019, 1020, 1021, 1025, 1026, 1027, 1028, 1034, 1035, 1036, 1039, 1040, 1043, 1044, 1045, 1050, 1051, 1052, 1053, 1054, 1055, 1058, 1059, 1060, 1066, 1067, 1068, 1069, 1136, 1137, 1138, 1159, 1160, 1163, 1164, 1191, 1192, 1193, 1217, 1218, 1224, 1228, 1267, 1268, 1279, 1284, 1285, 1301, 1342, 1343, 1344, 1346, 1380, 1386, 1387, 1388, 1392, 1396, 1398, 1399, 1400, 1403, 1404, 1408, 1409, 1410, 1460, 1462, 1463, 1482, 1483, 1485, 1486, 1487, 1489, 1490, 1491, 1492, 1493, 1494, 1495, 1496, 1497, 1498, 1499, 1500, 1501, 1502, 1503, 1504, 1505, 1506, 1507, 1508, 1509, 1511, 1512, 1515, 1517, 1518, 1519, 1520, 1521, 1522, 1523, 1524, 1525, 1526, 1534, 1537, 1538, 1539, 1540, 1541, 1542, 1543, 1544, 1545, 1549, 1574, 1586, 1599, 1606, 1609, 1612, 1617, 1618, 1627, 1628, 1631, 1632, 1690, 1691, 1692, 1693, 1694, 1720, 1722, 1724, 1725, 1726, 1727, 1729, 1730, 1732, 1735, 1736, 1738, 1739, 1740, 1741, 1742, 1743, 1744, 1745, 1747, 1748, 1750, 1751, 1752, 1754, 1756, 1757, 1758, 1759, 1760, 1761, 1762, 1763, 1764, 1777, 1778, 1779, 1780, 1781, 1782, 1798, 1799, 1800, 1801, 1802, 1803, 1808, 1809, 1810, 1812, 1817, 1819, 1826, 1830, 1831, 1832, 1833, 1835, 1836, 1837, 1839, 1840, 1841, 1842, 1843, 1844, 1845, 1846, 1847, 1848, 1849, 1851, 1852, 1853, 1854, 1855, 1856, 1857, 1858, 1859, 1860, 1861, 1862, 1863, 1864, 1865, 1867, 1868, 1869, 1870, 1871, 1872, 1873, 1874, 1875, 1876, 1877, 1878, 1879, 1880, 1882, 1883, 1884, 1885, 1923, 1924, 1926, 1927, 1929, 1930, 1932, 1933, 1936, 1937, 1949, 1950, 1952, 1953, 1955, 1956, 1957, 1958, 1959, 1961, 1962, 1963, 1964, 1965, 1967, 1968, 1973, 1974], "excluded_lines": [1978, 1979], "functions": {"_parse_requirements_file": {"executed_lines": [], "summary": {"covered_lines": 0, "num_statements": 25, "percent_covered": 0.0, "percent_covered_display": "0", "missing_lines": 25, "excluded_lines": 0}, "missing_lines": [34, 35, 36, 38, 39, 40, 42, 43, 46, 47, 48, 51, 52, 53, 54, 55, 56, 57, 58, 63, 67, 68, 69, 70, 71], "excluded_lines": []}, "_get_installed_packages": {"executed_lines": [76, 77, 83, 84], "summary": {"covered_lines": 4, "num_statements": 7, "percent_covered": 57.142857142857146, "percent_covered_display": "57", "missing_lines": 3, "excluded_lines": 0}, "missing_lines": [89, 90, 94], "excluded_lines": []}, "_check_dependencies": {"executed_lines": [102, 103, 104, 106, 107, 109, 110, 112, 113, 115, 118, 121, 123, 125], "summary": {"covered_lines": 14, "num_statements": 14, "percent_covered": 100.0, "percent_covered_display": "100", "missing_lines": 0, "excluded_lines": 0}, "missing_lines": [], "excluded_lines": []}, "setup_logging": {"executed_lines": [138, 147, 150, 151, 153, 154, 163, 166, 173], "summary": {"covered_lines": 9, "num_statements": 12, "percent_covered": 75.0, "percent_covered_display": "75", "missing_lines": 3, "excluded_lines": 0}, "missing_lines": [148, 157, 158], "excluded_lines": []}, "_deep_merge_dicts": {"executed_lines": [], "summary": {"covered_lines": 0, "num_statements": 5, "percent_covered": 0.0, "percent_covered_display": "0", "missing_lines": 5, "excluded_lines": 0}, "missing_lines": [178, 179, 180, 182, 183], "excluded_lines": []}, "_deep_fill_missing": {"executed_lines": [191, 192, 193, 195, 196, 198], "summary": {"covered_lines": 6, "num_statements": 6, "percent_covered": 100.0, "percent_covered_display": "100", "missing_lines": 0, "excluded_lines": 0}, "missing_lines": [], "excluded_lines": []}, "load_tiered_config": {"executed_lines": [208, 209, 211, 212, 216, 218, 219, 220, 221, 222, 225, 226, 227, 228, 229, 231, 234, 248, 249, 250, 263], "summary": {"covered_lines": 21, "num_statements": 28, "percent_covered": 75.0, "percent_covered_display": "75", "missing_lines": 7, "excluded_lines": 0}, "missing_lines": [252, 253, 255, 256, 258, 259, 261], "excluded_lines": []}, "load_config": {"executed_lines": [272, 274, 279, 280, 281, 282, 287], "summary": {"covered_lines": 7, "num_statements": 15, "percent_covered": 46.666666666666664, "percent_covered_display": "47", "missing_lines": 8, "excluded_lines": 0}, "missing_lines": [275, 283, 288, 289, 290, 291, 295, 297], "excluded_lines": []}, "_get_nested": {"executed_lines": [304, 305, 306, 307, 308, 309], "summary": {"covered_lines": 6, "num_statements": 6, "percent_covered": 100.0, "percent_covered_display": "100", "missing_lines": 0, "excluded_lines": 0}, "missing_lines": [], "excluded_lines": []}, "_set_nested": {"executed_lines": [314, 315, 316, 317], "summary": {"covered_lines": 4, "num_statements": 4, "percent_covered": 100.0, "percent_covered_display": "100", "missing_lines": 0, "excluded_lines": 0}, "missing_lines": [], "excluded_lines": []}, "cli": {"executed_lines": [334, 337, 339, 341, 344, 347, 350, 351, 355, 358, 445], "summary": {"covered_lines": 11, "num_statements": 54, "percent_covered": 20.37037037037037, "percent_covered_display": "20", "missing_lines": 43, "excluded_lines": 0}, "missing_lines": [359, 360, 361, 362, 367, 374, 375, 376, 377, 378, 379, 380, 388, 389, 390, 391, 394, 395, 396, 397, 399, 400, 402, 404, 413, 414, 415, 417, 418, 420, 421, 423, 424, 425, 426, 431, 432, 436, 438, 442, 443, 446, 447], "excluded_lines": []}, "config_editor": {"executed_lines": [465, 466, 468, 469, 470, 471, 478, 479, 480, 481, 489, 491, 496, 510, 521, 530, 531, 532, 538, 540, 546, 551, 560, 561, 562, 568, 569, 575, 576, 577, 578, 579, 582, 583, 586, 587, 594, 595, 596, 598, 599, 600, 601], "summary": {"covered_lines": 43, "num_statements": 56, "percent_covered": 76.78571428571429, "percent_covered_display": "77", "missing_lines": 13, "excluded_lines": 0}, "missing_lines": [472, 473, 482, 483, 547, 548, 549, 550, 552, 553, 554, 555, 563], "excluded_lines": []}, "config_editor.current": {"executed_lines": [492], "summary": {"covered_lines": 1, "num_statements": 1, "percent_covered": 100.0, "percent_covered_display": "100", "missing_lines": 0, "excluded_lines": 0}, "missing_lines": [], "excluded_lines": []}, "config_editor.prompt_text": {"executed_lines": [497, 498, 499, 505, 508], "summary": {"covered_lines": 5, "num_statements": 6, "percent_covered": 83.33333333333333, "percent_covered_display": "83", "missing_lines": 1, "excluded_lines": 0}, "missing_lines": [507], "excluded_lines": []}, "config_editor.prompt_choice": {"executed_lines": [511, 512, 518, 519], "summary": {"covered_lines": 4, "num_statements": 4, "percent_covered": 100.0, "percent_covered_display": "100", "missing_lines": 0, "excluded_lines": 0}, "missing_lines": [], "excluded_lines": []}, "config_editor.prompt_bool": {"executed_lines": [522, 523, 526, 527, 528], "summary": {"covered_lines": 5, "num_statements": 6, "percent_covered": 83.33333333333333, "percent_covered_display": "83", "missing_lines": 1, "excluded_lines": 0}, "missing_lines": [524], "excluded_lines": []}, "install_deps": {"executed_lines": [613, 614, 616, 618, 619, 620, 623, 624, 625, 626, 627, 629, 630, 631, 633, 635, 636, 637, 639, 641, 642, 644], "summary": {"covered_lines": 22, "num_statements": 27, "percent_covered": 81.48148148148148, "percent_covered_display": "81", "missing_lines": 5, "excluded_lines": 0}, "missing_lines": [632, 638, 777, 779, 780], "excluded_lines": []}, "analyze": {"executed_lines": [796, 798, 800, 802, 805, 806, 808, 810, 811, 819, 820, 861, 863, 866, 867, 870, 873, 927, 928, 929, 930, 931, 932, 933, 934, 937, 938, 945, 949, 950, 951, 954, 958, 961, 966, 970, 971, 981, 983, 987, 988, 997, 1003, 1010, 1024, 1033, 1071, 1072, 1073], "summary": {"covered_lines": 49, "num_statements": 159, "percent_covered": 30.81761006289308, "percent_covered_display": "31", "missing_lines": 110, "excluded_lines": 0}, "missing_lines": [807, 815, 821, 823, 824, 825, 828, 829, 830, 831, 832, 834, 835, 838, 839, 840, 841, 843, 845, 846, 848, 849, 852, 853, 854, 855, 857, 859, 868, 874, 875, 876, 877, 880, 883, 884, 885, 887, 899, 900, 901, 902, 903, 904, 905, 906, 907, 909, 911, 912, 913, 915, 916, 920, 921, 924, 967, 972, 973, 974, 975, 976, 977, 978, 979, 980, 982, 984, 989, 990, 991, 995, 998, 1004, 1005, 1006, 1007, 1011, 1012, 1013, 1017, 1018, 1019, 1020, 1021, 1025, 1026, 1027, 1028, 1034, 1035, 1036, 1039, 1040, 1043, 1044, 1045, 1050, 1051, 1052, 1053, 1054, 1055, 1058, 1059, 1060, 1066, 1067, 1068, 1069], "excluded_lines": []}, "balance": {"executed_lines": [1080, 1081, 1082, 1084, 1087, 1088, 1089, 1091, 1092, 1094, 1096, 1097, 1098], "summary": {"covered_lines": 13, "num_statements": 13, "percent_covered": 100.0, "percent_covered_display": "100", "missing_lines": 0, "excluded_lines": 0}, "missing_lines": [], "excluded_lines": []}, "dashboard": {"executed_lines": [1105, 1106, 1107, 1111, 1114, 1116, 1117, 1119, 1122, 1123, 1124, 1125, 1126, 1127, 1128, 1129, 1130, 1131, 1132, 1134], "summary": {"covered_lines": 20, "num_statements": 23, "percent_covered": 86.95652173913044, "percent_covered_display": "87", "missing_lines": 3, "excluded_lines": 0}, "missing_lines": [1136, 1137, 1138], "excluded_lines": []}, "history": {"executed_lines": [1147, 1148, 1149, 1151, 1153, 1155, 1156, 1157, 1158, 1162, 1167, 1168, 1169, 1170, 1171, 1172, 1173, 1175, 1176, 1177, 1178, 1180, 1189], "summary": {"covered_lines": 23, "num_statements": 30, "percent_covered": 76.66666666666667, "percent_covered_display": "77", "missing_lines": 7, "excluded_lines": 0}, "missing_lines": [1159, 1160, 1163, 1164, 1191, 1192, 1193], "excluded_lines": []}, "execute": {"executed_lines": [1201, 1202, 1203, 1206, 1207, 1210, 1211, 1213, 1214, 1215, 1216, 1221, 1223, 1231, 1232, 1233, 1234, 1235, 1236, 1237, 1238, 1239, 1241, 1243, 1244, 1245, 1247, 1256, 1257, 1260, 1261, 1262, 1266, 1270, 1271, 1272, 1273, 1274, 1277, 1290, 1294, 1296, 1297, 1305, 1306, 1308, 1309, 1310], "summary": {"covered_lines": 48, "num_statements": 58, "percent_covered": 82.75862068965517, "percent_covered_display": "83", "missing_lines": 10, "excluded_lines": 0}, "missing_lines": [1217, 1218, 1224, 1228, 1267, 1268, 1279, 1284, 1285, 1301], "excluded_lines": []}, "status": {"executed_lines": [1317, 1318, 1320, 1321, 1324, 1327, 1332, 1333, 1338, 1339, 1340, 1345, 1347, 1348, 1350, 1351, 1354, 1355], "summary": {"covered_lines": 18, "num_statements": 22, "percent_covered": 81.81818181818181, "percent_covered_display": "82", "missing_lines": 4, "excluded_lines": 0}, "missing_lines": [1342, 1343, 1344, 1346], "excluded_lines": []}, "wipe_decisions": {"executed_lines": [1367, 1368, 1369, 1372, 1374, 1375, 1377, 1378], "summary": {"covered_lines": 8, "num_statements": 22, "percent_covered": 36.36363636363637, "percent_covered_display": "36", "missing_lines": 14, "excluded_lines": 0}, "missing_lines": [1380, 1386, 1387, 1388, 1392, 1396, 1398, 1399, 1400, 1403, 1404, 1408, 1409, 1410], "excluded_lines": []}, "backtest": {"executed_lines": [1456, 1457, 1458, 1459, 1461, 1464, 1466, 1470, 1551, 1552, 1553], "summary": {"covered_lines": 11, "num_statements": 64, "percent_covered": 17.1875, "percent_covered_display": "17", "missing_lines": 53, "excluded_lines": 0}, "missing_lines": [1460, 1462, 1463, 1482, 1483, 1485, 1486, 1487, 1489, 1490, 1491, 1492, 1493, 1494, 1495, 1496, 1497, 1498, 1499, 1500, 1501, 1502, 1503, 1504, 1505, 1506, 1507, 1508, 1509, 1511, 1512, 1515, 1517, 1518, 1519, 1520, 1521, 1522, 1523, 1524, 1525, 1526, 1534, 1537, 1538, 1539, 1540, 1541, 1542, 1543, 1544, 1545, 1549], "excluded_lines": []}, "monitor": {"executed_lines": [1560, 1561, 1562, 1563, 1564], "summary": {"covered_lines": 5, "num_statements": 5, "percent_covered": 100.0, "percent_covered_display": "100", "missing_lines": 0, "excluded_lines": 0}, "missing_lines": [], "excluded_lines": []}, "start": {"executed_lines": [1571, 1572, 1573, 1576], "summary": {"covered_lines": 4, "num_statements": 5, "percent_covered": 80.0, "percent_covered_display": "80", "missing_lines": 1, "excluded_lines": 0}, "missing_lines": [1574], "excluded_lines": []}, "monitor_status": {"executed_lines": [1583, 1584, 1585, 1589], "summary": {"covered_lines": 4, "num_statements": 5, "percent_covered": 80.0, "percent_covered_display": "80", "missing_lines": 1, "excluded_lines": 0}, "missing_lines": [1586], "excluded_lines": []}, "metrics": {"executed_lines": [1596, 1597, 1598, 1601, 1602, 1603, 1604, 1605, 1614, 1616, 1621, 1622, 1623, 1624, 1625, 1626, 1630, 1635, 1636, 1638, 1639, 1640, 1643, 1644, 1645, 1646, 1648, 1649, 1651, 1652, 1655, 1657, 1658, 1659, 1660, 1661, 1662, 1665, 1671, 1672, 1673, 1674, 1675, 1676, 1678, 1679, 1681, 1689], "summary": {"covered_lines": 48, "num_statements": 63, "percent_covered": 76.19047619047619, "percent_covered_display": "76", "missing_lines": 15, "excluded_lines": 0}, "missing_lines": [1599, 1606, 1609, 1612, 1617, 1618, 1627, 1628, 1631, 1632, 1690, 1691, 1692, 1693, 1694], "excluded_lines": []}, "retrain_meta_learner": {"executed_lines": [1707, 1708, 1710, 1711, 1713, 1716, 1717, 1718, 1719], "summary": {"covered_lines": 9, "num_statements": 43, "percent_covered": 20.930232558139537, "percent_covered_display": "21", "missing_lines": 34, "excluded_lines": 0}, "missing_lines": [1720, 1722, 1724, 1725, 1726, 1727, 1729, 1730, 1732, 1735, 1736, 1738, 1739, 1740, 1741, 1742, 1743, 1744, 1745, 1747, 1748, 1750, 1751, 1752, 1754, 1756, 1757, 1758, 1759, 1760, 1761, 1762, 1763, 1764], "excluded_lines": []}, "_initialize_agent": {"executed_lines": [1769, 1770, 1771, 1773, 1774, 1776, 1784, 1785, 1787, 1788, 1792, 1793, 1794, 1797, 1805, 1806], "summary": {"covered_lines": 16, "num_statements": 35, "percent_covered": 45.714285714285715, "percent_covered_display": "46", "missing_lines": 19, "excluded_lines": 0}, "missing_lines": [1777, 1778, 1779, 1780, 1781, 1782, 1798, 1799, 1800, 1801, 1802, 1803, 1808, 1809, 1810, 1812, 1817, 1819, 1826], "excluded_lines": []}, "_run_live_market_view": {"executed_lines": [], "summary": {"covered_lines": 0, "num_statements": 15, "percent_covered": 0.0, "percent_covered_display": "0", "missing_lines": 15, "excluded_lines": 0}, "missing_lines": [1830, 1831, 1832, 1833, 1835, 1836, 1837, 1839, 1840, 1841, 1842, 1882, 1883, 1884, 1885], "excluded_lines": []}, "_run_live_market_view.build_table": {"executed_lines": [], "summary": {"covered_lines": 0, "num_statements": 36, "percent_covered": 0.0, "percent_covered_display": "0", "missing_lines": 36, "excluded_lines": 0}, "missing_lines": [1843, 1844, 1845, 1846, 1847, 1848, 1849, 1851, 1852, 1853, 1854, 1855, 1856, 1857, 1858, 1859, 1860, 1861, 1862, 1863, 1864, 1865, 1867, 1868, 1869, 1870, 1871, 1872, 1873, 1874, 1875, 1876, 1877, 1878, 1879, 1880], "excluded_lines": []}, "run_agent": {"executed_lines": [1920, 1922, 1925, 1928, 1931, 1935, 1939, 1941, 1942, 1943, 1944, 1946, 1947, 1970, 1971, 1972, 1975], "summary": {"covered_lines": 17, "num_statements": 45, "percent_covered": 37.77777777777778, "percent_covered_display": "38", "missing_lines": 28, "excluded_lines": 0}, "missing_lines": [1923, 1924, 1926, 1927, 1929, 1930, 1932, 1933, 1936, 1937, 1949, 1950, 1952, 1953, 1955, 1956, 1957, 1958, 1959, 1961, 1962, 1963, 1964, 1965, 1967, 1968, 1973, 1974], "excluded_lines": []}, "": {"executed_lines": [1, 3, 4, 5, 6, 7, 8, 9, 10, 11, 12, 13, 14, 15, 18, 19, 20, 26, 29, 74, 97, 128, 176, 186, 201, 266, 302, 312, 320, 321, 327, 328, 331, 332, 451, 452, 458, 459, 604, 605, 610, 611, 783, 784, 785, 793, 794, 1076, 1077, 1078, 1101, 1102, 1103, 1141, 1142, 1143, 1144, 1145, 1196, 1197, 1198, 1199, 1313, 1314, 1315, 1358, 1359, 1364, 1365, 1413, 1414, 1415, 1416, 1417, 1423, 1428, 1429, 1430, 1435, 1436, 1441, 1442, 1556, 1557, 1558, 1567, 1568, 1569, 1579, 1580, 1581, 1592, 1593, 1594, 1698, 1699, 1704, 1705, 1767, 1828, 1887, 1888, 1893, 1900, 1907, 1912, 1917, 1918, 1978], "summary": {"covered_lines": 107, "num_statements": 107, "percent_covered": 100.0, "percent_covered_display": "100", "missing_lines": 0, "excluded_lines": 2}, "missing_lines": [], "excluded_lines": [1978, 1979]}}, "classes": {"": {"executed_lines": [1, 3, 4, 5, 6, 7, 8, 9, 10, 11, 12, 13, 14, 15, 18, 19, 20, 26, 29, 74, 76, 77, 83, 84, 97, 102, 103, 104, 106, 107, 109, 110, 112, 113, 115, 118, 121, 123, 125, 128, 138, 147, 150, 151, 153, 154, 163, 166, 173, 176, 186, 191, 192, 193, 195, 196, 198, 201, 208, 209, 211, 212, 216, 218, 219, 220, 221, 222, 225, 226, 227, 228, 229, 231, 234, 248, 249, 250, 263, 266, 272, 274, 279, 280, 281, 282, 287, 302, 304, 305, 306, 307, 308, 309, 312, 314, 315, 316, 317, 320, 321, 327, 328, 331, 332, 334, 337, 339, 341, 344, 347, 350, 351, 355, 358, 445, 451, 452, 458, 459, 465, 466, 468, 469, 470, 471, 478, 479, 480, 481, 489, 491, 492, 496, 497, 498, 499, 505, 508, 510, 511, 512, 518, 519, 521, 522, 523, 526, 527, 528, 530, 531, 532, 538, 540, 546, 551, 560, 561, 562, 568, 569, 575, 576, 577, 578, 579, 582, 583, 586, 587, 594, 595, 596, 598, 599, 600, 601, 604, 605, 610, 611, 613, 614, 616, 618, 619, 620, 623, 624, 625, 626, 627, 629, 630, 631, 633, 635, 636, 637, 639, 641, 642, 644, 783, 784, 785, 793, 794, 796, 798, 800, 802, 805, 806, 808, 810, 811, 819, 820, 861, 863, 866, 867, 870, 873, 927, 928, 929, 930, 931, 932, 933, 934, 937, 938, 945, 949, 950, 951, 954, 958, 961, 966, 970, 971, 981, 983, 987, 988, 997, 1003, 1010, 1024, 1033, 1071, 1072, 1073, 1076, 1077, 1078, 1080, 1081, 1082, 1084, 1087, 1088, 1089, 1091, 1092, 1094, 1096, 1097, 1098, 1101, 1102, 1103, 1105, 1106, 1107, 1111, 1114, 1116, 1117, 1119, 1122, 1123, 1124, 1125, 1126, 1127, 1128, 1129, 1130, 1131, 1132, 1134, 1141, 1142, 1143, 1144, 1145, 1147, 1148, 1149, 1151, 1153, 1155, 1156, 1157, 1158, 1162, 1167, 1168, 1169, 1170, 1171, 1172, 1173, 1175, 1176, 1177, 1178, 1180, 1189, 1196, 1197, 1198, 1199, 1201, 1202, 1203, 1206, 1207, 1210, 1211, 1213, 1214, 1215, 1216, 1221, 1223, 1231, 1232, 1233, 1234, 1235, 1236, 1237, 1238, 1239, 1241, 1243, 1244, 1245, 1247, 1256, 1257, 1260, 1261, 1262, 1266, 1270, 1271, 1272, 1273, 1274, 1277, 1290, 1294, 1296, 1297, 1305, 1306, 1308, 1309, 1310, 1313, 1314, 1315, 1317, 1318, 1320, 1321, 1324, 1327, 1332, 1333, 1338, 1339, 1340, 1345, 1347, 1348, 1350, 1351, 1354, 1355, 1358, 1359, 1364, 1365, 1367, 1368, 1369, 1372, 1374, 1375, 1377, 1378, 1413, 1414, 1415, 1416, 1417, 1423, 1428, 1429, 1430, 1435, 1436, 1441, 1442, 1456, 1457, 1458, 1459, 1461, 1464, 1466, 1470, 1551, 1552, 1553, 1556, 1557, 1558, 1560, 1561, 1562, 1563, 1564, 1567, 1568, 1569, 1571, 1572, 1573, 1576, 1579, 1580, 1581, 1583, 1584, 1585, 1589, 1592, 1593, 1594, 1596, 1597, 1598, 1601, 1602, 1603, 1604, 1605, 1614, 1616, 1621, 1622, 1623, 1624, 1625, 1626, 1630, 1635, 1636, 1638, 1639, 1640, 1643, 1644, 1645, 1646, 1648, 1649, 1651, 1652, 1655, 1657, 1658, 1659, 1660, 1661, 1662, 1665, 1671, 1672, 1673, 1674, 1675, 1676, 1678, 1679, 1681, 1689, 1698, 1699, 1704, 1705, 1707, 1708, 1710, 1711, 1713, 1716, 1717, 1718, 1719, 1767, 1769, 1770, 1771, 1773, 1774, 1776, 1784, 1785, 1787, 1788, 1792, 1793, 1794, 1797, 1805, 1806, 1828, 1887, 1888, 1893, 1900, 1907, 1912, 1917, 1918, 1920, 1922, 1925, 1928, 1931, 1935, 1939, 1941, 1942, 1943, 1944, 1946, 1947, 1970, 1971, 1972, 1975, 1978], "summary": {"covered_lines": 562, "num_statements": 1026, "percent_covered": 54.77582846003899, "percent_covered_display": "55", "missing_lines": 464, "excluded_lines": 2}, "missing_lines": [34, 35, 36, 38, 39, 40, 42, 43, 46, 47, 48, 51, 52, 53, 54, 55, 56, 57, 58, 63, 67, 68, 69, 70, 71, 89, 90, 94, 148, 157, 158, 178, 179, 180, 182, 183, 252, 253, 255, 256, 258, 259, 261, 275, 283, 288, 289, 290, 291, 295, 297, 359, 360, 361, 362, 367, 374, 375, 376, 377, 378, 379, 380, 388, 389, 390, 391, 394, 395, 396, 397, 399, 400, 402, 404, 413, 414, 415, 417, 418, 420, 421, 423, 424, 425, 426, 431, 432, 436, 438, 442, 443, 446, 447, 472, 473, 482, 483, 507, 524, 547, 548, 549, 550, 552, 553, 554, 555, 563, 632, 638, 777, 779, 780, 807, 815, 821, 823, 824, 825, 828, 829, 830, 831, 832, 834, 835, 838, 839, 840, 841, 843, 845, 846, 848, 849, 852, 853, 854, 855, 857, 859, 868, 874, 875, 876, 877, 880, 883, 884, 885, 887, 899, 900, 901, 902, 903, 904, 905, 906, 907, 909, 911, 912, 913, 915, 916, 920, 921, 924, 967, 972, 973, 974, 975, 976, 977, 978, 979, 980, 982, 984, 989, 990, 991, 995, 998, 1004, 1005, 1006, 1007, 1011, 1012, 1013, 1017, 1018, 1019, 1020, 1021, 1025, 1026, 1027, 1028, 1034, 1035, 1036, 1039, 1040, 1043, 1044, 1045, 1050, 1051, 1052, 1053, 1054, 1055, 1058, 1059, 1060, 1066, 1067, 1068, 1069, 1136, 1137, 1138, 1159, 1160, 1163, 1164, 1191, 1192, 1193, 1217, 1218, 1224, 1228, 1267, 1268, 1279, 1284, 1285, 1301, 1342, 1343, 1344, 1346, 1380, 1386, 1387, 1388, 1392, 1396, 1398, 1399, 1400, 1403, 1404, 1408, 1409, 1410, 1460, 1462, 1463, 1482, 1483, 1485, 1486, 1487, 1489, 1490, 1491, 1492, 1493, 1494, 1495, 1496, 1497, 1498, 1499, 1500, 1501, 1502, 1503, 1504, 1505, 1506, 1507, 1508, 1509, 1511, 1512, 1515, 1517, 1518, 1519, 1520, 1521, 1522, 1523, 1524, 1525, 1526, 1534, 1537, 1538, 1539, 1540, 1541, 1542, 1543, 1544, 1545, 1549, 1574, 1586, 1599, 1606, 1609, 1612, 1617, 1618, 1627, 1628, 1631, 1632, 1690, 1691, 1692, 1693, 1694, 1720, 1722, 1724, 1725, 1726, 1727, 1729, 1730, 1732, 1735, 1736, 1738, 1739, 1740, 1741, 1742, 1743, 1744, 1745, 1747, 1748, 1750, 1751, 1752, 1754, 1756, 1757, 1758, 1759, 1760, 1761, 1762, 1763, 1764, 1777, 1778, 1779, 1780, 1781, 1782, 1798, 1799, 1800, 1801, 1802, 1803, 1808, 1809, 1810, 1812, 1817, 1819, 1826, 1830, 1831, 1832, 1833, 1835, 1836, 1837, 1839, 1840, 1841, 1842, 1843, 1844, 1845, 1846, 1847, 1848, 1849, 1851, 1852, 1853, 1854, 1855, 1856, 1857, 1858, 1859, 1860, 1861, 1862, 1863, 1864, 1865, 1867, 1868, 1869, 1870, 1871, 1872, 1873, 1874, 1875, 1876, 1877, 1878, 1879, 1880, 1882, 1883, 1884, 1885, 1923, 1924, 1926, 1927, 1929, 1930, 1932, 1933, 1936, 1937, 1949, 1950, 1952, 1953, 1955, 1956, 1957, 1958, 1959, 1961, 1962, 1963, 1964, 1965, 1967, 1968, 1973, 1974], "excluded_lines": [1978, 1979]}}}, "finance_feedback_engine/core.py": {"executed_lines": [1, 3, 4, 5, 6, 8, 9, 10, 11, 12, 13, 14, 15, 16, 18, 21, 22, 32, 44, 47, 48, 49, 55, 56, 58, 64, 67, 69, 70, 82, 83, 85, 92, 93, 96, 104, 113, 114, 115, 116, 123, 135, 138, 140, 145, 148, 149, 152, 153, 154, 155, 156, 159, 160, 161, 164, 167, 170, 175, 176, 178, 182, 184, 186, 188, 189, 195, 198, 205, 209, 218, 279, 291, 293, 294, 301, 305, 310, 328, 331, 333, 336, 337, 418, 425, 427, 442, 447, 457, 458, 462, 465, 466, 467, 468, 471, 477, 478, 480, 481, 482, 483, 484, 485, 488, 489, 490, 491, 493, 495, 500, 501, 508, 509, 510, 535, 578, 599, 607, 608, 612, 620, 625, 626, 627, 629, 630, 635, 636, 637, 643, 644, 645, 649, 658, 659, 660, 663, 664, 667, 668, 669, 670, 671, 674, 675, 680, 682, 683, 688, 694, 696, 719, 737, 750, 756, 768, 788, 792], "summary": {"covered_lines": 157, "num_statements": 300, "percent_covered": 52.333333333333336, "percent_covered_display": "52", "missing_lines": 143, "excluded_lines": 0}, "missing_lines": [50, 51, 71, 86, 90, 97, 101, 105, 110, 118, 124, 130, 179, 213, 214, 224, 225, 226, 227, 228, 230, 231, 232, 233, 234, 235, 236, 237, 238, 239, 240, 241, 242, 243, 244, 245, 246, 247, 248, 249, 250, 252, 258, 259, 260, 262, 270, 271, 276, 277, 344, 347, 348, 349, 350, 351, 356, 357, 360, 361, 362, 365, 371, 372, 379, 381, 383, 386, 396, 414, 416, 459, 472, 473, 474, 511, 512, 513, 514, 517, 518, 520, 521, 523, 524, 527, 529, 530, 532, 533, 560, 561, 562, 563, 600, 604, 609, 639, 640, 646, 647, 651, 652, 653, 654, 655, 673, 676, 677, 689, 690, 691, 692, 709, 710, 711, 713, 717, 732, 733, 735, 744, 745, 746, 748, 752, 753, 754, 763, 764, 766, 776, 778, 779, 780, 782, 783, 784, 785, 786, 790, 794, 795], "excluded_lines": [], "functions": {"FinanceFeedbackEngine.__init__": {"executed_lines": [44, 47, 48, 49, 55, 56, 58, 64, 67, 69, 70, 82, 83, 85, 92, 93, 96, 104, 113, 114, 115, 116, 123, 135, 138, 140, 145, 148, 149, 152, 153, 154, 155, 156, 159, 160, 161, 164, 167, 170, 175, 176, 178, 182, 184], "summary": {"covered_lines": 45, "num_statements": 58, "percent_covered": 77.58620689655173, "percent_covered_display": "78", "missing_lines": 13, "excluded_lines": 0}, "missing_lines": [50, 51, 71, 86, 90, 97, 101, 105, 110, 118, 124, 130, 179], "excluded_lines": []}, "FinanceFeedbackEngine._auto_enable_monitoring": {"executed_lines": [188, 189, 195, 198, 205, 209], "summary": {"covered_lines": 6, "num_statements": 8, "percent_covered": 75.0, "percent_covered_display": "75", "missing_lines": 2, "excluded_lines": 0}, "missing_lines": [213, 214], "excluded_lines": []}, "FinanceFeedbackEngine._auto_start_trade_monitor": {"executed_lines": [], "summary": {"covered_lines": 0, "num_statements": 35, "percent_covered": 0.0, "percent_covered_display": "0", "missing_lines": 35, "excluded_lines": 0}, "missing_lines": [224, 225, 226, 227, 228, 230, 231, 232, 233, 234, 235, 236, 237, 238, 239, 240, 241, 242, 243, 244, 245, 246, 247, 248, 249, 250, 252, 258, 259, 260, 262, 270, 271, 276, 277], "excluded_lines": []}, "FinanceFeedbackEngine.enable_monitoring_integration": {"executed_lines": [291, 293, 294, 301, 305], "summary": {"covered_lines": 5, "num_statements": 5, "percent_covered": 100.0, "percent_covered_display": "100", "missing_lines": 0, "excluded_lines": 0}, "missing_lines": [], "excluded_lines": []}, "FinanceFeedbackEngine.analyze_asset": {"executed_lines": [328, 331, 333, 336, 337], "summary": {"covered_lines": 5, "num_statements": 26, "percent_covered": 19.23076923076923, "percent_covered_display": "19", "missing_lines": 21, "excluded_lines": 0}, "missing_lines": [344, 347, 348, 349, 350, 351, 356, 357, 360, 361, 362, 365, 371, 372, 379, 381, 383, 386, 396, 414, 416], "excluded_lines": []}, "FinanceFeedbackEngine.get_balance": {"executed_lines": [425], "summary": {"covered_lines": 1, "num_statements": 1, "percent_covered": 100.0, "percent_covered_display": "100", "missing_lines": 0, "excluded_lines": 0}, "missing_lines": [], "excluded_lines": []}, "FinanceFeedbackEngine.get_decision_history": {"executed_lines": [442], "summary": {"covered_lines": 1, "num_statements": 1, "percent_covered": 100.0, "percent_covered_display": "100", "missing_lines": 0, "excluded_lines": 0}, "missing_lines": [], "excluded_lines": []}, "FinanceFeedbackEngine.execute_decision": {"executed_lines": [457, 458, 462, 465, 466, 467, 468, 471, 477, 478, 480, 481, 482, 483, 484, 485, 488, 489, 490, 491, 493], "summary": {"covered_lines": 21, "num_statements": 25, "percent_covered": 84.0, "percent_covered_display": "84", "missing_lines": 4, "excluded_lines": 0}, "missing_lines": [459, 472, 473, 474], "excluded_lines": []}, "FinanceFeedbackEngine._preexecution_checks": {"executed_lines": [500, 501, 508, 509, 510], "summary": {"covered_lines": 5, "num_statements": 20, "percent_covered": 25.0, "percent_covered_display": "25", "missing_lines": 15, "excluded_lines": 0}, "missing_lines": [511, 512, 513, 514, 517, 518, 520, 521, 523, 524, 527, 529, 530, 532, 533], "excluded_lines": []}, "FinanceFeedbackEngine.backtest": {"executed_lines": [], "summary": {"covered_lines": 0, "num_statements": 4, "percent_covered": 0.0, "percent_covered_display": "0", "missing_lines": 4, "excluded_lines": 0}, "missing_lines": [560, 561, 562, 563], "excluded_lines": []}, "FinanceFeedbackEngine.record_trade_outcome": {"executed_lines": [599, 607, 608, 612, 620, 625, 626, 627, 629, 630, 635, 636, 637, 643, 644, 645, 649, 658, 659, 660, 663, 664, 667, 668, 669, 670, 671, 674, 675, 680, 682, 683, 688, 694], "summary": {"covered_lines": 34, "num_statements": 53, "percent_covered": 64.15094339622641, "percent_covered_display": "64", "missing_lines": 19, "excluded_lines": 0}, "missing_lines": [600, 604, 609, 639, 640, 646, 647, 651, 652, 653, 654, 655, 673, 676, 677, 689, 690, 691, 692], "excluded_lines": []}, "FinanceFeedbackEngine.get_performance_snapshot": {"executed_lines": [], "summary": {"covered_lines": 0, "num_statements": 5, "percent_covered": 0.0, "percent_covered_display": "0", "missing_lines": 5, "excluded_lines": 0}, "missing_lines": [709, 710, 711, 713, 717], "excluded_lines": []}, "FinanceFeedbackEngine.get_memory_context": {"executed_lines": [], "summary": {"covered_lines": 0, "num_statements": 3, "percent_covered": 0.0, "percent_covered_display": "0", "missing_lines": 3, "excluded_lines": 0}, "missing_lines": [732, 733, 735], "excluded_lines": []}, "FinanceFeedbackEngine.get_provider_recommendations": {"executed_lines": [], "summary": {"covered_lines": 0, "num_statements": 4, "percent_covered": 0.0, "percent_covered_display": "0", "missing_lines": 4, "excluded_lines": 0}, "missing_lines": [744, 745, 746, 748], "excluded_lines": []}, "FinanceFeedbackEngine.save_memory": {"executed_lines": [], "summary": {"covered_lines": 0, "num_statements": 3, "percent_covered": 0.0, "percent_covered_display": "0", "missing_lines": 3, "excluded_lines": 0}, "missing_lines": [752, 753, 754], "excluded_lines": []}, "FinanceFeedbackEngine.get_memory_summary": {"executed_lines": [], "summary": {"covered_lines": 0, "num_statements": 3, "percent_covered": 0.0, "percent_covered_display": "0", "missing_lines": 3, "excluded_lines": 0}, "missing_lines": [763, 764, 766], "excluded_lines": []}, "FinanceFeedbackEngine.close": {"executed_lines": [], "summary": {"covered_lines": 0, "num_statements": 9, "percent_covered": 0.0, "percent_covered_display": "0", "missing_lines": 9, "excluded_lines": 0}, "missing_lines": [776, 778, 779, 780, 782, 783, 784, 785, 786], "excluded_lines": []}, "FinanceFeedbackEngine.__aenter__": {"executed_lines": [], "summary": {"covered_lines": 0, "num_statements": 1, "percent_covered": 0.0, "percent_covered_display": "0", "missing_lines": 1, "excluded_lines": 0}, "missing_lines": [790], "excluded_lines": []}, "FinanceFeedbackEngine.__aexit__": {"executed_lines": [], "summary": {"covered_lines": 0, "num_statements": 2, "percent_covered": 0.0, "percent_covered_display": "0", "missing_lines": 2, "excluded_lines": 0}, "missing_lines": [794, 795], "excluded_lines": []}, "": {"executed_lines": [1, 3, 4, 5, 6, 8, 9, 10, 11, 12, 13, 14, 15, 16, 18, 21, 22, 32, 186, 218, 279, 310, 418, 427, 447, 495, 535, 578, 696, 719, 737, 750, 756, 768, 788, 792], "summary": {"covered_lines": 34, "num_statements": 34, "percent_covered": 100.0, "percent_covered_display": "100", "missing_lines": 0, "excluded_lines": 0}, "missing_lines": [], "excluded_lines": []}}, "classes": {"FinanceFeedbackEngine": {"executed_lines": [44, 47, 48, 49, 55, 56, 58, 64, 67, 69, 70, 82, 83, 85, 92, 93, 96, 104, 113, 114, 115, 116, 123, 135, 138, 140, 145, 148, 149, 152, 153, 154, 155, 156, 159, 160, 161, 164, 167, 170, 175, 176, 178, 182, 184, 188, 189, 195, 198, 205, 209, 291, 293, 294, 301, 305, 328, 331, 333, 336, 337, 425, 442, 457, 458, 462, 465, 466, 467, 468, 471, 477, 478, 480, 481, 482, 483, 484, 485, 488, 489, 490, 491, 493, 500, 501, 508, 509, 510, 599, 607, 608, 612, 620, 625, 626, 627, 629, 630, 635, 636, 637, 643, 644, 645, 649, 658, 659, 660, 663, 664, 667, 668, 669, 670, 671, 674, 675, 680, 682, 683, 688, 694], "summary": {"covered_lines": 123, "num_statements": 266, "percent_covered": 46.2406015037594, "percent_covered_display": "46", "missing_lines": 143, "excluded_lines": 0}, "missing_lines": [50, 51, 71, 86, 90, 97, 101, 105, 110, 118, 124, 130, 179, 213, 214, 224, 225, 226, 227, 228, 230, 231, 232, 233, 234, 235, 236, 237, 238, 239, 240, 241, 242, 243, 244, 245, 246, 247, 248, 249, 250, 252, 258, 259, 260, 262, 270, 271, 276, 277, 344, 347, 348, 349, 350, 351, 356, 357, 360, 361, 362, 365, 371, 372, 379, 381, 383, 386, 396, 414, 416, 459, 472, 473, 474, 511, 512, 513, 514, 517, 518, 520, 521, 523, 524, 527, 529, 530, 532, 533, 560, 561, 562, 563, 600, 604, 609, 639, 640, 646, 647, 651, 652, 653, 654, 655, 673, 676, 677, 689, 690, 691, 692, 709, 710, 711, 713, 717, 732, 733, 735, 744, 745, 746, 748, 752, 753, 754, 763, 764, 766, 776, 778, 779, 780, 782, 783, 784, 785, 786, 790, 794, 795], "excluded_lines": []}, "": {"executed_lines": [1, 3, 4, 5, 6, 8, 9, 10, 11, 12, 13, 14, 15, 16, 18, 21, 22, 32, 186, 218, 279, 310, 418, 427, 447, 495, 535, 578, 696, 719, 737, 750, 756, 768, 788, 792], "summary": {"covered_lines": 34, "num_statements": 34, "percent_covered": 100.0, "percent_covered_display": "100", "missing_lines": 0, "excluded_lines": 0}, "missing_lines": [], "excluded_lines": []}}}, "finance_feedback_engine/dashboard/__init__.py": {"executed_lines": [1, 3, 8], "summary": {"covered_lines": 2, "num_statements": 2, "percent_covered": 100.0, "percent_covered_display": "100", "missing_lines": 0, "excluded_lines": 0}, "missing_lines": [], "excluded_lines": [], "functions": {"": {"executed_lines": [1, 3, 8], "summary": {"covered_lines": 2, "num_statements": 2, "percent_covered": 100.0, "percent_covered_display": "100", "missing_lines": 0, "excluded_lines": 0}, "missing_lines": [], "excluded_lines": []}}, "classes": {"": {"executed_lines": [1, 3, 8], "summary": {"covered_lines": 2, "num_statements": 2, "percent_covered": 100.0, "percent_covered_display": "100", "missing_lines": 0, "excluded_lines": 0}, "missing_lines": [], "excluded_lines": []}}}, "finance_feedback_engine/dashboard/portfolio_dashboard.py": {"executed_lines": [1, 3, 4, 5, 7, 10, 11, 14, 15, 17, 22, 29, 30, 31, 32, 35, 36, 46, 47, 53, 56, 60, 61, 62, 63, 66, 76, 77, 80, 81, 123, 124], "summary": {"covered_lines": 30, "num_statements": 55, "percent_covered": 54.54545454545455, "percent_covered_display": "55", "missing_lines": 25, "excluded_lines": 0}, "missing_lines": [37, 40, 41, 42, 82, 84, 85, 86, 88, 95, 96, 97, 98, 99, 100, 101, 103, 104, 105, 106, 107, 109, 116, 118, 120], "excluded_lines": [], "functions": {"PortfolioDashboardAggregator.__init__": {"executed_lines": [15], "summary": {"covered_lines": 1, "num_statements": 1, "percent_covered": 100.0, "percent_covered_display": "100", "missing_lines": 0, "excluded_lines": 0}, "missing_lines": [], "excluded_lines": []}, "PortfolioDashboardAggregator.aggregate": {"executed_lines": [22, 29, 30, 31, 32, 35, 36, 46, 47, 53], "summary": {"covered_lines": 10, "num_statements": 14, "percent_covered": 71.42857142857143, "percent_covered_display": "71", "missing_lines": 4, "excluded_lines": 0}, "missing_lines": [37, 40, 41, 42], "excluded_lines": []}, "display_portfolio_dashboard": {"executed_lines": [60, 61, 62, 63, 66, 76, 77, 80, 81, 123, 124], "summary": {"covered_lines": 11, "num_statements": 32, "percent_covered": 34.375, "percent_covered_display": "34", "missing_lines": 21, "excluded_lines": 0}, "missing_lines": [82, 84, 85, 86, 88, 95, 96, 97, 98, 99, 100, 101, 103, 104, 105, 106, 107, 109, 116, 118, 120], "excluded_lines": []}, "": {"executed_lines": [1, 3, 4, 5, 7, 10, 11, 14, 17, 56], "summary": {"covered_lines": 8, "num_statements": 8, "percent_covered": 100.0, "percent_covered_display": "100", "missing_lines": 0, "excluded_lines": 0}, "missing_lines": [], "excluded_lines": []}}, "classes": {"PortfolioDashboardAggregator": {"executed_lines": [15, 22, 29, 30, 31, 32, 35, 36, 46, 47, 53], "summary": {"covered_lines": 11, "num_statements": 15, "percent_covered": 73.33333333333333, "percent_covered_display": "73", "missing_lines": 4, "excluded_lines": 0}, "missing_lines": [37, 40, 41, 42], "excluded_lines": []}, "": {"executed_lines": [1, 3, 4, 5, 7, 10, 11, 14, 17, 56, 60, 61, 62, 63, 66, 76, 77, 80, 81, 123, 124], "summary": {"covered_lines": 19, "num_statements": 40, "percent_covered": 47.5, "percent_covered_display": "48", "missing_lines": 21, "excluded_lines": 0}, "missing_lines": [82, 84, 85, 86, 88, 95, 96, 97, 98, 99, 100, 101, 103, 104, 105, 106, 107, 109, 116, 118, 120], "excluded_lines": []}}}, "finance_feedback_engine/data_providers/__init__.py": {"executed_lines": [1, 3, 5], "summary": {"covered_lines": 2, "num_statements": 2, "percent_covered": 100.0, "percent_covered_display": "100", "missing_lines": 0, "excluded_lines": 0}, "missing_lines": [], "excluded_lines": [], "functions": {"": {"executed_lines": [1, 3, 5], "summary": {"covered_lines": 2, "num_statements": 2, "percent_covered": 100.0, "percent_covered_display": "100", "missing_lines": 0, "excluded_lines": 0}, "missing_lines": [], "excluded_lines": []}}, "classes": {"": {"executed_lines": [1, 3, 5], "summary": {"covered_lines": 2, "num_statements": 2, "percent_covered": 100.0, "percent_covered_display": "100", "missing_lines": 0, "excluded_lines": 0}, "missing_lines": [], "excluded_lines": []}}}, "finance_feedback_engine/data_providers/alpha_vantage_provider.py": {"executed_lines": [1, 3, 4, 5, 6, 7, 9, 11, 14, 15, 21, 23, 29, 38, 39, 40, 41, 44, 46, 47, 48, 49, 50, 54, 55, 56, 57, 60, 67, 74, 79, 84], "summary": {"covered_lines": 30, "num_statements": 39, "percent_covered": 76.92307692307692, "percent_covered_display": "77", "missing_lines": 9, "excluded_lines": 0}, "missing_lines": [25, 26, 27, 76, 77, 89, 90, 91, 92], "excluded_lines": [], "functions": {"AlphaVantageProvider.__post_init_session_lock": {"executed_lines": [], "summary": {"covered_lines": 0, "num_statements": 3, "percent_covered": 0.0, "percent_covered_display": "0", "missing_lines": 3, "excluded_lines": 0}, "missing_lines": [25, 26, 27], "excluded_lines": []}, "AlphaVantageProvider.__init__": {"executed_lines": [38, 39, 40, 41, 44, 46, 47, 48, 49, 50, 54, 55, 56, 57, 60, 67], "summary": {"covered_lines": 16, "num_statements": 16, "percent_covered": 100.0, "percent_covered_display": "100", "missing_lines": 0, "excluded_lines": 0}, "missing_lines": [], "excluded_lines": []}, "AlphaVantageProvider.close": {"executed_lines": [], "summary": {"covered_lines": 0, "num_statements": 2, "percent_covered": 0.0, "percent_covered_display": "0", "missing_lines": 2, "excluded_lines": 0}, "missing_lines": [76, 77], "excluded_lines": []}, "AlphaVantageProvider.__aenter__": {"executed_lines": [], "summary": {"covered_lines": 0, "num_statements": 0, "percent_covered": 100.0, "percent_covered_display": "100", "missing_lines": 0, "excluded_lines": 0}, "missing_lines": [], "excluded_lines": []}, "__aenter__": {"executed_lines": [], "summary": {"covered_lines": 0, "num_statements": 4, "percent_covered": 0.0, "percent_covered_display": "0", "missing_lines": 4, "excluded_lines": 0}, "missing_lines": [89, 90, 91, 92], "excluded_lines": []}, "__aenter__.__aexit__": {"executed_lines": [], "summary": {"covered_lines": 0, "num_statements": 0, "percent_covered": 100.0, "percent_covered_display": "100", "missing_lines": 0, "excluded_lines": 0}, "missing_lines": [], "excluded_lines": []}, "__aenter__._async_request": {"executed_lines": [], "summary": {"covered_lines": 0, "num_statements": 0, "percent_covered": 100.0, "percent_covered_display": "100", "missing_lines": 0, "excluded_lines": 0}, "missing_lines": [], "excluded_lines": []}, "__aenter__._do_async_request": {"executed_lines": [], "summary": {"covered_lines": 0, "num_statements": 0, "percent_covered": 100.0, "percent_covered_display": "100", "missing_lines": 0, "excluded_lines": 0}, "missing_lines": [], "excluded_lines": []}, "__aenter__._ensure_session": {"executed_lines": [], "summary": {"covered_lines": 0, "num_statements": 0, "percent_covered": 100.0, "percent_covered_display": "100", "missing_lines": 0, "excluded_lines": 0}, "missing_lines": [], "excluded_lines": []}, "__aenter__.get_market_data": {"executed_lines": [], "summary": {"covered_lines": 0, "num_statements": 0, "percent_covered": 100.0, "percent_covered_display": "100", "missing_lines": 0, "excluded_lines": 0}, "missing_lines": [], "excluded_lines": []}, "__aenter__.get_historical_data": {"executed_lines": [], "summary": {"covered_lines": 0, "num_statements": 0, "percent_covered": 100.0, "percent_covered_display": "100", "missing_lines": 0, "excluded_lines": 0}, "missing_lines": [], "excluded_lines": []}, "__aenter__._generate_mock_series": {"executed_lines": [], "summary": {"covered_lines": 0, "num_statements": 0, "percent_covered": 100.0, "percent_covered_display": "100", "missing_lines": 0, "excluded_lines": 0}, "missing_lines": [], "excluded_lines": []}, "__aenter__._enrich_market_data": {"executed_lines": [], "summary": {"covered_lines": 0, "num_statements": 0, "percent_covered": 100.0, "percent_covered_display": "100", "missing_lines": 0, "excluded_lines": 0}, "missing_lines": [], "excluded_lines": []}, "__aenter__._get_technical_indicators": {"executed_lines": [], "summary": {"covered_lines": 0, "num_statements": 0, "percent_covered": 100.0, "percent_covered_display": "100", "missing_lines": 0, "excluded_lines": 0}, "missing_lines": [], "excluded_lines": []}, "__aenter__.get_news_sentiment": {"executed_lines": [], "summary": {"covered_lines": 0, "num_statements": 0, "percent_covered": 100.0, "percent_covered_display": "100", "missing_lines": 0, "excluded_lines": 0}, "missing_lines": [], "excluded_lines": []}, "__aenter__.get_macro_indicators": {"executed_lines": [], "summary": {"covered_lines": 0, "num_statements": 0, "percent_covered": 100.0, "percent_covered_display": "100", "missing_lines": 0, "excluded_lines": 0}, "missing_lines": [], "excluded_lines": []}, "__aenter__.get_comprehensive_market_data": {"executed_lines": [], "summary": {"covered_lines": 0, "num_statements": 0, "percent_covered": 100.0, "percent_covered_display": "100", "missing_lines": 0, "excluded_lines": 0}, "missing_lines": [], "excluded_lines": []}, "__aenter__._get_crypto_data": {"executed_lines": [], "summary": {"covered_lines": 0, "num_statements": 0, "percent_covered": 100.0, "percent_covered_display": "100", "missing_lines": 0, "excluded_lines": 0}, "missing_lines": [], "excluded_lines": []}, "__aenter__._get_crypto_data.api_call": {"executed_lines": [], "summary": {"covered_lines": 0, "num_statements": 0, "percent_covered": 100.0, "percent_covered_display": "100", "missing_lines": 0, "excluded_lines": 0}, "missing_lines": [], "excluded_lines": []}, "__aenter__._get_forex_data": {"executed_lines": [], "summary": {"covered_lines": 0, "num_statements": 0, "percent_covered": 100.0, "percent_covered_display": "100", "missing_lines": 0, "excluded_lines": 0}, "missing_lines": [], "excluded_lines": []}, "__aenter__._get_forex_data.api_call": {"executed_lines": [], "summary": {"covered_lines": 0, "num_statements": 0, "percent_covered": 100.0, "percent_covered_display": "100", "missing_lines": 0, "excluded_lines": 0}, "missing_lines": [], "excluded_lines": []}, "__aenter__._create_mock_data": {"executed_lines": [], "summary": {"covered_lines": 0, "num_statements": 0, "percent_covered": 100.0, "percent_covered_display": "100", "missing_lines": 0, "excluded_lines": 0}, "missing_lines": [], "excluded_lines": []}, "__aenter__.validate_market_data": {"executed_lines": [], "summary": {"covered_lines": 0, "num_statements": 0, "percent_covered": 100.0, "percent_covered_display": "100", "missing_lines": 0, "excluded_lines": 0}, "missing_lines": [], "excluded_lines": []}, "__aenter__.get_circuit_breaker_stats": {"executed_lines": [], "summary": {"covered_lines": 0, "num_statements": 0, "percent_covered": 100.0, "percent_covered_display": "100", "missing_lines": 0, "excluded_lines": 0}, "missing_lines": [], "excluded_lines": []}, "": {"executed_lines": [1, 3, 4, 5, 6, 7, 9, 11, 14, 15, 21, 23, 29, 74, 79, 84], "summary": {"covered_lines": 14, "num_statements": 14, "percent_covered": 100.0, "percent_covered_display": "100", "missing_lines": 0, "excluded_lines": 0}, "missing_lines": [], "excluded_lines": []}}, "classes": {"AlphaVantageProvider": {"executed_lines": [38, 39, 40, 41, 44, 46, 47, 48, 49, 50, 54, 55, 56, 57, 60, 67], "summary": {"covered_lines": 16, "num_statements": 21, "percent_covered": 76.19047619047619, "percent_covered_display": "76", "missing_lines": 5, "excluded_lines": 0}, "missing_lines": [25, 26, 27, 76, 77], "excluded_lines": []}, "": {"executed_lines": [1, 3, 4, 5, 6, 7, 9, 11, 14, 15, 21, 23, 29, 74, 79, 84], "summary": {"covered_lines": 14, "num_statements": 18, "percent_covered": 77.77777777777777, "percent_covered_display": "78", "missing_lines": 4, "excluded_lines": 0}, "missing_lines": [89, 90, 91, 92], "excluded_lines": []}}}, "finance_feedback_engine/data_providers/coinbase_data.py": {"executed_lines": [], "summary": {"covered_lines": 0, "num_statements": 74, "percent_covered": 0.0, "percent_covered_display": "0", "missing_lines": 74, "excluded_lines": 0}, "missing_lines": [3, 4, 5, 6, 8, 9, 11, 14, 30, 33, 48, 60, 64, 70, 76, 78, 89, 92, 93, 94, 95, 96, 97, 98, 99, 100, 101, 104, 105, 106, 107, 108, 109, 110, 111, 112, 115, 116, 118, 145, 147, 149, 152, 153, 154, 157, 158, 161, 164, 172, 173, 175, 176, 177, 178, 179, 180, 182, 201, 204, 206, 212, 213, 215, 218, 219, 221, 231, 233, 235, 245, 246, 247, 248], "excluded_lines": [], "functions": {"CoinbaseDataProvider.__init__": {"executed_lines": [], "summary": {"covered_lines": 0, "num_statements": 4, "percent_covered": 0.0, "percent_covered_display": "0", "missing_lines": 4, "excluded_lines": 0}, "missing_lines": [60, 64, 70, 76], "excluded_lines": []}, "CoinbaseDataProvider._normalize_asset_pair": {"executed_lines": [], "summary": {"covered_lines": 0, "num_statements": 22, "percent_covered": 0.0, "percent_covered_display": "0", "missing_lines": 22, "excluded_lines": 0}, "missing_lines": [89, 92, 93, 94, 95, 96, 97, 98, 99, 100, 101, 104, 105, 106, 107, 108, 109, 110, 111, 112, 115, 116], "excluded_lines": []}, "CoinbaseDataProvider.get_candles": {"executed_lines": [], "summary": {"covered_lines": 0, "num_statements": 18, "percent_covered": 0.0, "percent_covered_display": "0", "missing_lines": 18, "excluded_lines": 0}, "missing_lines": [145, 147, 149, 152, 153, 154, 157, 158, 161, 164, 172, 173, 175, 176, 177, 178, 179, 180], "excluded_lines": []}, "CoinbaseDataProvider._fetch_candles_from_api": {"executed_lines": [], "summary": {"covered_lines": 0, "num_statements": 11, "percent_covered": 0.0, "percent_covered_display": "0", "missing_lines": 11, "excluded_lines": 0}, "missing_lines": [201, 204, 206, 212, 213, 215, 218, 219, 221, 231, 233], "excluded_lines": []}, "CoinbaseDataProvider.get_latest_price": {"executed_lines": [], "summary": {"covered_lines": 0, "num_statements": 4, "percent_covered": 0.0, "percent_covered_display": "0", "missing_lines": 4, "excluded_lines": 0}, "missing_lines": [245, 246, 247, 248], "excluded_lines": []}, "": {"executed_lines": [], "summary": {"covered_lines": 0, "num_statements": 15, "percent_covered": 0.0, "percent_covered_display": "0", "missing_lines": 15, "excluded_lines": 0}, "missing_lines": [3, 4, 5, 6, 8, 9, 11, 14, 30, 33, 48, 78, 118, 182, 235], "excluded_lines": []}}, "classes": {"CoinbaseDataProvider": {"executed_lines": [], "summary": {"covered_lines": 0, "num_statements": 59, "percent_covered": 0.0, "percent_covered_display": "0", "missing_lines": 59, "excluded_lines": 0}, "missing_lines": [60, 64, 70, 76, 89, 92, 93, 94, 95, 96, 97, 98, 99, 100, 101, 104, 105, 106, 107, 108, 109, 110, 111, 112, 115, 116, 145, 147, 149, 152, 153, 154, 157, 158, 161, 164, 172, 173, 175, 176, 177, 178, 179, 180, 201, 204, 206, 212, 213, 215, 218, 219, 221, 231, 233, 245, 246, 247, 248], "excluded
[...]
m_statements": 9, "percent_covered": 0.0, "percent_covered_display": "0", "missing_lines": 9, "excluded_lines": 28}, "missing_lines": [1, 2, 3, 6, 32, 68, 71, 104, 114], "excluded_lines": [133, 134, 137, 143, 150, 151, 152, 153, 154, 155, 157, 158, 159, 160, 161, 162, 163, 166, 172, 174, 175, 176, 177, 178, 179, 180, 181, 182]}}, "classes": {"FinancialDataValidator": {"executed_lines": [], "summary": {"covered_lines": 0, "num_statements": 36, "percent_covered": 0.0, "percent_covered_display": "0", "missing_lines": 36, "excluded_lines": 0}, "missing_lines": [69, 73, 74, 75, 78, 80, 81, 82, 83, 85, 86, 88, 91, 92, 93, 94, 96, 97, 98, 102, 108, 109, 110, 111, 112, 118, 119, 120, 121, 122, 125, 126, 127, 128, 129, 130], "excluded_lines": []}, "": {"executed_lines": [], "summary": {"covered_lines": 0, "num_statements": 9, "percent_covered": 0.0, "percent_covered_display": "0", "missing_lines": 9, "excluded_lines": 28}, "missing_lines": [1, 2, 3, 6, 32, 68, 71, 104, 114], "excluded_lines": [133, 134, 137, 143, 150, 151, 152, 153, 154, 155, 157, 158, 159, 160, 161, 162, 163, 166, 172, 174, 175, 176, 177, 178, 179, 180, 181, 182]}}}, "finance_feedback_engine/utils/market_regime_detector.py": {"executed_lines": [1, 7, 8, 9, 10, 13, 14, 15, 16, 17, 18, 21, 22, 30, 41, 65, 79, 127, 152], "summary": {"covered_lines": 16, "num_statements": 90, "percent_covered": 17.77777777777778, "percent_covered_display": "18", "missing_lines": 74, "excluded_lines": 0}, "missing_lines": [38, 39, 54, 55, 56, 58, 59, 60, 62, 63, 75, 76, 77, 89, 90, 93, 94, 97, 98, 101, 102, 105, 107, 110, 111, 114, 115, 118, 119, 122, 123, 125, 137, 140, 141, 143, 144, 145, 148, 150, 164, 166, 167, 170, 172, 175, 176, 177, 178, 181, 182, 185, 186, 189, 190, 191, 193, 196, 197, 200, 201, 204, 206, 207, 210, 211, 213, 216, 217, 218, 220, 222, 223, 225], "excluded_lines": [], "functions": {"MarketRegimeDetector.__init__": {"executed_lines": [], "summary": {"covered_lines": 0, "num_statements": 2, "percent_covered": 0.0, "percent_covered_display": "0", "missing_lines": 2, "excluded_lines": 0}, "missing_lines": [38, 39], "excluded_lines": []}, "MarketRegimeDetector._calculate_true_range": {"executed_lines": [], "summary": {"covered_lines": 0, "num_statements": 8, "percent_covered": 0.0, "percent_covered_display": "0", "missing_lines": 8, "excluded_lines": 0}, "missing_lines": [54, 55, 56, 58, 59, 60, 62, 63], "excluded_lines": []}, "MarketRegimeDetector._calculate_atr": {"executed_lines": [], "summary": {"covered_lines": 0, "num_statements": 3, "percent_covered": 0.0, "percent_covered_display": "0", "missing_lines": 3, "excluded_lines": 0}, "missing_lines": [75, 76, 77], "excluded_lines": []}, "MarketRegimeDetector._calculate_directional_indicators": {"executed_lines": [], "summary": {"covered_lines": 0, "num_statements": 19, "percent_covered": 0.0, "percent_covered_display": "0", "missing_lines": 19, "excluded_lines": 0}, "missing_lines": [89, 90, 93, 94, 97, 98, 101, 102, 105, 107, 110, 111, 114, 115, 118, 119, 122, 123, 125], "excluded_lines": []}, "MarketRegimeDetector._calculate_adx": {"executed_lines": [], "summary": {"covered_lines": 0, "num_statements": 8, "percent_covered": 0.0, "percent_covered_display": "0", "missing_lines": 8, "excluded_lines": 0}, "missing_lines": [137, 140, 141, 143, 144, 145, 148, 150], "excluded_lines": []}, "MarketRegimeDetector.detect_regime": {"executed_lines": [], "summary": {"covered_lines": 0, "num_statements": 34, "percent_covered": 0.0, "percent_covered_display": "0", "missing_lines": 34, "excluded_lines": 0}, "missing_lines": [164, 166, 167, 170, 172, 175, 176, 177, 178, 181, 182, 185, 186, 189, 190, 191, 193, 196, 197, 200, 201, 204, 206, 207, 210, 211, 213, 216, 217, 218, 220, 222, 223, 225], "excluded_lines": []}, "": {"executed_lines": [1, 7, 8, 9, 10, 13, 14, 15, 16, 17, 18, 21, 22, 30, 41, 65, 79, 127, 152], "summary": {"covered_lines": 16, "num_statements": 16, "percent_covered": 100.0, "percent_covered_display": "100", "missing_lines": 0, "excluded_lines": 0}, "missing_lines": [], "excluded_lines": []}}, "classes": {"Regime": {"executed_lines": [], "summary": {"covered_lines": 0, "num_statements": 0, "percent_covered": 100.0, "percent_covered_display": "100", "missing_lines": 0, "excluded_lines": 0}, "missing_lines": [], "excluded_lines": []}, "MarketRegimeDetector": {"executed_lines": [], "summary": {"covered_lines": 0, "num_statements": 74, "percent_covered": 0.0, "percent_covered_display": "0", "missing_lines": 74, "excluded_lines": 0}, "missing_lines": [38, 39, 54, 55, 56, 58, 59, 60, 62, 63, 75, 76, 77, 89, 90, 93, 94, 97, 98, 101, 102, 105, 107, 110, 111, 114, 115, 118, 119, 122, 123, 125, 137, 140, 141, 143, 144, 145, 148, 150, 164, 166, 167, 170, 172, 175, 176, 177, 178, 181, 182, 185, 186, 189, 190, 191, 193, 196, 197, 200, 201, 204, 206, 207, 210, 211, 213, 216, 217, 218, 220, 222, 223, 225], "excluded_lines": []}, "": {"executed_lines": [1, 7, 8, 9, 10, 13, 14, 15, 16, 17, 18, 21, 22, 30, 41, 65, 79, 127, 152], "summary": {"covered_lines": 16, "num_statements": 16, "percent_covered": 100.0, "percent_covered_display": "100", "missing_lines": 0, "excluded_lines": 0}, "missing_lines": [], "excluded_lines": []}}}, "finance_feedback_engine/utils/model_installer.py": {"executed_lines": [1, 3, 4, 5, 6, 7, 8, 9, 10, 12, 13, 17, 23, 26, 27, 29, 36, 37, 38, 40, 47, 50, 51, 52, 57, 70, 80, 81, 82, 84, 91, 92, 98, 105, 106, 112, 116, 123, 124, 131, 135, 136, 137, 138, 140, 141, 143, 149, 160, 161, 163, 164, 204, 205, 210, 212, 224, 234, 236, 242, 248, 250, 251, 252, 253, 254, 256, 258, 259, 260, 261, 262, 263, 268, 270, 271, 273, 274, 275, 282, 287, 293, 294, 295, 296, 297, 298, 300, 301, 315, 330, 333, 335, 341, 342, 343, 344, 345, 347, 350, 352, 353, 354, 356, 358, 375, 377, 382, 396, 397, 407, 410, 413, 414, 415, 417, 423, 424, 425, 466, 469, 480, 481, 482, 487, 490, 500, 501], "summary": {"covered_lines": 126, "num_statements": 237, "percent_covered": 53.164556962025316, "percent_covered_display": "53", "missing_lines": 111, "excluded_lines": 0}, "missing_lines": [14, 15, 48, 53, 54, 55, 64, 65, 66, 67, 68, 85, 89, 94, 95, 96, 113, 114, 132, 145, 146, 147, 166, 167, 174, 175, 177, 178, 180, 181, 182, 183, 184, 185, 186, 187, 188, 189, 191, 192, 193, 194, 195, 196, 197, 198, 199, 201, 211, 214, 215, 216, 217, 218, 219, 220, 221, 222, 243, 246, 255, 264, 265, 280, 281, 283, 284, 302, 303, 304, 306, 307, 308, 309, 310, 311, 312, 313, 348, 378, 379, 383, 387, 393, 398, 404, 416, 419, 420, 421, 428, 429, 430, 433, 436, 437, 438, 439, 441, 444, 445, 451, 454, 456, 457, 458, 460, 461, 462, 464, 483], "excluded_lines": [], "functions": {"ModelInstaller.__init__": {"executed_lines": [36, 37, 38], "summary": {"covered_lines": 3, "num_statements": 3, "percent_covered": 100.0, "percent_covered_display": "100", "missing_lines": 0, "excluded_lines": 0}, "missing_lines": [], "excluded_lines": []}, "ModelInstaller._load_state": {"executed_lines": [47, 50, 51, 52], "summary": {"covered_lines": 4, "num_statements": 8, "percent_covered": 50.0, "percent_covered_display": "50", "missing_lines": 4, "excluded_lines": 0}, "missing_lines": [48, 53, 54, 55], "excluded_lines": []}, "ModelInstaller._save_state": {"executed_lines": [], "summary": {"covered_lines": 0, "num_statements": 5, "percent_covered": 0.0, "percent_covered_display": "0", "missing_lines": 5, "excluded_lines": 0}, "missing_lines": [64, 65, 66, 67, 68], "excluded_lines": []}, "ModelInstaller._check_disk_space": {"executed_lines": [80, 81, 82, 84, 91, 92], "summary": {"covered_lines": 6, "num_statements": 11, "percent_covered": 54.54545454545455, "percent_covered_display": "55", "missing_lines": 5, "excluded_lines": 0}, "missing_lines": [85, 89, 94, 95, 96], "excluded_lines": []}, "ModelInstaller._check_ollama_installed": {"executed_lines": [105, 106, 112], "summary": {"covered_lines": 3, "num_statements": 5, "percent_covered": 60.0, "percent_covered_display": "60", "missing_lines": 2, "excluded_lines": 0}, "missing_lines": [113, 114], "excluded_lines": []}, "ModelInstaller._get_installed_models": {"executed_lines": [123, 124, 131, 135, 136, 137, 138, 140, 141, 143], "summary": {"covered_lines": 10, "num_statements": 14, "percent_covered": 71.42857142857143, "percent_covered_display": "71", "missing_lines": 4, "excluded_lines": 0}, "missing_lines": [132, 145, 146, 147], "excluded_lines": []}, "ModelInstaller._download_model": {"executed_lines": [160, 161, 163, 164, 204, 205, 210, 212], "summary": {"covered_lines": 8, "num_statements": 44, "percent_covered": 18.181818181818183, "percent_covered_display": "18", "missing_lines": 36, "excluded_lines": 0}, "missing_lines": [166, 167, 174, 175, 177, 178, 180, 181, 182, 183, 184, 185, 186, 187, 188, 189, 191, 192, 193, 194, 195, 196, 197, 198, 199, 201, 211, 214, 215, 216, 217, 218, 219, 220, 221, 222], "excluded_lines": []}, "ModelInstaller._verify_model": {"executed_lines": [234, 236, 242, 248, 250, 251, 252, 253, 254, 256, 258, 259, 260, 261, 262, 263, 268, 270, 271, 273, 274, 275, 282, 287, 293, 294, 295, 296, 297, 298, 300, 301], "summary": {"covered_lines": 32, "num_statements": 52, "percent_covered": 61.53846153846154, "percent_covered_display": "62", "missing_lines": 20, "excluded_lines": 0}, "missing_lines": [243, 246, 255, 264, 265, 280, 281, 283, 284, 302, 303, 304, 306, 307, 308, 309, 310, 311, 312, 313], "excluded_lines": []}, "ModelInstaller._download_models_parallel": {"executed_lines": [330, 333, 335, 341, 342, 343, 344, 345, 347, 350, 352, 353, 354, 356], "summary": {"covered_lines": 14, "num_statements": 15, "percent_covered": 93.33333333333333, "percent_covered_display": "93", "missing_lines": 1, "excluded_lines": 0}, "missing_lines": [348], "excluded_lines": []}, "ModelInstaller.ensure_models_installed": {"executed_lines": [375, 377, 382, 396, 397, 407, 410, 413, 414, 415, 417, 423, 424, 425], "summary": {"covered_lines": 14, "num_statements": 45, "percent_covered": 31.11111111111111, "percent_covered_display": "31", "missing_lines": 31, "excluded_lines": 0}, "missing_lines": [378, 379, 383, 387, 393, 398, 404, 416, 419, 420, 421, 428, 429, 430, 433, 436, 437, 438, 439, 441, 444, 445, 451, 454, 456, 457, 458, 460, 461, 462, 464], "excluded_lines": []}, "get_installer": {"executed_lines": [480, 481, 482, 487], "summary": {"covered_lines": 4, "num_statements": 5, "percent_covered": 80.0, "percent_covered_display": "80", "missing_lines": 1, "excluded_lines": 0}, "missing_lines": [483], "excluded_lines": []}, "ensure_models_installed": {"executed_lines": [500, 501], "summary": {"covered_lines": 2, "num_statements": 2, "percent_covered": 100.0, "percent_covered_display": "100", "missing_lines": 0, "excluded_lines": 0}, "missing_lines": [], "excluded_lines": []}, "": {"executed_lines": [1, 3, 4, 5, 6, 7, 8, 9, 10, 12, 13, 17, 23, 26, 27, 29, 40, 57, 70, 98, 116, 149, 224, 315, 358, 466, 469, 490], "summary": {"covered_lines": 26, "num_statements": 28, "percent_covered": 92.85714285714286, "percent_covered_display": "93", "missing_lines": 2, "excluded_lines": 0}, "missing_lines": [14, 15], "excluded_lines": []}}, "classes": {"ModelInstaller": {"executed_lines": [36, 37, 38, 47, 50, 51, 52, 80, 81, 82, 84, 91, 92, 105, 106, 112, 123, 124, 131, 135, 136, 137, 138, 140, 141, 143, 160, 161, 163, 164, 204, 205, 210, 212, 234, 236, 242, 248, 250, 251, 252, 253, 254, 256, 258, 259, 260, 261, 262, 263, 268, 270, 271, 273, 274, 275, 282, 287, 293, 294, 295, 296, 297, 298, 300, 301, 330, 333, 335, 341, 342, 343, 344, 345, 347, 350, 352, 353, 354, 356, 375, 377, 382, 396, 397, 407, 410, 413, 414, 415, 417, 423, 424, 425], "summary": {"covered_lines": 94, "num_statements": 202, "percent_covered": 46.53465346534654, "percent_covered_display": "47", "missing_lines": 108, "excluded_lines": 0}, "missing_lines": [48, 53, 54, 55, 64, 65, 66, 67, 68, 85, 89, 94, 95, 96, 113, 114, 132, 145, 146, 147, 166, 167, 174, 175, 177, 178, 180, 181, 182, 183, 184, 185, 186, 187, 188, 189, 191, 192, 193, 194, 195, 196, 197, 198, 199, 201, 211, 214, 215, 216, 217, 218, 219, 220, 221, 222, 243, 246, 255, 264, 265, 280, 281, 283, 284, 302, 303, 304, 306, 307, 308, 309, 310, 311, 312, 313, 348, 378, 379, 383, 387, 393, 398, 404, 416, 419, 420, 421, 428, 429, 430, 433, 436, 437, 438, 439, 441, 444, 445, 451, 454, 456, 457, 458, 460, 461, 462, 464], "excluded_lines": []}, "": {"executed_lines": [1, 3, 4, 5, 6, 7, 8, 9, 10, 12, 13, 17, 23, 26, 27, 29, 40, 57, 70, 98, 116, 149, 224, 315, 358, 466, 469, 480, 481, 482, 487, 490, 500, 501], "summary": {"covered_lines": 32, "num_statements": 35, "percent_covered": 91.42857142857143, "percent_covered_display": "91", "missing_lines": 3, "excluded_lines": 0}, "missing_lines": [14, 15, 483], "excluded_lines": []}}}, "finance_feedback_engine/utils/rate_limiter.py": {"executed_lines": [1, 2, 3, 5, 6, 17, 18, 23, 24, 25, 26, 27, 29, 31, 32, 33, 34, 35, 36, 38, 43, 44, 48, 50, 55, 56, 58, 66], "summary": {"covered_lines": 26, "num_statements": 31, "percent_covered": 83.87096774193549, "percent_covered_display": "84", "missing_lines": 5, "excluded_lines": 26}, "missing_lines": [19, 45, 46, 47, 63], "excluded_lines": [66, 68, 69, 70, 71, 72, 73, 74, 75, 76, 77, 78, 81, 82, 84, 85, 86, 87, 88, 89, 90, 91, 92, 93, 94, 96], "functions": {"RateLimiter.__init__": {"executed_lines": [18, 23, 24, 25, 26, 27], "summary": {"covered_lines": 6, "num_statements": 7, "percent_covered": 85.71428571428571, "percent_covered_display": "86", "missing_lines": 1, "excluded_lines": 0}, "missing_lines": [19], "excluded_lines": []}, "RateLimiter._refill_tokens": {"executed_lines": [31, 32, 33, 34, 35, 36], "summary": {"covered_lines": 6, "num_statements": 6, "percent_covered": 100.0, "percent_covered_display": "100", "missing_lines": 0, "excluded_lines": 0}, "missing_lines": [], "excluded_lines": []}, "RateLimiter._wait_for_token_sync": {"executed_lines": [43, 44, 48], "summary": {"covered_lines": 3, "num_statements": 6, "percent_covered": 50.0, "percent_covered_display": "50", "missing_lines": 3, "excluded_lines": 0}, "missing_lines": [45, 46, 47], "excluded_lines": []}, "RateLimiter.wait_for_token": {"executed_lines": [55, 56], "summary": {"covered_lines": 2, "num_statements": 2, "percent_covered": 100.0, "percent_covered_display": "100", "missing_lines": 0, "excluded_lines": 0}, "missing_lines": [], "excluded_lines": []}, "RateLimiter.wait_for_token_async": {"executed_lines": [], "summary": {"covered_lines": 0, "num_statements": 1, "percent_covered": 0.0, "percent_covered_display": "0", "missing_lines": 1, "excluded_lines": 0}, "missing_lines": [63], "excluded_lines": []}, "make_async_requests": {"executed_lines": [], "summary": {"covered_lines": 0, "num_statements": 0, "percent_covered": 100.0, "percent_covered_display": "100", "missing_lines": 0, "excluded_lines": 6}, "missing_lines": [], "excluded_lines": [85, 86, 87, 92, 93, 94]}, "make_async_requests.request_func": {"executed_lines": [], "summary": {"covered_lines": 0, "num_statements": 0, "percent_covered": 100.0, "percent_covered_display": "100", "missing_lines": 0, "excluded_lines": 4}, "missing_lines": [], "excluded_lines": [88, 89, 90, 91]}, "": {"executed_lines": [1, 2, 3, 5, 6, 17, 29, 38, 50, 58, 66], "summary": {"covered_lines": 9, "num_statements": 9, "percent_covered": 100.0, "percent_covered_display": "100", "missing_lines": 0, "excluded_lines": 16}, "missing_lines": [], "excluded_lines": [66, 68, 69, 70, 71, 72, 73, 74, 75, 76, 77, 78, 81, 82, 84, 96]}}, "classes": {"RateLimiter": {"executed_lines": [18, 23, 24, 25, 26, 27, 31, 32, 33, 34, 35, 36, 43, 44, 48, 55, 56], "summary": {"covered_lines": 17, "num_statements": 22, "percent_covered": 77.27272727272727, "percent_covered_display": "77", "missing_lines": 5, "excluded_lines": 0}, "missing_lines": [19, 45, 46, 47, 63], "excluded_lines": []}, "": {"executed_lines": [1, 2, 3, 5, 6, 17, 29, 38, 50, 58, 66], "summary": {"covered_lines": 9, "num_statements": 9, "percent_covered": 100.0, "percent_covered_display": "100", "missing_lines": 0, "excluded_lines": 26}, "missing_lines": [], "excluded_lines": [66, 68, 69, 70, 71, 72, 73, 74, 75, 76, 77, 78, 81, 82, 84, 85, 86, 87, 88, 89, 90, 91, 92, 93, 94, 96]}}}, "finance_feedback_engine/utils/retry.py": {"executed_lines": [1, 3, 4, 5, 6, 7, 9, 12, 44, 45, 46, 47, 49, 50, 51, 52, 53, 55, 63, 69, 70, 72, 78, 84, 85, 88, 89, 92, 99, 106, 113, 114], "summary": {"covered_lines": 30, "num_statements": 35, "percent_covered": 85.71428571428571, "percent_covered_display": "86", "missing_lines": 5, "excluded_lines": 0}, "missing_lines": [56, 60, 81, 82, 116], "excluded_lines": [], "functions": {"exponential_backoff_retry": {"executed_lines": [44, 45, 85], "summary": {"covered_lines": 3, "num_statements": 3, "percent_covered": 100.0, "percent_covered_display": "100", "missing_lines": 0, "excluded_lines": 0}, "missing_lines": [], "excluded_lines": []}, "exponential_backoff_retry.decorator": {"executed_lines": [46, 84], "summary": {"covered_lines": 2, "num_statements": 2, "percent_covered": 100.0, "percent_covered_display": "100", "missing_lines": 0, "excluded_lines": 0}, "missing_lines": [], "excluded_lines": []}, "exponential_backoff_retry.decorator.wrapper": {"executed_lines": [47, 49, 50, 51, 52, 53, 55, 63, 69, 70, 72, 78], "summary": {"covered_lines": 12, "num_statements": 16, "percent_covered": 75.0, "percent_covered_display": "75", "missing_lines": 4, "excluded_lines": 0}, "missing_lines": [56, 60, 81, 82], "excluded_lines": []}, "RetryConfig.get_config": {"executed_lines": [], "summary": {"covered_lines": 0, "num_statements": 1, "percent_covered": 0.0, "percent_covered_display": "0", "missing_lines": 1, "excluded_lines": 0}, "missing_lines": [116], "excluded_lines": []}, "": {"executed_lines": [1, 3, 4, 5, 6, 7, 9, 12, 88, 89, 92, 99, 106, 113, 114], "summary": {"covered_lines": 13, "num_statements": 13, "percent_covered": 100.0, "percent_covered_display": "100", "missing_lines": 0, "excluded_lines": 0}, "missing_lines": [], "excluded_lines": []}}, "classes": {"RetryConfig": {"executed_lines": [], "summary": {"covered_lines": 0, "num_statements": 1, "percent_covered": 0.0, "percent_covered_display": "0", "missing_lines": 1, "excluded_lines": 0}, "missing_lines": [116], "excluded_lines": []}, "": {"executed_lines": [1, 3, 4, 5, 6, 7, 9, 12, 44, 45, 46, 47, 49, 50, 51, 52, 53, 55, 63, 69, 70, 72, 78, 84, 85, 88, 89, 92, 99, 106, 113, 114], "summary": {"covered_lines": 30, "num_statements": 34, "percent_covered": 88.23529411764706, "percent_covered_display": "88", "missing_lines": 4, "excluded_lines": 0}, "missing_lines": [56, 60, 81, 82], "excluded_lines": []}}}, "finance_feedback_engine/utils/validation.py": {"executed_lines": [1, 3, 4, 6, 9, 34, 35, 38, 40, 41, 47, 54, 60], "summary": {"covered_lines": 12, "num_statements": 13, "percent_covered": 92.3076923076923, "percent_covered_display": "92", "missing_lines": 1, "excluded_lines": 0}, "missing_lines": [48], "excluded_lines": [], "functions": {"standardize_asset_pair": {"executed_lines": [34, 35, 38, 40, 41, 47, 54, 60], "summary": {"covered_lines": 8, "num_statements": 9, "percent_covered": 88.88888888888889, "percent_covered_display": "89", "missing_lines": 1, "excluded_lines": 0}, "missing_lines": [48], "excluded_lines": []}, "": {"executed_lines": [1, 3, 4, 6, 9], "summary": {"covered_lines": 4, "num_statements": 4, "percent_covered": 100.0, "percent_covered_display": "100", "missing_lines": 0, "excluded_lines": 0}, "missing_lines": [], "excluded_lines": []}}, "classes": {"": {"executed_lines": [1, 3, 4, 6, 9, 34, 35, 38, 40, 41, 47, 54, 60], "summary": {"covered_lines": 12, "num_statements": 13, "percent_covered": 92.3076923076923, "percent_covered_display": "92", "missing_lines": 1, "excluded_lines": 0}, "missing_lines": [48], "excluded_lines": []}}}}, "totals": {"covered_lines": 3034, "num_statements": 7946, "percent_covered": 38.18273345079285, "percent_covered_display": "38", "missing_lines": 4912, "excluded_lines": 253}}