<?xml version="1.0" ?>
<coverage version="7.11.0" timestamp="1766608743254" lines-valid="19809" lines-covered="8379" line-rate="0.423" branches-valid="5744" branches-covered="1772" branch-rate="0.3085" complexity="0">
	<!-- Generated by coverage.py: https://coverage.readthedocs.io/en/7.11.0 -->
	<!-- Based on https://raw.githubusercontent.com/cobertura/web/master/htdocs/xml/coverage-04.dtd -->
	<sources>
		<source>/home/cmp6510/finance_feedback_engine-2.0/finance_feedback_engine</source>
	</sources>
	<packages>
		<package name="." line-rate="0.6593" branch-rate="0.6087" complexity="0">
			<classes>
				<class name="__init__.py" filename="__init__.py" complexity="0" line-rate="1" branch-rate="1">
					<methods/>
					<lines>
						<line number="8" hits="1"/>
						<line number="9" hits="1"/>
						<line number="11" hits="1"/>
						<line number="13" hits="1"/>
					</lines>
				</class>
				<class name="core.py" filename="core.py" complexity="0" line-rate="0.6358" branch-rate="0.6087">
					<methods/>
					<lines>
						<line number="3" hits="1"/>
						<line number="4" hits="1"/>
						<line number="5" hits="1"/>
						<line number="6" hits="1"/>
						<line number="7" hits="1"/>
						<line number="8" hits="1"/>
						<line number="9" hits="1"/>
						<line number="11" hits="1"/>
						<line number="13" hits="1"/>
						<line number="14" hits="1"/>
						<line number="15" hits="1"/>
						<line number="16" hits="1"/>
						<line number="23" hits="1"/>
						<line number="24" hits="1"/>
						<line number="25" hits="1"/>
						<line number="26" hits="1"/>
						<line number="27" hits="1"/>
						<line number="28" hits="1"/>
						<line number="29" hits="1"/>
						<line number="30" hits="1"/>
						<line number="31" hits="1"/>
						<line number="33" hits="1"/>
						<line number="39" hits="1"/>
						<line number="50" hits="1"/>
						<line number="63" hits="1"/>
						<line number="64" hits="1"/>
						<line number="66" hits="1"/>
						<line number="69" hits="1"/>
						<line number="72" hits="1"/>
						<line number="73" hits="1"/>
						<line number="74" hits="1"/>
						<line number="75" hits="1"/>
						<line number="78" hits="1"/>
						<line number="79" hits="1"/>
						<line number="80" hits="1"/>
						<line number="81" hits="1"/>
						<line number="82" hits="1"/>
						<line number="84" hits="0"/>
						<line number="85" hits="0"/>
						<line number="87" hits="0"/>
						<line number="88" hits="0"/>
						<line number="94" hits="1"/>
						<line number="98" hits="1"/>
						<line number="99" hits="1"/>
						<line number="104" hits="1"/>
						<line number="107" hits="1"/>
						<line number="110" hits="1"/>
						<line number="111" hits="1" branch="true" condition-coverage="50% (1/2)" missing-branches="112"/>
						<line number="112" hits="0"/>
						<line number="113" hits="0"/>
						<line number="117" hits="0"/>
						<line number="121" hits="0"/>
						<line number="122" hits="0"/>
						<line number="123" hits="0"/>
						<line number="124" hits="0"/>
						<line number="126" hits="1"/>
						<line number="127" hits="1"/>
						<line number="130" hits="1" branch="true" condition-coverage="100% (2/2)"/>
						<line number="132" hits="1"/>
						<line number="133" hits="1" branch="true" condition-coverage="100% (2/2)"/>
						<line number="134" hits="1"/>
						<line number="145" hits="1"/>
						<line number="146" hits="1" branch="true" condition-coverage="100% (2/2)"/>
						<line number="148" hits="1" branch="true" condition-coverage="100% (2/2)"/>
						<line number="149" hits="1"/>
						<line number="153" hits="1"/>
						<line number="155" hits="1"/>
						<line number="156" hits="1"/>
						<line number="159" hits="1" branch="true" condition-coverage="100% (2/2)"/>
						<line number="160" hits="1"/>
						<line number="164" hits="1"/>
						<line number="167" hits="1" branch="true" condition-coverage="100% (2/2)"/>
						<line number="168" hits="1"/>
						<line number="173" hits="1"/>
						<line number="176" hits="1" branch="true" condition-coverage="100% (2/2)"/>
						<line number="177" hits="1"/>
						<line number="178" hits="1" branch="true" condition-coverage="100% (2/2)"/>
						<line number="179" hits="1"/>
						<line number="181" hits="1"/>
						<line number="186" hits="1" branch="true" condition-coverage="50% (1/2)" missing-branches="187"/>
						<line number="187" hits="0"/>
						<line number="193" hits="0"/>
						<line number="198" hits="1"/>
						<line number="201" hits="1"/>
						<line number="203" hits="1" branch="true" condition-coverage="100% (2/2)"/>
						<line number="204" hits="1"/>
						<line number="205" hits="1"/>
						<line number="208" hits="1"/>
						<line number="211" hits="1"/>
						<line number="212" hits="1"/>
						<line number="213" hits="1" branch="true" condition-coverage="50% (1/2)" missing-branches="218"/>
						<line number="218" hits="0"/>
						<line number="224" hits="0"/>
						<line number="226" hits="0"/>
						<line number="227" hits="0"/>
						<line number="229" hits="1"/>
						<line number="233" hits="1"/>
						<line number="236" hits="0"/>
						<line number="237" hits="0"/>
						<line number="241" hits="0"/>
						<line number="244" hits="1"/>
						<line number="245" hits="1"/>
						<line number="250" hits="1"/>
						<line number="253" hits="1"/>
						<line number="254" hits="1"/>
						<line number="257" hits="1"/>
						<line number="258" hits="1"/>
						<line number="259" hits="1"/>
						<line number="262" hits="1"/>
						<line number="263" hits="1"/>
						<line number="264" hits="1" branch="true" condition-coverage="100% (2/2)"/>
						<line number="266" hits="1"/>
						<line number="267" hits="1" branch="true" condition-coverage="100% (2/2)"/>
						<line number="268" hits="1"/>
						<line number="269" hits="1"/>
						<line number="272" hits="1"/>
						<line number="273" hits="0"/>
						<line number="274" hits="0"/>
						<line number="277" hits="0"/>
						<line number="278" hits="0"/>
						<line number="279" hits="0"/>
						<line number="282" hits="0"/>
						<line number="283" hits="0"/>
						<line number="284" hits="0"/>
						<line number="288" hits="0"/>
						<line number="289" hits="0"/>
						<line number="290" hits="0"/>
						<line number="294" hits="0"/>
						<line number="296" hits="1"/>
						<line number="297" hits="1"/>
						<line number="299" hits="1"/>
						<line number="302" hits="1"/>
						<line number="303" hits="1"/>
						<line number="304" hits="1"/>
						<line number="307" hits="1"/>
						<line number="310" hits="1"/>
						<line number="311" hits="1"/>
						<line number="316" hits="1" branch="true" condition-coverage="100% (2/2)"/>
						<line number="317" hits="1"/>
						<line number="318" hits="1"/>
						<line number="319" hits="1"/>
						<line number="324" hits="1" branch="true" condition-coverage="100% (2/2)"/>
						<line number="325" hits="1"/>
						<line number="327" hits="1" branch="true" condition-coverage="100% (2/2)"/>
						<line number="328" hits="1"/>
						<line number="331" hits="1"/>
						<line number="333" hits="1"/>
						<line number="335" hits="1"/>
						<line number="337" hits="1"/>
						<line number="338" hits="1"/>
						<line number="341" hits="1"/>
						<line number="344" hits="1"/>
						<line number="351" hits="1"/>
						<line number="353" hits="1"/>
						<line number="357" hits="0"/>
						<line number="358" hits="0"/>
						<line number="361" hits="0"/>
						<line number="362" hits="0"/>
						<line number="367" hits="0"/>
						<line number="368" hits="0"/>
						<line number="372" hits="1"/>
						<line number="378" hits="1" branch="true" condition-coverage="50% (1/2)" missing-branches="379"/>
						<line number="379" hits="0"/>
						<line number="380" hits="0"/>
						<line number="381" hits="1"/>
						<line number="382" hits="1"/>
						<line number="385" hits="1"/>
						<line number="386" hits="1"/>
						<line number="387" hits="1"/>
						<line number="388" hits="1"/>
						<line number="389" hits="0"/>
						<line number="391" hits="0"/>
						<line number="392" hits="0"/>
						<line number="393" hits="0"/>
						<line number="394" hits="0"/>
						<line number="395" hits="0"/>
						<line number="396" hits="0"/>
						<line number="397" hits="0"/>
						<line number="398" hits="0"/>
						<line number="399" hits="0"/>
						<line number="400" hits="0"/>
						<line number="403" hits="0"/>
						<line number="404" hits="0"/>
						<line number="405" hits="0"/>
						<line number="406" hits="0"/>
						<line number="407" hits="0"/>
						<line number="408" hits="0"/>
						<line number="410" hits="0"/>
						<line number="416" hits="0"/>
						<line number="417" hits="1"/>
						<line number="418" hits="1"/>
						<line number="422" hits="1"/>
						<line number="430" hits="1"/>
						<line number="431" hits="1"/>
						<line number="436" hits="0"/>
						<line number="437" hits="0"/>
						<line number="441" hits="0"/>
						<line number="442" hits="0"/>
						<line number="444" hits="1"/>
						<line number="452" hits="1"/>
						<line number="454" hits="1"/>
						<line number="455" hits="1"/>
						<line number="462" hits="1"/>
						<line number="464" hits="1"/>
						<line number="469" hits="1"/>
						<line number="485" hits="1"/>
						<line number="486" hits="1"/>
						<line number="487" hits="1"/>
						<line number="488" hits="1"/>
						<line number="497" hits="0"/>
						<line number="502" hits="1"/>
						<line number="510" hits="1"/>
						<line number="513" hits="1"/>
						<line number="515" hits="1"/>
						<line number="518" hits="1"/>
						<line number="523" hits="1"/>
						<line number="526" hits="1"/>
						<line number="527" hits="1" branch="true" condition-coverage="50% (1/2)" missing-branches="552"/>
						<line number="528" hits="1"/>
						<line number="529" hits="1"/>
						<line number="530" hits="1"/>
						<line number="535" hits="0"/>
						<line number="536" hits="0"/>
						<line number="540" hits="0"/>
						<line number="541" hits="0"/>
						<line number="546" hits="0"/>
						<line number="547" hits="0"/>
						<line number="552" hits="1"/>
						<line number="553" hits="1" branch="true" condition-coverage="100% (2/2)"/>
						<line number="554" hits="1"/>
						<line number="555" hits="1"/>
						<line number="562" hits="1"/>
						<line number="563" hits="1"/>
						<line number="566" hits="1"/>
						<line number="567" hits="1" branch="true" condition-coverage="100% (2/2)"/>
						<line number="568" hits="1"/>
						<line number="573" hits="1"/>
						<line number="574" hits="1"/>
						<line number="575" hits="1"/>
						<line number="578" hits="1"/>
						<line number="579" hits="1"/>
						<line number="586" hits="1"/>
						<line number="588" hits="1"/>
						<line number="590" hits="1"/>
						<line number="593" hits="1"/>
						<line number="594" hits="1"/>
						<line number="597" hits="1"/>
						<line number="600" hits="1"/>
						<line number="610" hits="1"/>
						<line number="626" hits="1"/>
						<line number="628" hits="1"/>
						<line number="639" hits="1"/>
						<line number="642" hits="1"/>
						<line number="645" hits="1"/>
						<line number="647" hits="1"/>
						<line number="659" hits="1"/>
						<line number="663" hits="1" branch="true" condition-coverage="50% (1/2)" missing-branches="668"/>
						<line number="664" hits="1"/>
						<line number="668" hits="1"/>
						<line number="670" hits="1"/>
						<line number="684" hits="0" branch="true" condition-coverage="0% (0/2)" missing-branches="685,688"/>
						<line number="685" hits="0"/>
						<line number="686" hits="0"/>
						<line number="688" hits="0"/>
						<line number="689" hits="0"/>
						<line number="692" hits="0"/>
						<line number="693" hits="0"/>
						<line number="696" hits="0"/>
						<line number="704" hits="0"/>
						<line number="707" hits="0"/>
						<line number="708" hits="0"/>
						<line number="709" hits="0"/>
						<line number="710" hits="0"/>
						<line number="712" hits="1"/>
						<line number="723" hits="1" branch="true" condition-coverage="100% (2/2)"/>
						<line number="724" hits="1"/>
						<line number="725" hits="1" branch="true" condition-coverage="100% (2/2)"/>
						<line number="726" hits="1"/>
						<line number="727" hits="1"/>
						<line number="728" hits="1"/>
						<line number="735" hits="1"/>
						<line number="736" hits="1"/>
						<line number="737" hits="1"/>
						<line number="740" hits="1"/>
						<line number="741" hits="1"/>
						<line number="743" hits="1"/>
						<line number="745" hits="1"/>
						<line number="747" hits="1"/>
						<line number="748" hits="1"/>
						<line number="749" hits="1"/>
						<line number="751" hits="1"/>
						<line number="758" hits="1"/>
						<line number="760" hits="1"/>
						<line number="773" hits="1"/>
						<line number="775" hits="1"/>
						<line number="785" hits="1"/>
						<line number="786" hits="1" branch="true" condition-coverage="100% (2/2)"/>
						<line number="787" hits="1"/>
						<line number="790" hits="1"/>
						<line number="793" hits="1"/>
						<line number="794" hits="1"/>
						<line number="795" hits="1" branch="true" condition-coverage="50% (1/2)" missing-branches="799"/>
						<line number="796" hits="1"/>
						<line number="799" hits="1" branch="true" condition-coverage="50% (1/2)" missing-branches="800"/>
						<line number="800" hits="0"/>
						<line number="802" hits="0"/>
						<line number="803" hits="0"/>
						<line number="808" hits="1"/>
						<line number="809" hits="1"/>
						<line number="811" hits="0"/>
						<line number="812" hits="0"/>
						<line number="813" hits="0"/>
						<line number="814" hits="0"/>
						<line number="815" hits="0"/>
						<line number="816" hits="0"/>
						<line number="817" hits="1"/>
						<line number="819" hits="0"/>
						<line number="823" hits="0"/>
						<line number="824" hits="0"/>
						<line number="825" hits="0"/>
						<line number="826" hits="0"/>
						<line number="827" hits="0"/>
						<line number="828" hits="1"/>
						<line number="830" hits="1"/>
						<line number="831" hits="1"/>
						<line number="832" hits="1"/>
						<line number="833" hits="1"/>
						<line number="834" hits="1"/>
						<line number="835" hits="1"/>
						<line number="838" hits="1"/>
						<line number="839" hits="1"/>
						<line number="840" hits="1"/>
						<line number="841" hits="1"/>
						<line number="844" hits="1"/>
						<line number="846" hits="1"/>
						<line number="848" hits="1"/>
						<line number="855" hits="1" branch="true" condition-coverage="50% (1/2)" missing-branches="856"/>
						<line number="856" hits="0"/>
						<line number="863" hits="1"/>
						<line number="864" hits="1"/>
						<line number="865" hits="1" branch="true" condition-coverage="50% (1/2)" missing-branches="866"/>
						<line number="866" hits="0"/>
						<line number="869" hits="0"/>
						<line number="870" hits="0"/>
						<line number="871" hits="0"/>
						<line number="876" hits="0"/>
						<line number="877" hits="0"/>
						<line number="881" hits="0" branch="true" condition-coverage="0% (0/2)" missing-branches="882,886"/>
						<line number="882" hits="0"/>
						<line number="886" hits="0" branch="true" condition-coverage="0% (0/2)" missing-branches="exit,887"/>
						<line number="887" hits="0"/>
						<line number="890" hits="0"/>
						<line number="892" hits="0"/>
						<line number="895" hits="0"/>
						<line number="897" hits="0"/>
						<line number="898" hits="0"/>
						<line number="900" hits="1"/>
						<line number="928" hits="0"/>
						<line number="930" hits="0"/>
						<line number="936" hits="0" branch="true" condition-coverage="0% (0/2)" missing-branches="937,941"/>
						<line number="937" hits="0"/>
						<line number="939" hits="0"/>
						<line number="940" hits="0"/>
						<line number="941" hits="0"/>
						<line number="956" hits="1"/>
						<line number="977" hits="1" branch="true" condition-coverage="50% (1/2)" missing-branches="978"/>
						<line number="978" hits="0"/>
						<line number="981" hits="0"/>
						<line number="984" hits="1"/>
						<line number="985" hits="1" branch="true" condition-coverage="50% (1/2)" missing-branches="986"/>
						<line number="986" hits="0"/>
						<line number="989" hits="1"/>
						<line number="997" hits="1"/>
						<line number="1002" hits="1"/>
						<line number="1003" hits="1"/>
						<line number="1004" hits="1" branch="true" condition-coverage="50% (1/2)" missing-branches="1109"/>
						<line number="1006" hits="1"/>
						<line number="1007" hits="1"/>
						<line number="1012" hits="1"/>
						<line number="1013" hits="1" branch="true" condition-coverage="50% (1/2)" missing-branches="1016"/>
						<line number="1014" hits="1"/>
						<line number="1016" hits="0"/>
						<line number="1022" hits="0"/>
						<line number="1025" hits="1"/>
						<line number="1026" hits="1"/>
						<line number="1027" hits="1"/>
						<line number="1028" hits="0"/>
						<line number="1029" hits="0"/>
						<line number="1031" hits="1" branch="true" condition-coverage="50% (1/2)" missing-branches="1033"/>
						<line number="1033" hits="0"/>
						<line number="1034" hits="0"/>
						<line number="1039" hits="0"/>
						<line number="1044" hits="0"/>
						<line number="1045" hits="0"/>
						<line number="1048" hits="1"/>
						<line number="1049" hits="1"/>
						<line number="1050" hits="1"/>
						<line number="1053" hits="1"/>
						<line number="1058" hits="1"/>
						<line number="1061" hits="1"/>
						<line number="1062" hits="1"/>
						<line number="1069" hits="1"/>
						<line number="1070" hits="1" branch="true" condition-coverage="50% (1/2)" missing-branches="1075"/>
						<line number="1071" hits="1"/>
						<line number="1075" hits="0"/>
						<line number="1076" hits="1"/>
						<line number="1079" hits="1"/>
						<line number="1080" hits="0"/>
						<line number="1081" hits="0"/>
						<line number="1084" hits="1"/>
						<line number="1086" hits="1"/>
						<line number="1087" hits="1"/>
						<line number="1090" hits="1"/>
						<line number="1091" hits="0"/>
						<line number="1092" hits="0"/>
						<line number="1095" hits="0"/>
						<line number="1096" hits="0"/>
						<line number="1099" hits="0"/>
						<line number="1100" hits="0"/>
						<line number="1103" hits="0"/>
						<line number="1104" hits="0"/>
						<line number="1109" hits="1"/>
						<line number="1111" hits="1"/>
						<line number="1123" hits="0" branch="true" condition-coverage="0% (0/2)" missing-branches="1124,1127"/>
						<line number="1124" hits="0"/>
						<line number="1125" hits="0"/>
						<line number="1127" hits="0"/>
						<line number="1129" hits="0"/>
						<line number="1131" hits="1"/>
						<line number="1143" hits="0" branch="true" condition-coverage="0% (0/2)" missing-branches="1144,1146"/>
						<line number="1144" hits="0"/>
						<line number="1146" hits="0"/>
						<line number="1148" hits="1"/>
						<line number="1155" hits="0" branch="true" condition-coverage="0% (0/2)" missing-branches="1156,1159"/>
						<line number="1156" hits="0"/>
						<line number="1157" hits="0"/>
						<line number="1159" hits="0"/>
						<line number="1161" hits="1"/>
						<line number="1163" hits="0" branch="true" condition-coverage="0% (0/2)" missing-branches="exit,1164"/>
						<line number="1164" hits="0"/>
						<line number="1165" hits="0"/>
						<line number="1167" hits="1"/>
						<line number="1174" hits="0" branch="true" condition-coverage="0% (0/2)" missing-branches="1175,1177"/>
						<line number="1175" hits="0"/>
						<line number="1177" hits="0"/>
						<line number="1179" hits="1"/>
						<line number="1187" hits="1"/>
						<line number="1189" hits="1"/>
						<line number="1190" hits="1" branch="true" condition-coverage="50% (1/2)" missing-branches="exit"/>
						<line number="1191" hits="1"/>
						<line number="1193" hits="1" branch="true" condition-coverage="50% (1/2)" missing-branches="1197"/>
						<line number="1196" hits="1"/>
						<line number="1197" hits="1"/>
						<line number="1198" hits="0"/>
						<line number="1199" hits="0"/>
						<line number="1201" hits="1"/>
						<line number="1203" hits="0"/>
						<line number="1205" hits="1"/>
						<line number="1207" hits="0"/>
						<line number="1208" hits="0"/>
						<line number="1210" hits="1"/>
						<line number="1217" hits="0"/>
						<line number="1219" hits="1"/>
						<line number="1221" hits="0"/>
					</lines>
				</class>
				<class name="exceptions.py" filename="exceptions.py" complexity="0" line-rate="1" branch-rate="1">
					<methods/>
					<lines>
						<line number="9" hits="1"/>
						<line number="15" hits="1"/>
						<line number="21" hits="1"/>
						<line number="27" hits="1"/>
						<line number="33" hits="1"/>
						<line number="39" hits="1"/>
						<line number="45" hits="1"/>
						<line number="51" hits="1"/>
						<line number="57" hits="1"/>
						<line number="63" hits="1"/>
						<line number="69" hits="1"/>
						<line number="75" hits="1"/>
						<line number="81" hits="1"/>
						<line number="87" hits="1"/>
						<line number="93" hits="1"/>
						<line number="99" hits="1"/>
						<line number="105" hits="1"/>
						<line number="111" hits="1"/>
						<line number="117" hits="1"/>
						<line number="123" hits="1"/>
						<line number="129" hits="1"/>
						<line number="135" hits="1"/>
						<line number="141" hits="1"/>
						<line number="147" hits="1"/>
						<line number="153" hits="1"/>
						<line number="159" hits="1"/>
						<line number="165" hits="1"/>
						<line number="172" hits="1"/>
					</lines>
				</class>
			</classes>
		</package>
		<package name="agent" line-rate="0.4191" branch-rate="0.3087" complexity="0">
			<classes>
				<class name="config.py" filename="agent/config.py" complexity="0" line-rate="0.8966" branch-rate="0.6667">
					<methods/>
					<lines>
						<line number="1" hits="1"/>
						<line number="3" hits="1"/>
						<line number="6" hits="1"/>
						<line number="9" hits="1"/>
						<line number="10" hits="1"/>
						<line number="11" hits="1"/>
						<line number="14" hits="1"/>
						<line number="23" hits="1"/>
						<line number="24" hits="1"/>
						<line number="25" hits="1"/>
						<line number="29" hits="1"/>
						<line number="30" hits="1"/>
						<line number="31" hits="1"/>
						<line number="34" hits="1"/>
						<line number="35" hits="1"/>
						<line number="36" hits="1"/>
						<line number="46" hits="1"/>
						<line number="47" hits="1"/>
						<line number="56" hits="1"/>
						<line number="57" hits="1"/>
						<line number="58" hits="1"/>
						<line number="59" hits="1"/>
						<line number="62" hits="1"/>
						<line number="64" hits="1"/>
						<line number="71" hits="1"/>
						<line number="72" hits="1"/>
						<line number="79" hits="1" branch="true" condition-coverage="100% (2/2)"/>
						<line number="80" hits="1"/>
						<line number="81" hits="1"/>
						<line number="83" hits="1"/>
						<line number="84" hits="1"/>
						<line number="92" hits="1" branch="true" condition-coverage="50% (1/2)" missing-branches="96"/>
						<line number="96" hits="0"/>
						<line number="97" hits="1"/>
						<line number="99" hits="1"/>
						<line number="100" hits="1"/>
						<line number="101" hits="1"/>
						<line number="109" hits="1"/>
						<line number="110" hits="1" branch="true" condition-coverage="50% (1/2)" missing-branches="123"/>
						<line number="111" hits="1"/>
						<line number="112" hits="1" branch="true" condition-coverage="100% (2/2)"/>
						<line number="113" hits="1"/>
						<line number="115" hits="1" branch="true" condition-coverage="50% (1/2)" missing-branches="116"/>
						<line number="116" hits="0"/>
						<line number="117" hits="1" branch="true" condition-coverage="50% (1/2)" missing-branches="118"/>
						<line number="118" hits="0"/>
						<line number="119" hits="1"/>
						<line number="120" hits="0"/>
						<line number="122" hits="0"/>
						<line number="123" hits="0"/>
						<line number="126" hits="1"/>
						<line number="127" hits="1"/>
						<line number="128" hits="1"/>
						<line number="129" hits="1"/>
						<line number="133" hits="1"/>
						<line number="136" hits="1"/>
						<line number="137" hits="1"/>
						<line number="138" hits="1"/>
					</lines>
				</class>
				<class name="trading_loop_agent.py" filename="agent/trading_loop_agent.py" complexity="0" line-rate="0.3774" branch-rate="0.289">
					<methods/>
					<lines>
						<line number="3" hits="1"/>
						<line number="4" hits="1"/>
						<line number="5" hits="1"/>
						<line number="6" hits="1"/>
						<line number="7" hits="1"/>
						<line number="8" hits="1"/>
						<line number="10" hits="1"/>
						<line number="12" hits="1"/>
						<line number="13" hits="1"/>
						<line number="14" hits="1"/>
						<line number="15" hits="1"/>
						<line number="16" hits="1"/>
						<line number="18" hits="1"/>
						<line number="19" hits="1"/>
						<line number="20" hits="1"/>
						<line number="23" hits="1"/>
						<line number="26" hits="1"/>
						<line number="27" hits="1"/>
						<line number="28" hits="1"/>
						<line number="29" hits="1"/>
						<line number="30" hits="1"/>
						<line number="31" hits="1"/>
						<line number="34" hits="1"/>
						<line number="39" hits="1"/>
						<line number="47" hits="1"/>
						<line number="48" hits="1"/>
						<line number="49" hits="1"/>
						<line number="50" hits="1"/>
						<line number="51" hits="1"/>
						<line number="55" hits="1"/>
						<line number="56" hits="1"/>
						<line number="57" hits="1"/>
						<line number="58" hits="0"/>
						<line number="59" hits="0"/>
						<line number="61" hits="1"/>
						<line number="68" hits="1"/>
						<line number="69" hits="1"/>
						<line number="70" hits="1"/>
						<line number="71" hits="1"/>
						<line number="73" hits="1"/>
						<line number="74" hits="1"/>
						<line number="75" hits="1"/>
						<line number="76" hits="1"/>
						<line number="79" hits="1"/>
						<line number="95" hits="1"/>
						<line number="96" hits="1"/>
						<line number="97" hits="1"/>
						<line number="98" hits="1"/>
						<line number="101" hits="1"/>
						<line number="104" hits="1"/>
						<line number="107" hits="1"/>
						<line number="109" hits="1"/>
						<line number="112" hits="1"/>
						<line number="113" hits="1"/>
						<line number="116" hits="1"/>
						<line number="119" hits="1"/>
						<line number="120" hits="1"/>
						<line number="121" hits="1"/>
						<line number="124" hits="1"/>
						<line number="125" hits="1" branch="true" condition-coverage="100% (2/2)"/>
						<line number="126" hits="1"/>
						<line number="133" hits="1"/>
						<line number="134" hits="1"/>
						<line number="136" hits="1"/>
						<line number="139" hits="1"/>
						<line number="148" hits="1"/>
						<line number="161" hits="1" branch="true" condition-coverage="50% (1/2)" missing-branches="162"/>
						<line number="162" hits="0"/>
						<line number="163" hits="0"/>
						<line number="166" hits="1" branch="true" condition-coverage="50% (1/2)" missing-branches="167"/>
						<line number="167" hits="0"/>
						<line number="168" hits="0"/>
						<line number="171" hits="1"/>
						<line number="173" hits="1"/>
						<line number="180" hits="1"/>
						<line number="183" hits="1"/>
						<line number="184" hits="1" branch="true" condition-coverage="50% (1/2)" missing-branches="187"/>
						<line number="185" hits="1"/>
						<line number="187" hits="0"/>
						<line number="189" hits="1" branch="true" condition-coverage="100% (2/2)"/>
						<line number="190" hits="1"/>
						<line number="193" hits="1"/>
						<line number="194" hits="1" branch="true" condition-coverage="100% (2/2)"/>
						<line number="195" hits="1"/>
						<line number="196" hits="1"/>
						<line number="198" hits="1"/>
						<line number="199" hits="1"/>
						<line number="200" hits="1"/>
						<line number="202" hits="1" branch="true" condition-coverage="50% (1/2)" missing-branches="203"/>
						<line number="203" hits="0"/>
						<line number="204" hits="1" branch="true" condition-coverage="50% (1/2)" missing-branches="205"/>
						<line number="205" hits="0"/>
						<line number="206" hits="1" branch="true" condition-coverage="50% (1/2)" missing-branches="207"/>
						<line number="207" hits="0"/>
						<line number="209" hits="1" branch="true" condition-coverage="50% (1/2)" missing-branches="210"/>
						<line number="210" hits="0"/>
						<line number="212" hits="1"/>
						<line number="214" hits="1"/>
						<line number="227" hits="1"/>
						<line number="228" hits="1"/>
						<line number="230" hits="1"/>
						<line number="231" hits="1"/>
						<line number="233" hits="1"/>
						<line number="236" hits="1"/>
						<line number="237" hits="1" branch="true" condition-coverage="50% (1/2)" missing-branches="564"/>
						<line number="238" hits="1"/>
						<line number="240" hits="1"/>
						<line number="242" hits="1"/>
						<line number="245" hits="1"/>
						<line number="248" hits="1" branch="true" condition-coverage="50% (1/2)" missing-branches="249"/>
						<line number="249" hits="0"/>
						<line number="252" hits="0" branch="true" condition-coverage="0% (0/2)" missing-branches="255,403"/>
						<line number="255" hits="0"/>
						<line number="259" hits="0" branch="true" condition-coverage="0% (0/2)" missing-branches="260,374"/>
						<line number="260" hits="0"/>
						<line number="261" hits="0"/>
						<line number="264" hits="0"/>
						<line number="267" hits="0" branch="true" condition-coverage="0% (0/2)" missing-branches="271,374"/>
						<line number="271" hits="0"/>
						<line number="276" hits="0"/>
						<line number="283" hits="0" branch="true" condition-coverage="0% (0/2)" missing-branches="284,286"/>
						<line number="284" hits="0"/>
						<line number="286" hits="0"/>
						<line number="288" hits="0"/>
						<line number="293" hits="0"/>
						<line number="298" hits="0"/>
						<line number="301" hits="0" branch="true" condition-coverage="0% (0/2)" missing-branches="302,325"/>
						<line number="302" hits="0"/>
						<line number="307" hits="0"/>
						<line number="312" hits="0" branch="true" condition-coverage="0% (0/2)" missing-branches="314,325"/>
						<line number="314" hits="0"/>
						<line number="317" hits="0" branch="true" condition-coverage="0% (0/2)" missing-branches="318,325"/>
						<line number="318" hits="0"/>
						<line number="321" hits="0"/>
						<line number="325" hits="0" branch="true" condition-coverage="0% (0/2)" missing-branches="326,369"/>
						<line number="326" hits="0"/>
						<line number="331" hits="0"/>
						<line number="336" hits="0"/>
						<line number="341" hits="0"/>
						<line number="346" hits="0"/>
						<line number="352" hits="0"/>
						<line number="356" hits="0"/>
						<line number="369" hits="0"/>
						<line number="374" hits="0" branch="true" condition-coverage="0% (0/2)" missing-branches="252,375"/>
						<line number="375" hits="0" branch="true" condition-coverage="0% (0/2)" missing-branches="252,376"/>
						<line number="376" hits="0"/>
						<line number="377" hits="0" branch="true" condition-coverage="0% (0/2)" missing-branches="375,379"/>
						<line number="379" hits="0"/>
						<line number="380" hits="0" branch="true" condition-coverage="0% (0/2)" missing-branches="382,384"/>
						<line number="382" hits="0"/>
						<line number="384" hits="0"/>
						<line number="403" hits="1"/>
						<line number="406" hits="1" branch="true" condition-coverage="50% (1/2)" missing-branches="407"/>
						<line number="407" hits="0"/>
						<line number="409" hits="0"/>
						<line number="410" hits="0"/>
						<line number="413" hits="0"/>
						<line number="414" hits="0"/>
						<line number="417" hits="0"/>
						<line number="420" hits="0"/>
						<line number="425" hits="0"/>
						<line number="426" hits="0" branch="true" condition-coverage="0% (0/2)" missing-branches="427,436"/>
						<line number="427" hits="0"/>
						<line number="428" hits="0" branch="true" condition-coverage="0% (0/2)" missing-branches="429,436"/>
						<line number="429" hits="0"/>
						<line number="433" hits="0"/>
						<line number="436" hits="0"/>
						<line number="467" hits="0" branch="true" condition-coverage="0% (0/2)" missing-branches="468,474"/>
						<line number="468" hits="0"/>
						<line number="469" hits="0"/>
						<line number="474" hits="0"/>
						<line number="500" hits="0"/>
						<line number="501" hits="0"/>
						<line number="504" hits="0"/>
						<line number="507" hits="0"/>
						<line number="510" hits="0"/>
						<line number="521" hits="0"/>
						<line number="522" hits="0"/>
						<line number="526" hits="0"/>
						<line number="529" hits="1" branch="true" condition-coverage="50% (1/2)" missing-branches="530"/>
						<line number="530" hits="0"/>
						<line number="533" hits="0"/>
						<line number="538" hits="1"/>
						<line number="541" hits="1"/>
						<line number="542" hits="1"/>
						<line number="544" hits="1"/>
						<line number="545" hits="1"/>
						<line number="546" hits="1" branch="true" condition-coverage="50% (1/2)" missing-branches="547"/>
						<line number="547" hits="0"/>
						<line number="552" hits="0"/>
						<line number="553" hits="0"/>
						<line number="556" hits="1"/>
						<line number="557" hits="1"/>
						<line number="561" hits="1"/>
						<line number="564" hits="0"/>
						<line number="566" hits="1"/>
						<line number="573" hits="1"/>
						<line number="574" hits="1"/>
						<line number="575" hits="1"/>
						<line number="576" hits="1"/>
						<line number="577" hits="1"/>
						<line number="580" hits="1"/>
						<line number="581" hits="1"/>
						<line number="585" hits="0"/>
						<line number="586" hits="0"/>
						<line number="590" hits="0"/>
						<line number="593" hits="1" branch="true" condition-coverage="100% (2/2)"/>
						<line number="594" hits="1"/>
						<line number="596" hits="1"/>
						<line number="598" hits="1" branch="true" condition-coverage="100% (2/2)"/>
						<line number="599" hits="1"/>
						<line number="602" hits="1"/>
						<line number="605" hits="1"/>
						<line number="607" hits="1"/>
						<line number="609" hits="0"/>
						<line number="610" hits="0"/>
						<line number="611" hits="0"/>
						<line number="612" hits="0"/>
						<line number="613" hits="0"/>
						<line number="614" hits="0"/>
						<line number="616" hits="1"/>
						<line number="618" hits="1"/>
						<line number="619" hits="1"/>
						<line number="620" hits="1"/>
						<line number="623" hits="1"/>
						<line number="632" hits="1"/>
						<line number="636" hits="1"/>
						<line number="638" hits="1"/>
						<line number="639" hits="1"/>
						<line number="641" hits="1" branch="true" condition-coverage="100% (2/2)"/>
						<line number="645" hits="1" branch="true" condition-coverage="100% (2/2)"/>
						<line number="648" hits="1"/>
						<line number="650" hits="1" branch="true" condition-coverage="100% (2/2)"/>
						<line number="651" hits="1"/>
						<line number="652" hits="1"/>
						<line number="654" hits="1"/>
						<line number="661" hits="1" branch="true" condition-coverage="50% (1/2)" missing-branches="exit"/>
						<line number="662" hits="1"/>
						<line number="663" hits="1"/>
						<line number="664" hits="0"/>
						<line number="666" hits="0"/>
						<line number="667" hits="0"/>
						<line number="670" hits="0"/>
						<line number="672" hits="0"/>
						<line number="674" hits="1"/>
						<line number="682" hits="1"/>
						<line number="683" hits="1"/>
						<line number="686" hits="1"/>
						<line number="688" hits="1"/>
						<line number="692" hits="1"/>
						<line number="695" hits="1" branch="true" condition-coverage="50% (1/2)" missing-branches="724"/>
						<line number="699" hits="1"/>
						<line number="701" hits="1"/>
						<line number="705" hits="1"/>
						<line number="707" hits="1" branch="true" condition-coverage="100% (2/2)"/>
						<line number="708" hits="1"/>
						<line number="713" hits="1"/>
						<line number="714" hits="1"/>
						<line number="715" hits="1"/>
						<line number="716" hits="1"/>
						<line number="724" hits="1"/>
						<line number="725" hits="1" branch="true" condition-coverage="50% (1/2)" missing-branches="726"/>
						<line number="726" hits="0"/>
						<line number="730" hits="0"/>
						<line number="731" hits="0"/>
						<line number="734" hits="1" branch="true" condition-coverage="50% (1/2)" missing-branches="735"/>
						<line number="735" hits="0"/>
						<line number="736" hits="0" branch="true" condition-coverage="0% (0/2)" missing-branches="737,745"/>
						<line number="737" hits="0"/>
						<line number="741" hits="0"/>
						<line number="742" hits="0"/>
						<line number="745" hits="1" branch="true" condition-coverage="50% (1/2)" missing-branches="747"/>
						<line number="747" hits="0"/>
						<line number="751" hits="0"/>
						<line number="752" hits="0" branch="true" condition-coverage="0% (0/2)" missing-branches="755,763"/>
						<line number="755" hits="0"/>
						<line number="759" hits="0"/>
						<line number="760" hits="0"/>
						<line number="763" hits="1"/>
						<line number="764" hits="1" branch="true" condition-coverage="50% (1/2)" missing-branches="765"/>
						<line number="765" hits="0"/>
						<line number="768" hits="0"/>
						<line number="769" hits="0"/>
						<line number="771" hits="0" branch="true" condition-coverage="0% (0/2)" missing-branches="772,781"/>
						<line number="772" hits="0"/>
						<line number="773" hits="0"/>
						<line number="774" hits="0"/>
						<line number="781" hits="1"/>
						<line number="783" hits="1"/>
						<line number="787" hits="1"/>
						<line number="789" hits="1"/>
						<line number="792" hits="1"/>
						<line number="795" hits="1"/>
						<line number="796" hits="1" branch="true" condition-coverage="50% (1/2)" missing-branches="797"/>
						<line number="797" hits="0"/>
						<line number="798" hits="0" branch="true" condition-coverage="0% (0/2)" missing-branches="796,803"/>
						<line number="803" hits="0"/>
						<line number="806" hits="0"/>
						<line number="807" hits="0"/>
						<line number="809" hits="1" branch="true" condition-coverage="100% (2/2)"/>
						<line number="810" hits="1"/>
						<line number="813" hits="1"/>
						<line number="814" hits="1" branch="true" condition-coverage="50% (1/2)" missing-branches="815"/>
						<line number="815" hits="0" branch="true" condition-coverage="0% (0/2)" missing-branches="814,816"/>
						<line number="816" hits="0"/>
						<line number="819" hits="0"/>
						<line number="820" hits="0"/>
						<line number="821" hits="1" branch="true" condition-coverage="50% (1/2)" missing-branches="822"/>
						<line number="822" hits="0"/>
						<line number="824" hits="1" branch="true" condition-coverage="50% (1/2)" missing-branches="825"/>
						<line number="825" hits="0"/>
						<line number="828" hits="0"/>
						<line number="831" hits="1"/>
						<line number="832" hits="1"/>
						<line number="834" hits="1"/>
						<line number="835" hits="1"/>
						<line number="837" hits="1" branch="true" condition-coverage="50% (1/2)" missing-branches="839"/>
						<line number="838" hits="1"/>
						<line number="839" hits="0" branch="true" condition-coverage="0% (0/2)" missing-branches="840,842"/>
						<line number="840" hits="0"/>
						<line number="842" hits="0"/>
						<line number="847" hits="1"/>
						<line number="849" hits="1" branch="true" condition-coverage="50% (1/2)" missing-branches="852"/>
						<line number="850" hits="1"/>
						<line number="852" hits="0"/>
						<line number="854" hits="1"/>
						<line number="860" hits="1"/>
						<line number="861" hits="1"/>
						<line number="863" hits="1" branch="true" condition-coverage="100% (2/2)"/>
						<line number="864" hits="1" branch="true" condition-coverage="100% (2/2)"/>
						<line number="865" hits="1"/>
						<line number="866" hits="1"/>
						<line number="870" hits="1"/>
						<line number="874" hits="1"/>
						<line number="876" hits="0"/>
						<line number="877" hits="0"/>
						<line number="880" hits="0"/>
						<line number="881" hits="0"/>
						<line number="884" hits="0"/>
						<line number="885" hits="0"/>
						<line number="886" hits="0"/>
						<line number="887" hits="0"/>
						<line number="890" hits="0"/>
						<line number="897" hits="1" branch="true" condition-coverage="100% (2/2)"/>
						<line number="898" hits="1"/>
						<line number="901" hits="1"/>
						<line number="903" hits="1"/>
						<line number="904" hits="1"/>
						<line number="906" hits="1"/>
						<line number="911" hits="0"/>
						<line number="913" hits="0" branch="true" condition-coverage="0% (0/2)" missing-branches="914,918"/>
						<line number="914" hits="0"/>
						<line number="915" hits="0"/>
						<line number="916" hits="0"/>
						<line number="918" hits="0"/>
						<line number="919" hits="0" branch="true" condition-coverage="0% (0/2)" missing-branches="920,988"/>
						<line number="920" hits="0"/>
						<line number="921" hits="0"/>
						<line number="924" hits="0"/>
						<line number="925" hits="0"/>
						<line number="928" hits="0"/>
						<line number="929" hits="0"/>
						<line number="932" hits="0"/>
						<line number="935" hits="0"/>
						<line number="940" hits="0" branch="true" condition-coverage="0% (0/2)" missing-branches="941,949"/>
						<line number="941" hits="0"/>
						<line number="945" hits="0" branch="true" condition-coverage="0% (0/2)" missing-branches="946,949"/>
						<line number="946" hits="0"/>
						<line number="947" hits="0"/>
						<line number="949" hits="0" branch="true" condition-coverage="0% (0/2)" missing-branches="950,969"/>
						<line number="950" hits="0"/>
						<line number="953" hits="0"/>
						<line number="956" hits="0"/>
						<line number="969" hits="0"/>
						<line number="972" hits="0"/>
						<line number="978" hits="0"/>
						<line number="988" hits="0"/>
						<line number="990" hits="0" branch="true" condition-coverage="0% (0/2)" missing-branches="991,996"/>
						<line number="991" hits="0"/>
						<line number="994" hits="0"/>
						<line number="996" hits="0"/>
						<line number="997" hits="0"/>
						<line number="999" hits="1"/>
						<line number="1012" hits="0"/>
						<line number="1014" hits="0" branch="true" condition-coverage="0% (0/2)" missing-branches="1015,1021"/>
						<line number="1015" hits="0"/>
						<line number="1021" hits="0" branch="true" condition-coverage="0% (0/2)" missing-branches="1022,1033"/>
						<line number="1022" hits="0"/>
						<line number="1023" hits="0" branch="true" condition-coverage="0% (0/2)" missing-branches="1025,1033"/>
						<line number="1025" hits="0"/>
						<line number="1026" hits="0" branch="true" condition-coverage="0% (0/2)" missing-branches="1027,1033"/>
						<line number="1027" hits="0"/>
						<line number="1033" hits="0"/>
						<line number="1034" hits="0"/>
						<line number="1036" hits="0" branch="true" condition-coverage="0% (0/2)" missing-branches="1037,1047"/>
						<line number="1037" hits="0"/>
						<line number="1038" hits="0" branch="true" condition-coverage="0% (0/2)" missing-branches="1039,1047"/>
						<line number="1039" hits="0"/>
						<line number="1040" hits="0" branch="true" condition-coverage="0% (0/2)" missing-branches="1041,1047"/>
						<line number="1041" hits="0"/>
						<line number="1047" hits="0"/>
						<line number="1049" hits="0"/>
						<line number="1050" hits="0"/>
						<line number="1052" hits="0"/>
						<line number="1053" hits="0"/>
						<line number="1054" hits="0"/>
						<line number="1056" hits="0"/>
						<line number="1057" hits="0"/>
						<line number="1058" hits="0"/>
						<line number="1061" hits="0"/>
						<line number="1063" hits="0"/>
						<line number="1066" hits="0"/>
						<line number="1074" hits="1"/>
						<line number="1080" hits="0"/>
						<line number="1082" hits="0" branch="true" condition-coverage="0% (0/2)" missing-branches="1083,1090"/>
						<line number="1083" hits="0"/>
						<line number="1086" hits="0"/>
						<line number="1087" hits="0"/>
						<line number="1090" hits="0" branch="true" condition-coverage="0% (0/2)" missing-branches="1093,1095"/>
						<line number="1093" hits="0"/>
						<line number="1095" hits="0"/>
						<line number="1097" hits="0"/>
						<line number="1099" hits="0" branch="true" condition-coverage="0% (0/2)" missing-branches="1101,1127"/>
						<line number="1101" hits="0"/>
						<line number="1102" hits="0" branch="true" condition-coverage="0% (0/2)" missing-branches="1103,1133"/>
						<line number="1103" hits="0"/>
						<line number="1104" hits="0"/>
						<line number="1105" hits="0"/>
						<line number="1107" hits="0"/>
						<line number="1108" hits="0"/>
						<line number="1109" hits="0" branch="true" condition-coverage="0% (0/2)" missing-branches="1110,1118"/>
						<line number="1110" hits="0"/>
						<line number="1113" hits="0"/>
						<line number="1114" hits="0"/>
						<line number="1118" hits="0"/>
						<line number="1121" hits="0"/>
						<line number="1122" hits="0"/>
						<line number="1127" hits="0"/>
						<line number="1130" hits="0"/>
						<line number="1133" hits="0"/>
						<line number="1136" hits="0"/>
						<line number="1138" hits="1"/>
						<line number="1147" hits="0"/>
						<line number="1149" hits="0"/>
						<line number="1152" hits="0"/>
						<line number="1153" hits="0"/>
						<line number="1154" hits="0"/>
						<line number="1156" hits="0" branch="true" condition-coverage="0% (0/2)" missing-branches="1157,1266"/>
						<line number="1157" hits="0"/>
						<line number="1158" hits="0"/>
						<line number="1159" hits="0"/>
						<line number="1160" hits="0"/>
						<line number="1161" hits="0"/>
						<line number="1162" hits="0"/>
						<line number="1165" hits="0"/>
						<line number="1179" hits="0"/>
						<line number="1182" hits="0"/>
						<line number="1183" hits="0"/>
						<line number="1186" hits="0"/>
						<line number="1187" hits="0"/>
						<line number="1188" hits="0"/>
						<line number="1190" hits="0" branch="true" condition-coverage="0% (0/2)" missing-branches="1191,1214"/>
						<line number="1191" hits="0"/>
						<line number="1192" hits="0"/>
						<line number="1196" hits="0"/>
						<line number="1197" hits="0"/>
						<line number="1198" hits="0"/>
						<line number="1201" hits="0"/>
						<line number="1202" hits="0"/>
						<line number="1203" hits="0"/>
						<line number="1204" hits="0"/>
						<line number="1207" hits="0"/>
						<line number="1208" hits="0"/>
						<line number="1209" hits="0"/>
						<line number="1210" hits="0"/>
						<line number="1211" hits="0"/>
						<line number="1212" hits="0"/>
						<line number="1214" hits="0"/>
						<line number="1215" hits="0" branch="true" condition-coverage="0% (0/2)" missing-branches="1216,1217"/>
						<line number="1216" hits="0"/>
						<line number="1217" hits="0" branch="true" condition-coverage="0% (0/2)" missing-branches="1218,1219"/>
						<line number="1218" hits="0"/>
						<line number="1219" hits="0" branch="true" condition-coverage="0% (0/2)" missing-branches="1220,1221"/>
						<line number="1220" hits="0"/>
						<line number="1221" hits="0"/>
						<line number="1222" hits="0"/>
						<line number="1223" hits="0"/>
						<line number="1224" hits="0"/>
						<line number="1225" hits="0"/>
						<line number="1226" hits="0"/>
						<line number="1227" hits="0"/>
						<line number="1230" hits="0" branch="true" condition-coverage="0% (0/2)" missing-branches="1231,1254"/>
						<line number="1231" hits="0"/>
						<line number="1232" hits="0"/>
						<line number="1235" hits="0"/>
						<line number="1236" hits="0"/>
						<line number="1238" hits="0" branch="true" condition-coverage="0% (0/2)" missing-branches="1240,1247"/>
						<line number="1240" hits="0"/>
						<line number="1243" hits="0"/>
						<line number="1247" hits="0"/>
						<line number="1248" hits="0"/>
						<line number="1249" hits="0"/>
						<line number="1250" hits="0"/>
						<line number="1251" hits="0"/>
						<line number="1254" hits="0" branch="true" condition-coverage="0% (0/2)" missing-branches="1156,1255"/>
						<line number="1255" hits="0"/>
						<line number="1256" hits="0"/>
						<line number="1261" hits="0"/>
						<line number="1266" hits="0"/>
						<line number="1272" hits="0" branch="true" condition-coverage="0% (0/2)" missing-branches="1273,1287"/>
						<line number="1273" hits="0"/>
						<line number="1277" hits="0"/>
						<line number="1279" hits="0"/>
						<line number="1287" hits="0" branch="true" condition-coverage="0% (0/2)" missing-branches="exit,1288"/>
						<line number="1288" hits="0"/>
						<line number="1291" hits="0"/>
						<line number="1293" hits="1"/>
						<line number="1297" hits="1"/>
						<line number="1299" hits="1"/>
						<line number="1300" hits="1" branch="true" condition-coverage="100% (2/2)"/>
						<line number="1301" hits="1"/>
						<line number="1303" hits="1"/>
						<line number="1304" hits="1" branch="true" condition-coverage="50% (1/2)" missing-branches="1305"/>
						<line number="1305" hits="0"/>
						<line number="1306" hits="0"/>
						<line number="1308" hits="0"/>
						<line number="1309" hits="0"/>
						<line number="1310" hits="0"/>
						<line number="1311" hits="0"/>
						<line number="1314" hits="1"/>
						<line number="1316" hits="1"/>
						<line number="1323" hits="0"/>
						<line number="1325" hits="0"/>
						<line number="1326" hits="0"/>
						<line number="1329" hits="0"/>
						<line number="1330" hits="0"/>
						<line number="1332" hits="0" branch="true" condition-coverage="0% (0/2)" missing-branches="1333,1349"/>
						<line number="1333" hits="0"/>
						<line number="1334" hits="0"/>
						<line number="1341" hits="0"/>
						<line number="1344" hits="0"/>
						<line number="1349" hits="0"/>
						<line number="1350" hits="0"/>
						<line number="1357" hits="0"/>
						<line number="1360" hits="0"/>
						<line number="1366" hits="0" branch="true" condition-coverage="0% (0/2)" missing-branches="1367,1372"/>
						<line number="1367" hits="0"/>
						<line number="1372" hits="0"/>
						<line number="1377" hits="0"/>
						<line number="1378" hits="0" branch="true" condition-coverage="0% (0/2)" missing-branches="exit,1379"/>
						<line number="1379" hits="0"/>
						<line number="1381" hits="0"/>
						<line number="1382" hits="0"/>
						<line number="1384" hits="1"/>
						<line number="1391" hits="0"/>
						<line number="1393" hits="0"/>
						<line number="1394" hits="0"/>
						<line number="1395" hits="0"/>
						<line number="1398" hits="0"/>
						<line number="1400" hits="0"/>
						<line number="1402" hits="0"/>
						<line number="1406" hits="0" branch="true" condition-coverage="0% (0/2)" missing-branches="1407,1419"/>
						<line number="1407" hits="0"/>
						<line number="1410" hits="0"/>
						<line number="1413" hits="0"/>
						<line number="1414" hits="0"/>
						<line number="1415" hits="0"/>
						<line number="1419" hits="0"/>
						<line number="1424" hits="0" branch="true" condition-coverage="0% (0/2)" missing-branches="1425,1468"/>
						<line number="1425" hits="0"/>
						<line number="1429" hits="0"/>
						<line number="1430" hits="0"/>
						<line number="1431" hits="0"/>
						<line number="1433" hits="0"/>
						<line number="1436" hits="0"/>
						<line number="1439" hits="0"/>
						<line number="1442" hits="0"/>
						<line number="1444" hits="0" branch="true" condition-coverage="0% (0/2)" missing-branches="1445,1448"/>
						<line number="1445" hits="0"/>
						<line number="1448" hits="0" branch="true" condition-coverage="0% (0/2)" missing-branches="1449,1454"/>
						<line number="1449" hits="0"/>
						<line number="1454" hits="0" branch="true" condition-coverage="0% (0/2)" missing-branches="1455,1477"/>
						<line number="1455" hits="0" branch="true" condition-coverage="0% (0/2)" missing-branches="1456,1459"/>
						<line number="1456" hits="0"/>
						<line number="1459" hits="0" branch="true" condition-coverage="0% (0/2)" missing-branches="1460,1464"/>
						<line number="1460" hits="0"/>
						<line number="1464" hits="0"/>
						<line number="1468" hits="0"/>
						<line number="1469" hits="0"/>
						<line number="1472" hits="0"/>
						<line number="1477" hits="0"/>
						<line number="1478" hits="0"/>
						<line number="1479" hits="0"/>
						<line number="1480" hits="0"/>
						<line number="1486" hits="0"/>
						<line number="1487" hits="0"/>
						<line number="1490" hits="0"/>
						<line number="1491" hits="0"/>
						<line number="1496" hits="0"/>
						<line number="1497" hits="0"/>
						<line number="1502" hits="0"/>
						<line number="1503" hits="0"/>
						<line number="1505" hits="0"/>
						<line number="1506" hits="0"/>
						<line number="1508" hits="1"/>
						<line number="1515" hits="0"/>
						<line number="1536" hits="1"/>
						<line number="1543" hits="1"/>
						<line number="1547" hits="1"/>
						<line number="1548" hits="1" branch="true" condition-coverage="50% (1/2)" missing-branches="1549"/>
						<line number="1549" hits="0"/>
						<line number="1552" hits="0"/>
						<line number="1555" hits="1" branch="true" condition-coverage="100% (2/2)"/>
						<line number="1559" hits="1"/>
						<line number="1563" hits="1"/>
						<line number="1566" hits="1" branch="true" condition-coverage="50% (1/2)" missing-branches="1571"/>
						<line number="1569" hits="1"/>
						<line number="1571" hits="0"/>
						<line number="1574" hits="1" branch="true" condition-coverage="50% (1/2)" missing-branches="1578"/>
						<line number="1575" hits="1"/>
						<line number="1578" hits="0"/>
						<line number="1579" hits="0" branch="true" condition-coverage="0% (0/2)" missing-branches="1580,1587"/>
						<line number="1580" hits="0"/>
						<line number="1584" hits="0"/>
						<line number="1587" hits="0"/>
						<line number="1590" hits="0"/>
						<line number="1592" hits="0" branch="true" condition-coverage="0% (0/2)" missing-branches="1595,1601"/>
						<line number="1595" hits="0"/>
						<line number="1598" hits="0"/>
						<line number="1601" hits="0" branch="true" condition-coverage="0% (0/2)" missing-branches="1602,1604"/>
						<line number="1602" hits="0"/>
						<line number="1604" hits="0"/>
						<line number="1608" hits="0"/>
						<line number="1610" hits="1"/>
						<line number="1624" hits="1" branch="true" condition-coverage="50% (1/2)" missing-branches="1625"/>
						<line number="1625" hits="0"/>
						<line number="1627" hits="1"/>
						<line number="1630" hits="1"/>
						<line number="1633" hits="1"/>
						<line number="1634" hits="1"/>
						<line number="1636" hits="1"/>
						<line number="1637" hits="1" branch="true" condition-coverage="100% (2/2)"/>
						<line number="1642" hits="1"/>
						<line number="1643" hits="1" branch="true" condition-coverage="50% (1/2)" missing-branches="1652"/>
						<line number="1644" hits="1"/>
						<line number="1647" hits="1"/>
						<line number="1648" hits="1"/>
						<line number="1652" hits="0"/>
						<line number="1653" hits="0"/>
						<line number="1654" hits="1"/>
						<line number="1656" hits="1"/>
						<line number="1657" hits="1" branch="true" condition-coverage="50% (1/2)" missing-branches="1658"/>
						<line number="1658" hits="0"/>
						<line number="1661" hits="0"/>
						<line number="1663" hits="1"/>
						<line number="1665" hits="0"/>
						<line number="1666" hits="0"/>
						<line number="1667" hits="0"/>
						<line number="1668" hits="0"/>
						<line number="1669" hits="0"/>
						<line number="1670" hits="0"/>
						<line number="1672" hits="1"/>
						<line number="1674" hits="1"/>
						<line number="1675" hits="1"/>
						<line number="1676" hits="1"/>
					</lines>
				</class>
			</classes>
		</package>
		<package name="api" line-rate="0.3895" branch-rate="0.1327" complexity="0">
			<classes>
				<class name="app.py" filename="api/app.py" complexity="0" line-rate="0.8403" branch-rate="0.5312">
					<methods/>
					<lines>
						<line number="3" hits="1"/>
						<line number="4" hits="1"/>
						<line number="7" hits="1"/>
						<line number="8" hits="1"/>
						<line number="9" hits="1"/>
						<line number="11" hits="1"/>
						<line number="12" hits="1"/>
						<line number="13" hits="1"/>
						<line number="15" hits="1"/>
						<line number="16" hits="1"/>
						<line number="17" hits="1"/>
						<line number="19" hits="1"/>
						<line number="22" hits="1"/>
						<line number="25" hits="1"/>
						<line number="30" hits="1"/>
						<line number="31" hits="1"/>
						<line number="32" hits="1"/>
						<line number="34" hits="1"/>
						<line number="37" hits="1" branch="true" condition-coverage="50% (1/2)" missing-branches="52"/>
						<line number="38" hits="1"/>
						<line number="39" hits="1"/>
						<line number="40" hits="1" branch="true" condition-coverage="50% (1/2)" missing-branches="52"/>
						<line number="41" hits="1"/>
						<line number="42" hits="0"/>
						<line number="43" hits="0"/>
						<line number="46" hits="0"/>
						<line number="47" hits="0"/>
						<line number="52" hits="1" branch="true" condition-coverage="50% (1/2)" missing-branches="70"/>
						<line number="53" hits="1"/>
						<line number="54" hits="1"/>
						<line number="55" hits="1" branch="true" condition-coverage="50% (1/2)" missing-branches="70"/>
						<line number="57" hits="1" branch="true" condition-coverage="100% (2/2)"/>
						<line number="58" hits="1" branch="true" condition-coverage="100% (2/2)"/>
						<line number="59" hits="1"/>
						<line number="60" hits="0"/>
						<line number="61" hits="0"/>
						<line number="64" hits="0"/>
						<line number="65" hits="0"/>
						<line number="70" hits="1" branch="true" condition-coverage="50% (1/2)" missing-branches="71"/>
						<line number="71" hits="0"/>
						<line number="75" hits="1"/>
						<line number="78" hits="1"/>
						<line number="79" hits="1"/>
						<line number="86" hits="1"/>
						<line number="88" hits="1"/>
						<line number="90" hits="1"/>
						<line number="93" hits="1"/>
						<line number="94" hits="1"/>
						<line number="99" hits="1"/>
						<line number="100" hits="1"/>
						<line number="101" hits="1"/>
						<line number="104" hits="1"/>
						<line number="105" hits="1"/>
						<line number="107" hits="1"/>
						<line number="111" hits="1"/>
						<line number="112" hits="1"/>
						<line number="113" hits="0"/>
						<line number="115" hits="0"/>
						<line number="116" hits="0"/>
						<line number="119" hits="1"/>
						<line number="120" hits="1"/>
						<line number="121" hits="1"/>
						<line number="124" hits="1"/>
						<line number="127" hits="1"/>
						<line number="128" hits="1" branch="true" condition-coverage="50% (1/2)" missing-branches="139"/>
						<line number="130" hits="1"/>
						<line number="131" hits="1" branch="true" condition-coverage="50% (1/2)" missing-branches="139"/>
						<line number="132" hits="1"/>
						<line number="139" hits="1"/>
						<line number="140" hits="1" branch="true" condition-coverage="50% (1/2)" missing-branches="144"/>
						<line number="141" hits="1"/>
						<line number="144" hits="1"/>
						<line number="145" hits="1"/>
						<line number="153" hits="1"/>
						<line number="154" hits="1"/>
						<line number="157" hits="1"/>
						<line number="158" hits="1"/>
						<line number="159" hits="0"/>
						<line number="160" hits="1"/>
						<line number="161" hits="1"/>
						<line number="164" hits="1"/>
						<line number="165" hits="1" branch="true" condition-coverage="50% (1/2)" missing-branches="175"/>
						<line number="166" hits="1"/>
						<line number="168" hits="1"/>
						<line number="169" hits="1" branch="true" condition-coverage="50% (1/2)" missing-branches="173"/>
						<line number="170" hits="1"/>
						<line number="171" hits="1"/>
						<line number="173" hits="0"/>
						<line number="175" hits="1"/>
						<line number="179" hits="1"/>
						<line number="180" hits="1" branch="true" condition-coverage="50% (1/2)" missing-branches="185"/>
						<line number="182" hits="1"/>
						<line number="183" hits="1" branch="true" condition-coverage="50% (1/2)" missing-branches="185"/>
						<line number="184" hits="1"/>
						<line number="185" hits="1"/>
						<line number="186" hits="1"/>
						<line number="190" hits="1"/>
						<line number="199" hits="1"/>
						<line number="200" hits="1" branch="true" condition-coverage="50% (1/2)" missing-branches="202"/>
						<line number="202" hits="0"/>
						<line number="203" hits="0"/>
						<line number="206" hits="0" branch="true" condition-coverage="0% (0/2)" missing-branches="207,225"/>
						<line number="207" hits="0"/>
						<line number="212" hits="0"/>
						<line number="215" hits="1"/>
						<line number="225" hits="1"/>
						<line number="241" hits="1"/>
						<line number="242" hits="1"/>
						<line number="245" hits="1"/>
						<line number="253" hits="1"/>
						<line number="254" hits="1"/>
						<line number="255" hits="1"/>
						<line number="256" hits="1"/>
						<line number="257" hits="1"/>
						<line number="258" hits="1"/>
						<line number="259" hits="1"/>
						<line number="262" hits="1"/>
						<line number="263" hits="1"/>
						<line number="265" hits="1"/>
					</lines>
				</class>
				<class name="bot_control.py" filename="api/bot_control.py" complexity="0" line-rate="0.2277" branch-rate="0">
					<methods/>
					<lines>
						<line number="13" hits="1"/>
						<line number="14" hits="1"/>
						<line number="15" hits="1"/>
						<line number="16" hits="1"/>
						<line number="17" hits="1"/>
						<line number="18" hits="1"/>
						<line number="20" hits="1"/>
						<line number="21" hits="1"/>
						<line number="23" hits="1"/>
						<line number="24" hits="1"/>
						<line number="25" hits="1"/>
						<line number="26" hits="1"/>
						<line number="27" hits="1"/>
						<line number="28" hits="1"/>
						<line number="30" hits="1"/>
						<line number="34" hits="1"/>
						<line number="41" hits="1"/>
						<line number="42" hits="1"/>
						<line number="43" hits="1"/>
						<line number="46" hits="1"/>
						<line number="48" hits="0"/>
						<line number="55" hits="1"/>
						<line number="58" hits="1"/>
						<line number="59" hits="1"/>
						<line number="60" hits="1"/>
						<line number="61" hits="1"/>
						<line number="62" hits="1"/>
						<line number="65" hits="1"/>
						<line number="68" hits="1"/>
						<line number="71" hits="1"/>
						<line number="72" hits="1"/>
						<line number="75" hits="1"/>
						<line number="78" hits="1"/>
						<line number="83" hits="1"/>
						<line number="86" hits="1"/>
						<line number="87" hits="1"/>
						<line number="88" hits="1"/>
						<line number="89" hits="1"/>
						<line number="90" hits="1"/>
						<line number="91" hits="1"/>
						<line number="92" hits="1"/>
						<line number="93" hits="1"/>
						<line number="94" hits="1"/>
						<line number="95" hits="1"/>
						<line number="96" hits="1"/>
						<line number="99" hits="1"/>
						<line number="102" hits="1"/>
						<line number="103" hits="1"/>
						<line number="104" hits="1"/>
						<line number="107" hits="1"/>
						<line number="110" hits="1"/>
						<line number="111" hits="1"/>
						<line number="113" hits="1"/>
						<line number="114" hits="1"/>
						<line number="115" hits="1"/>
						<line number="116" hits="0" branch="true" condition-coverage="0% (0/2)" missing-branches="117,118"/>
						<line number="117" hits="0"/>
						<line number="118" hits="0"/>
						<line number="121" hits="1"/>
						<line number="124" hits="1"/>
						<line number="125" hits="1"/>
						<line number="126" hits="1"/>
						<line number="127" hits="1"/>
						<line number="128" hits="1"/>
						<line number="130" hits="1"/>
						<line number="131" hits="1"/>
						<line number="132" hits="1"/>
						<line number="135" hits="0" branch="true" condition-coverage="0% (0/2)" missing-branches="136,139"/>
						<line number="136" hits="0"/>
						<line number="137" hits="0" branch="true" condition-coverage="0% (0/2)" missing-branches="138,139"/>
						<line number="138" hits="0"/>
						<line number="139" hits="0"/>
						<line number="147" hits="1"/>
						<line number="148" hits="1"/>
						<line number="160" hits="0"/>
						<line number="161" hits="0"/>
						<line number="163" hits="0"/>
						<line number="164" hits="0" branch="true" condition-coverage="0% (0/2)" missing-branches="169,175"/>
						<line number="169" hits="0"/>
						<line number="175" hits="0"/>
						<line number="176" hits="0"/>
						<line number="177" hits="0"/>
						<line number="179" hits="0" branch="true" condition-coverage="0% (0/2)" missing-branches="180,183"/>
						<line number="180" hits="0"/>
						<line number="181" hits="0"/>
						<line number="183" hits="0" branch="true" condition-coverage="0% (0/2)" missing-branches="184,186"/>
						<line number="184" hits="0"/>
						<line number="186" hits="0" branch="true" condition-coverage="0% (0/2)" missing-branches="187,189"/>
						<line number="187" hits="0"/>
						<line number="189" hits="0"/>
						<line number="190" hits="0"/>
						<line number="192" hits="0"/>
						<line number="195" hits="0"/>
						<line number="197" hits="0"/>
						<line number="198" hits="0" branch="true" condition-coverage="0% (0/2)" missing-branches="199,210"/>
						<line number="199" hits="0"/>
						<line number="205" hits="0" branch="true" condition-coverage="0% (0/2)" missing-branches="206,207"/>
						<line number="206" hits="0"/>
						<line number="207" hits="0"/>
						<line number="210" hits="0"/>
						<line number="219" hits="0"/>
						<line number="220" hits="0"/>
						<line number="221" hits="0"/>
						<line number="222" hits="0"/>
						<line number="223" hits="0"/>
						<line number="225" hits="0"/>
						<line number="227" hits="0"/>
						<line number="229" hits="0"/>
						<line number="241" hits="0"/>
						<line number="242" hits="0"/>
						<line number="243" hits="0"/>
						<line number="249" hits="1"/>
						<line number="250" hits="1"/>
						<line number="258" hits="0"/>
						<line number="259" hits="0"/>
						<line number="261" hits="0"/>
						<line number="262" hits="0" branch="true" condition-coverage="0% (0/2)" missing-branches="263,268"/>
						<line number="263" hits="0"/>
						<line number="268" hits="0" branch="true" condition-coverage="0% (0/2)" missing-branches="269,272"/>
						<line number="269" hits="0"/>
						<line number="272" hits="0"/>
						<line number="274" hits="0"/>
						<line number="275" hits="0"/>
						<line number="276" hits="0"/>
						<line number="277" hits="0"/>
						<line number="278" hits="0"/>
						<line number="279" hits="0"/>
						<line number="281" hits="0"/>
						<line number="282" hits="0"/>
						<line number="284" hits="0"/>
						<line number="286" hits="0"/>
						<line number="288" hits="0"/>
						<line number="289" hits="0"/>
						<line number="290" hits="0"/>
						<line number="296" hits="1"/>
						<line number="297" hits="1"/>
						<line number="310" hits="0"/>
						<line number="312" hits="0"/>
						<line number="313" hits="0"/>
						<line number="315" hits="0" branch="true" condition-coverage="0% (0/2)" missing-branches="316,325"/>
						<line number="316" hits="0"/>
						<line number="317" hits="0"/>
						<line number="318" hits="0"/>
						<line number="319" hits="0"/>
						<line number="321" hits="0"/>
						<line number="322" hits="0"/>
						<line number="325" hits="0"/>
						<line number="326" hits="0"/>
						<line number="327" hits="0" branch="true" condition-coverage="0% (0/2)" missing-branches="328,357"/>
						<line number="328" hits="0"/>
						<line number="331" hits="0" branch="true" condition-coverage="0% (0/2)" missing-branches="332,357"/>
						<line number="332" hits="0"/>
						<line number="333" hits="0"/>
						<line number="335" hits="0" branch="true" condition-coverage="0% (0/2)" missing-branches="336,357"/>
						<line number="336" hits="0"/>
						<line number="339" hits="0"/>
						<line number="351" hits="0"/>
						<line number="352" hits="0"/>
						<line number="353" hits="0"/>
						<line number="357" hits="0"/>
						<line number="359" hits="0"/>
						<line number="365" hits="0"/>
						<line number="366" hits="0"/>
						<line number="367" hits="0"/>
						<line number="373" hits="1"/>
						<line number="374" hits="1"/>
						<line number="382" hits="0"/>
						<line number="384" hits="0" branch="true" condition-coverage="0% (0/2)" missing-branches="385,390"/>
						<line number="385" hits="0"/>
						<line number="390" hits="0"/>
						<line number="393" hits="0"/>
						<line number="394" hits="0"/>
						<line number="396" hits="0"/>
						<line number="398" hits="0" branch="true" condition-coverage="0% (0/2)" missing-branches="399,410"/>
						<line number="399" hits="0"/>
						<line number="400" hits="0"/>
						<line number="401" hits="0"/>
						<line number="403" hits="0" branch="true" condition-coverage="0% (0/2)" missing-branches="404,410"/>
						<line number="404" hits="0"/>
						<line number="405" hits="0"/>
						<line number="406" hits="0"/>
						<line number="407" hits="0"/>
						<line number="410" hits="0"/>
						<line number="411" hits="0" branch="true" condition-coverage="0% (0/2)" missing-branches="412,414"/>
						<line number="412" hits="0"/>
						<line number="414" hits="0"/>
						<line number="427" hits="0"/>
						<line number="428" hits="0"/>
						<line number="429" hits="0"/>
						<line number="432" hits="1"/>
						<line number="433" hits="1"/>
						<line number="441" hits="0"/>
						<line number="443" hits="0"/>
						<line number="445" hits="0"/>
						<line number="446" hits="0"/>
						<line number="448" hits="0" branch="true" condition-coverage="0% (0/2)" missing-branches="449,454"/>
						<line number="449" hits="0"/>
						<line number="454" hits="0" branch="true" condition-coverage="0% (0/2)" missing-branches="455,460"/>
						<line number="455" hits="0"/>
						<line number="460" hits="0"/>
						<line number="461" hits="0"/>
						<line number="462" hits="0"/>
						<line number="464" hits="0" branch="true" condition-coverage="0% (0/2)" missing-branches="465,474"/>
						<line number="465" hits="0" branch="true" condition-coverage="0% (0/2)" missing-branches="466,469"/>
						<line number="466" hits="0"/>
						<line number="469" hits="0"/>
						<line number="472" hits="0"/>
						<line number="474" hits="0" branch="true" condition-coverage="0% (0/2)" missing-branches="475,484"/>
						<line number="475" hits="0" branch="true" condition-coverage="0% (0/2)" missing-branches="476,479"/>
						<line number="476" hits="0"/>
						<line number="479" hits="0"/>
						<line number="482" hits="0"/>
						<line number="484" hits="0" branch="true" condition-coverage="0% (0/2)" missing-branches="485,496"/>
						<line number="485" hits="0" branch="true" condition-coverage="0% (0/2)" missing-branches="486,489"/>
						<line number="486" hits="0"/>
						<line number="489" hits="0"/>
						<line number="492" hits="0"/>
						<line number="496" hits="0" branch="true" condition-coverage="0% (0/2)" missing-branches="497,505"/>
						<line number="497" hits="0" branch="true" condition-coverage="0% (0/2)" missing-branches="498,502"/>
						<line number="498" hits="0"/>
						<line number="502" hits="0"/>
						<line number="503" hits="0"/>
						<line number="505" hits="0" branch="true" condition-coverage="0% (0/2)" missing-branches="506,514"/>
						<line number="506" hits="0" branch="true" condition-coverage="0% (0/2)" missing-branches="507,510"/>
						<line number="507" hits="0"/>
						<line number="510" hits="0"/>
						<line number="511" hits="0"/>
						<line number="514" hits="0"/>
						<line number="515" hits="0"/>
						<line number="518" hits="0"/>
						<line number="519" hits="0"/>
						<line number="521" hits="0"/>
						<line number="523" hits="0"/>
						<line number="529" hits="0"/>
						<line number="530" hits="0"/>
						<line number="531" hits="0"/>
						<line number="537" hits="1"/>
						<line number="538" hits="1"/>
						<line number="546" hits="0"/>
						<line number="547" hits="0"/>
						<line number="550" hits="0"/>
						<line number="556" hits="0" branch="true" condition-coverage="0% (0/2)" missing-branches="557,559"/>
						<line number="557" hits="0"/>
						<line number="559" hits="0" branch="true" condition-coverage="0% (0/2)" missing-branches="560,562"/>
						<line number="560" hits="0"/>
						<line number="562" hits="0" branch="true" condition-coverage="0% (0/2)" missing-branches="563,565"/>
						<line number="563" hits="0"/>
						<line number="565" hits="0" branch="true" condition-coverage="0% (0/2)" missing-branches="566,568"/>
						<line number="566" hits="0"/>
						<line number="568" hits="0"/>
						<line number="570" hits="0" branch="true" condition-coverage="0% (0/2)" missing-branches="571,577"/>
						<line number="571" hits="0"/>
						<line number="577" hits="0"/>
						<line number="579" hits="0"/>
						<line number="581" hits="0"/>
						<line number="587" hits="0"/>
						<line number="588" hits="0"/>
						<line number="589" hits="0"/>
						<line number="595" hits="1"/>
						<line number="596" hits="1"/>
						<line number="602" hits="0"/>
						<line number="603" hits="0"/>
						<line number="605" hits="0" branch="true" condition-coverage="0% (0/2)" missing-branches="606,612"/>
						<line number="606" hits="0"/>
						<line number="612" hits="0"/>
						<line number="613" hits="0"/>
						<line number="615" hits="0"/>
						<line number="616" hits="0" branch="true" condition-coverage="0% (0/2)" missing-branches="617,715"/>
						<line number="617" hits="0"/>
						<line number="618" hits="0"/>
						<line number="619" hits="0"/>
						<line number="620" hits="0"/>
						<line number="624" hits="0"/>
						<line number="625" hits="0"/>
						<line number="626" hits="0"/>
						<line number="631" hits="0"/>
						<line number="633" hits="0" branch="true" condition-coverage="0% (0/2)" missing-branches="634,642"/>
						<line number="634" hits="0" branch="true" condition-coverage="0% (0/2)" missing-branches="635,639"/>
						<line number="635" hits="0"/>
						<line number="636" hits="0" branch="true" condition-coverage="0% (0/2)" missing-branches="633,637"/>
						<line number="637" hits="0"/>
						<line number="639" hits="0"/>
						<line number="640" hits="0" branch="true" condition-coverage="0% (0/2)" missing-branches="633,641"/>
						<line number="641" hits="0"/>
						<line number="642" hits="0"/>
						<line number="644" hits="0"/>
						<line number="645" hits="0"/>
						<line number="648" hits="0"/>
						<line number="649" hits="0" branch="true" condition-coverage="0% (0/2)" missing-branches="650,651"/>
						<line number="650" hits="0"/>
						<line number="651" hits="0" branch="true" condition-coverage="0% (0/2)" missing-branches="652,655"/>
						<line number="652" hits="0"/>
						<line number="655" hits="0" branch="true" condition-coverage="0% (0/2)" missing-branches="656,664"/>
						<line number="656" hits="0"/>
						<line number="664" hits="0"/>
						<line number="666" hits="0" branch="true" condition-coverage="0% (0/2)" missing-branches="668,669"/>
						<line number="668" hits="0"/>
						<line number="669" hits="0" branch="true" condition-coverage="0% (0/2)" missing-branches="671,674"/>
						<line number="671" hits="0"/>
						<line number="674" hits="0" branch="true" condition-coverage="0% (0/2)" missing-branches="675,678"/>
						<line number="675" hits="0"/>
						<line number="678" hits="0"/>
						<line number="679" hits="0" branch="true" condition-coverage="0% (0/2)" missing-branches="680,682"/>
						<line number="680" hits="0"/>
						<line number="682" hits="0"/>
						<line number="683" hits="0"/>
						<line number="684" hits="0"/>
						<line number="687" hits="0"/>
						<line number="690" hits="0"/>
						<line number="691" hits="0"/>
						<line number="695" hits="0"/>
						<line number="699" hits="0"/>
						<line number="711" hits="0"/>
						<line number="712" hits="0"/>
						<line number="713" hits="0"/>
						<line number="715" hits="0"/>
						<line number="716" hits="0"/>
						<line number="717" hits="0" branch="true" condition-coverage="0% (0/2)" missing-branches="718,723"/>
						<line number="718" hits="0"/>
						<line number="719" hits="0"/>
						<line number="720" hits="0"/>
						<line number="721" hits="0"/>
						<line number="723" hits="0"/>
						<line number="730" hits="0"/>
						<line number="731" hits="0"/>
						<line number="732" hits="0"/>
						<line number="738" hits="1"/>
						<line number="739" hits="1"/>
						<line number="745" hits="0"/>
						<line number="747" hits="0"/>
						<line number="748" hits="0"/>
						<line number="750" hits="0"/>
						<line number="752" hits="0" branch="true" condition-coverage="0% (0/2)" missing-branches="753,758"/>
						<line number="753" hits="0"/>
						<line number="758" hits="0"/>
						<line number="759" hits="0" branch="true" condition-coverage="0% (0/2)" missing-branches="760,766"/>
						<line number="760" hits="0"/>
						<line number="766" hits="0" branch="true" condition-coverage="0% (0/2)" missing-branches="767,773"/>
						<line number="767" hits="0"/>
						<line number="773" hits="0"/>
						<line number="782" hits="0"/>
						<line number="784" hits="0"/>
						<line number="791" hits="0"/>
						<line number="792" hits="0"/>
						<line number="793" hits="0"/>
						<line number="794" hits="0"/>
						<line number="795" hits="0"/>
					</lines>
				</class>
				<class name="dependencies.py" filename="api/dependencies.py" complexity="0" line-rate="0.375" branch-rate="0.1667">
					<methods/>
					<lines>
						<line number="3" hits="1"/>
						<line number="5" hits="1"/>
						<line number="6" hits="1"/>
						<line number="8" hits="1"/>
						<line number="9" hits="1"/>
						<line number="10" hits="1"/>
						<line number="12" hits="1"/>
						<line number="15" hits="1"/>
						<line number="25" hits="1"/>
						<line number="26" hits="1" branch="true" condition-coverage="100% (2/2)"/>
						<line number="27" hits="1"/>
						<line number="31" hits="1"/>
						<line number="35" hits="1"/>
						<line number="38" hits="1"/>
						<line number="48" hits="0"/>
						<line number="49" hits="0" branch="true" condition-coverage="0% (0/2)" missing-branches="50,58"/>
						<line number="50" hits="0"/>
						<line number="54" hits="0"/>
						<line number="58" hits="0"/>
						<line number="61" hits="1"/>
						<line number="87" hits="0" branch="true" condition-coverage="0% (0/2)" missing-branches="88,95"/>
						<line number="88" hits="0"/>
						<line number="89" hits="0"/>
						<line number="95" hits="0"/>
						<line number="96" hits="0" branch="true" condition-coverage="0% (0/2)" missing-branches="98,104"/>
						<line number="98" hits="0"/>
						<line number="100" hits="0" branch="true" condition-coverage="0% (0/2)" missing-branches="101,104"/>
						<line number="101" hits="0"/>
						<line number="104" hits="0"/>
						<line number="106" hits="0"/>
						<line number="108" hits="0"/>
						<line number="110" hits="0"/>
						<line number="114" hits="0" branch="true" condition-coverage="0% (0/2)" missing-branches="115,124"/>
						<line number="115" hits="0"/>
						<line number="119" hits="0"/>
						<line number="124" hits="0"/>
						<line number="130" hits="0"/>
						<line number="132" hits="0"/>
						<line number="134" hits="0"/>
						<line number="135" hits="0"/>
					</lines>
				</class>
[...]
						<line number="191" hits="0"/>
						<line number="192" hits="0" branch="true" condition-coverage="0% (0/2)" missing-branches="193,195"/>
						<line number="193" hits="0"/>
						<line number="195" hits="0"/>
						<line number="198" hits="1"/>
						<line number="199" hits="1"/>
						<line number="204" hits="1" branch="true" condition-coverage="50% (1/2)" missing-branches="205"/>
						<line number="205" hits="0"/>
						<line number="206" hits="1"/>
						<line number="208" hits="0"/>
						<line number="209" hits="0"/>
						<line number="210" hits="0"/>
						<line number="211" hits="0"/>
						<line number="212" hits="0"/>
						<line number="213" hits="0"/>
						<line number="214" hits="0"/>
						<line number="215" hits="0"/>
						<line number="216" hits="0"/>
						<line number="218" hits="1"/>
						<line number="228" hits="1"/>
						<line number="230" hits="1"/>
						<line number="233" hits="1" branch="true" condition-coverage="50% (1/2)" missing-branches="234"/>
						<line number="234" hits="0"/>
						<line number="237" hits="0"/>
						<line number="239" hits="1"/>
						<line number="243" hits="1"/>
						<line number="244" hits="1"/>
						<line number="245" hits="1" branch="true" condition-coverage="50% (1/2)" missing-branches="251"/>
						<line number="246" hits="1"/>
						<line number="247" hits="1" branch="true" condition-coverage="50% (1/2)" missing-branches="250"/>
						<line number="250" hits="0"/>
						<line number="251" hits="1"/>
						<line number="253" hits="1"/>
						<line number="254" hits="1" branch="true" condition-coverage="100% (2/2)"/>
						<line number="255" hits="1"/>
						<line number="256" hits="1"/>
						<line number="257" hits="1" branch="true" condition-coverage="50% (1/2)" missing-branches="254"/>
						<line number="258" hits="1"/>
						<line number="259" hits="0"/>
						<line number="260" hits="0"/>
						<line number="263" hits="1"/>
						<line number="265" hits="1"/>
						<line number="266" hits="1" branch="true" condition-coverage="100% (2/2)"/>
						<line number="268" hits="1"/>
						<line number="269" hits="1"/>
						<line number="270" hits="1" branch="true" condition-coverage="50% (1/2)" missing-branches="275"/>
						<line number="275" hits="0"/>
						<line number="276" hits="0"/>
						<line number="277" hits="1" branch="true" condition-coverage="50% (1/2)" missing-branches="278"/>
						<line number="278" hits="0"/>
						<line number="279" hits="0"/>
						<line number="282" hits="1"/>
						<line number="288" hits="1" branch="true" condition-coverage="50% (1/2)" missing-branches="305"/>
						<line number="289" hits="1"/>
						<line number="290" hits="1"/>
						<line number="291" hits="1" branch="true" condition-coverage="100% (2/2)"/>
						<line number="292" hits="1"/>
						<line number="293" hits="1"/>
						<line number="295" hits="1"/>
						<line number="298" hits="1"/>
						<line number="299" hits="0"/>
						<line number="300" hits="0"/>
						<line number="303" hits="0"/>
						<line number="305" hits="0"/>
						<line number="308" hits="0"/>
						<line number="309" hits="0"/>
						<line number="310" hits="0"/>
						<line number="311" hits="0"/>
						<line number="312" hits="0"/>
						<line number="313" hits="0"/>
						<line number="314" hits="0"/>
						<line number="316" hits="1"/>
						<line number="329" hits="1"/>
						<line number="332" hits="1"/>
						<line number="334" hits="1"/>
						<line number="340" hits="1" branch="true" condition-coverage="100% (2/2)"/>
						<line number="341" hits="1"/>
						<line number="342" hits="1"/>
						<line number="343" hits="1"/>
						<line number="344" hits="1"/>
						<line number="346" hits="1" branch="true" condition-coverage="50% (1/2)" missing-branches="347"/>
						<line number="347" hits="0"/>
						<line number="349" hits="1"/>
						<line number="351" hits="1"/>
						<line number="352" hits="1"/>
						<line number="353" hits="1"/>
						<line number="355" hits="1"/>
						<line number="357" hits="1"/>
						<line number="374" hits="1"/>
						<line number="376" hits="1" branch="true" condition-coverage="50% (1/2)" missing-branches="377"/>
						<line number="377" hits="0"/>
						<line number="378" hits="0"/>
						<line number="381" hits="1" branch="true" condition-coverage="50% (1/2)" missing-branches="382"/>
						<line number="382" hits="0"/>
						<line number="386" hits="0"/>
						<line number="392" hits="0"/>
						<line number="395" hits="1"/>
						<line number="396" hits="1" branch="true" condition-coverage="50% (1/2)" missing-branches="397"/>
						<line number="397" hits="0"/>
						<line number="403" hits="0"/>
						<line number="406" hits="1"/>
						<line number="409" hits="1"/>
						<line number="412" hits="1"/>
						<line number="413" hits="1" branch="true" condition-coverage="100% (2/2)"/>
						<line number="414" hits="1" branch="true" condition-coverage="50% (1/2)" missing-branches="415"/>
						<line number="415" hits="0"/>
						<line number="416" hits="1" branch="true" condition-coverage="50% (1/2)" missing-branches="418"/>
						<line number="418" hits="0"/>
						<line number="419" hits="0" branch="true" condition-coverage="0% (0/2)" missing-branches="413,420"/>
						<line number="420" hits="0"/>
						<line number="422" hits="1" branch="true" condition-coverage="50% (1/2)" missing-branches="427"/>
						<line number="423" hits="1"/>
						<line number="424" hits="1"/>
						<line number="427" hits="0"/>
						<line number="428" hits="0"/>
						<line number="431" hits="0"/>
						<line number="434" hits="0"/>
						<line number="437" hits="0"/>
						<line number="438" hits="0" branch="true" condition-coverage="0% (0/2)" missing-branches="439,445"/>
						<line number="439" hits="0"/>
						<line number="440" hits="0"/>
						<line number="442" hits="0"/>
						<line number="445" hits="0" branch="true" condition-coverage="0% (0/2)" missing-branches="446,452"/>
						<line number="446" hits="0"/>
						<line number="452" hits="0"/>
						<line number="455" hits="0"/>
						<line number="457" hits="0" branch="true" condition-coverage="0% (0/2)" missing-branches="458,461"/>
						<line number="458" hits="0"/>
						<line number="459" hits="0"/>
						<line number="461" hits="0"/>
						<line number="462" hits="0"/>
						<line number="463" hits="0"/>
						<line number="465" hits="0"/>
						<line number="468" hits="1"/>
						<line number="471" hits="1"/>
						<line number="482" hits="1" branch="true" condition-coverage="100% (2/2)"/>
						<line number="483" hits="1"/>
						<line number="484" hits="1" branch="true" condition-coverage="50% (1/2)" missing-branches="485"/>
						<line number="485" hits="0"/>
						<line number="490" hits="1"/>
						<line number="493" hits="1"/>
						<line number="503" hits="1"/>
						<line number="504" hits="1"/>
					</lines>
				</class>
				<class name="rate_limiter.py" filename="utils/rate_limiter.py" complexity="0" line-rate="0.8387" branch-rate="0.5">
					<methods/>
					<lines>
						<line number="1" hits="1"/>
						<line number="2" hits="1"/>
						<line number="3" hits="1"/>
						<line number="6" hits="1"/>
						<line number="19" hits="1"/>
						<line number="20" hits="1" branch="true" condition-coverage="50% (1/2)" missing-branches="21"/>
						<line number="21" hits="0"/>
						<line number="23" hits="1"/>
						<line number="24" hits="1"/>
						<line number="25" hits="1"/>
						<line number="26" hits="1"/>
						<line number="27" hits="1"/>
						<line number="29" hits="1"/>
						<line number="31" hits="1"/>
						<line number="32" hits="1"/>
						<line number="33" hits="1" branch="true" condition-coverage="50% (1/2)" missing-branches="exit"/>
						<line number="34" hits="1"/>
						<line number="35" hits="1"/>
						<line number="36" hits="1"/>
						<line number="38" hits="1"/>
						<line number="43" hits="1"/>
						<line number="44" hits="1" branch="true" condition-coverage="50% (1/2)" missing-branches="45"/>
						<line number="45" hits="0"/>
						<line number="46" hits="0"/>
						<line number="47" hits="0"/>
						<line number="48" hits="1"/>
						<line number="50" hits="1"/>
						<line number="55" hits="1"/>
						<line number="56" hits="1"/>
						<line number="58" hits="1"/>
						<line number="63" hits="0"/>
					</lines>
				</class>
				<class name="retry.py" filename="utils/retry.py" complexity="0" line-rate="0.3714" branch-rate="0">
					<methods/>
					<lines>
						<line number="3" hits="1"/>
						<line number="4" hits="1"/>
						<line number="5" hits="1"/>
						<line number="6" hits="1"/>
						<line number="7" hits="1"/>
						<line number="9" hits="1"/>
						<line number="12" hits="1"/>
						<line number="45" hits="0"/>
						<line number="46" hits="0"/>
						<line number="47" hits="0"/>
						<line number="48" hits="0"/>
						<line number="50" hits="0" branch="true" condition-coverage="0% (0/2)" missing-branches="51,79"/>
						<line number="51" hits="0"/>
						<line number="52" hits="0"/>
						<line number="53" hits="0"/>
						<line number="54" hits="0"/>
						<line number="56" hits="0" branch="true" condition-coverage="0% (0/2)" missing-branches="57,64"/>
						<line number="57" hits="0"/>
						<line number="61" hits="0"/>
						<line number="64" hits="0"/>
						<line number="67" hits="0" branch="true" condition-coverage="0% (0/2)" missing-branches="68,70"/>
						<line number="68" hits="0"/>
						<line number="70" hits="0"/>
						<line number="76" hits="0"/>
						<line number="79" hits="0" branch="true" condition-coverage="0% (0/2)" missing-branches="exit,80"/>
						<line number="80" hits="0"/>
						<line number="82" hits="0"/>
						<line number="84" hits="0"/>
						<line number="87" hits="1"/>
						<line number="91" hits="1"/>
						<line number="93" hits="1"/>
						<line number="100" hits="1"/>
						<line number="107" hits="1"/>
						<line number="108" hits="1"/>
						<line number="110" hits="0"/>
					</lines>
				</class>
				<class name="safety_checks.py" filename="utils/safety_checks.py" complexity="0" line-rate="0" branch-rate="0">
					<methods/>
					<lines>
						<line number="3" hits="0"/>
						<line number="4" hits="0"/>
						<line number="6" hits="0"/>
						<line number="9" hits="0"/>
						<line number="12" hits="0"/>
						<line number="13" hits="0"/>
						<line number="23" hits="0"/>
						<line number="26" hits="0" branch="true" condition-coverage="0% (0/2)" missing-branches="27,30"/>
						<line number="27" hits="0"/>
						<line number="30" hits="0"/>
						<line number="31" hits="0" branch="true" condition-coverage="0% (0/2)" missing-branches="32,35"/>
						<line number="32" hits="0"/>
						<line number="35" hits="0"/>
						<line number="36" hits="0" branch="true" condition-coverage="0% (0/2)" missing-branches="37,40"/>
						<line number="37" hits="0"/>
						<line number="40" hits="0"/>
						<line number="41" hits="0"/>
						<line number="42" hits="0" branch="true" condition-coverage="0% (0/2)" missing-branches="43,45"/>
						<line number="43" hits="0"/>
						<line number="45" hits="0" branch="true" condition-coverage="0% (0/2)" missing-branches="46,52"/>
						<line number="46" hits="0"/>
						<line number="50" hits="0"/>
						<line number="52" hits="0"/>
						<line number="54" hits="0"/>
						<line number="55" hits="0"/>
						<line number="68" hits="0"/>
					</lines>
				</class>
				<class name="validation.py" filename="utils/validation.py" complexity="0" line-rate="0.7914" branch-rate="0.7444">
					<methods/>
					<lines>
						<line number="3" hits="1"/>
						<line number="4" hits="1"/>
						<line number="5" hits="1"/>
						<line number="6" hits="1"/>
						<line number="8" hits="1"/>
						<line number="11" hits="1"/>
						<line number="36" hits="1" branch="true" condition-coverage="100% (2/2)"/>
						<line number="37" hits="1"/>
						<line number="40" hits="1"/>
						<line number="42" hits="1" branch="true" condition-coverage="100% (2/2)"/>
						<line number="43" hits="1"/>
						<line number="49" hits="1" branch="true" condition-coverage="50% (1/2)" missing-branches="50"/>
						<line number="50" hits="0"/>
						<line number="56" hits="1"/>
						<line number="58" hits="1"/>
						<line number="61" hits="1"/>
						<line number="72" hits="1" branch="true" condition-coverage="100% (2/2)"/>
						<line number="73" hits="1"/>
						<line number="76" hits="1" branch="true" condition-coverage="100% (2/2)"/>
						<line number="77" hits="1"/>
						<line number="80" hits="1" branch="true" condition-coverage="100% (2/2)"/>
						<line number="81" hits="1"/>
						<line number="83" hits="1"/>
						<line number="86" hits="1"/>
						<line number="96" hits="1" branch="true" condition-coverage="100% (2/2)"/>
						<line number="97" hits="1"/>
						<line number="100" hits="1" branch="true" condition-coverage="50% (1/2)" missing-branches="101"/>
						<line number="101" hits="0"/>
						<line number="104" hits="1"/>
						<line number="138" hits="1"/>
						<line number="139" hits="1"/>
						<line number="141" hits="1"/>
						<line number="142" hits="1" branch="true" condition-coverage="100% (2/2)"/>
						<line number="143" hits="1" branch="true" condition-coverage="100% (2/2)"/>
						<line number="144" hits="1"/>
						<line number="146" hits="1"/>
						<line number="148" hits="1" branch="true" condition-coverage="50% (1/2)" missing-branches="169"/>
						<line number="150" hits="1" branch="true" condition-coverage="50% (1/2)" missing-branches="158"/>
						<line number="153" hits="1"/>
						<line number="158" hits="0"/>
						<line number="164" hits="0"/>
						<line number="169" hits="0"/>
						<line number="174" hits="0"/>
						<line number="179" hits="1" branch="true" condition-coverage="50% (1/2)" missing-branches="188"/>
						<line number="180" hits="1"/>
						<line number="186" hits="1"/>
						<line number="188" hits="0"/>
						<line number="191" hits="1"/>
						<line number="218" hits="1" branch="true" condition-coverage="100% (2/2)"/>
						<line number="219" hits="1"/>
						<line number="222" hits="1"/>
						<line number="224" hits="1"/>
						<line number="227" hits="1"/>
						<line number="230" hits="1" branch="true" condition-coverage="100% (2/2)"/>
						<line number="231" hits="1"/>
						<line number="232" hits="1" branch="true" condition-coverage="50% (1/2)" missing-branches="234"/>
						<line number="234" hits="0"/>
						<line number="235" hits="1"/>
						<line number="236" hits="1"/>
						<line number="242" hits="1"/>
						<line number="243" hits="1"/>
						<line number="244" hits="1"/>
						<line number="247" hits="1" branch="true" condition-coverage="100% (2/2)"/>
						<line number="248" hits="1"/>
						<line number="249" hits="1"/>
						<line number="250" hits="1" branch="true" condition-coverage="100% (2/2)"/>
						<line number="251" hits="1"/>
						<line number="253" hits="1"/>
						<line number="254" hits="1"/>
						<line number="257" hits="1"/>
						<line number="258" hits="1"/>
						<line number="259" hits="1"/>
						<line number="260" hits="1"/>
						<line number="261" hits="1"/>
						<line number="264" hits="1"/>
						<line number="265" hits="1"/>
						<line number="266" hits="1" branch="true" condition-coverage="100% (2/2)"/>
						<line number="267" hits="1"/>
						<line number="268" hits="1"/>
						<line number="270" hits="1" branch="true" condition-coverage="100% (2/2)"/>
						<line number="272" hits="1" branch="true" condition-coverage="100% (2/2)"/>
						<line number="274" hits="1" branch="true" condition-coverage="100% (2/2)"/>
						<line number="275" hits="1"/>
						<line number="276" hits="1"/>
						<line number="280" hits="1"/>
						<line number="281" hits="1" branch="true" condition-coverage="50% (1/2)" missing-branches="282"/>
						<line number="282" hits="0"/>
						<line number="283" hits="0"/>
						<line number="287" hits="0"/>
						<line number="290" hits="1" branch="true" condition-coverage="100% (2/2)"/>
						<line number="291" hits="1"/>
						<line number="292" hits="1"/>
						<line number="296" hits="1"/>
						<line number="297" hits="1" branch="true" condition-coverage="100% (2/2)"/>
						<line number="298" hits="1"/>
						<line number="299" hits="1"/>
						<line number="303" hits="1"/>
						<line number="305" hits="1" branch="true" condition-coverage="100% (2/2)"/>
						<line number="307" hits="1" branch="true" condition-coverage="100% (2/2)"/>
						<line number="309" hits="1"/>
						<line number="310" hits="1" branch="true" condition-coverage="50% (1/2)" missing-branches="317"/>
						<line number="311" hits="1"/>
						<line number="312" hits="1"/>
						<line number="316" hits="1"/>
						<line number="317" hits="0" branch="true" condition-coverage="0% (0/2)" missing-branches="318,428"/>
						<line number="318" hits="0"/>
						<line number="319" hits="0"/>
						<line number="323" hits="0"/>
						<line number="326" hits="1" branch="true" condition-coverage="50% (1/2)" missing-branches="328"/>
						<line number="328" hits="0" branch="true" condition-coverage="0% (0/2)" missing-branches="329,335"/>
						<line number="329" hits="0"/>
						<line number="330" hits="0"/>
						<line number="334" hits="0"/>
						<line number="335" hits="0" branch="true" condition-coverage="0% (0/2)" missing-branches="336,428"/>
						<line number="336" hits="0"/>
						<line number="337" hits="0"/>
						<line number="341" hits="0"/>
						<line number="344" hits="1" branch="true" condition-coverage="100% (2/2)"/>
						<line number="345" hits="1"/>
						<line number="346" hits="1"/>
						<line number="350" hits="1"/>
						<line number="351" hits="1" branch="true" condition-coverage="50% (1/2)" missing-branches="428"/>
						<line number="352" hits="1"/>
						<line number="353" hits="1"/>
						<line number="357" hits="1"/>
						<line number="358" hits="1" branch="true" condition-coverage="100% (2/2)"/>
						<line number="360" hits="1" branch="true" condition-coverage="100% (2/2)"/>
						<line number="362" hits="1"/>
						<line number="363" hits="1" branch="true" condition-coverage="100% (2/2)"/>
						<line number="364" hits="1"/>
						<line number="365" hits="1"/>
						<line number="370" hits="1"/>
						<line number="371" hits="1" branch="true" condition-coverage="100% (2/2)"/>
						<line number="372" hits="1"/>
						<line number="373" hits="1"/>
						<line number="377" hits="1"/>
						<line number="379" hits="1" branch="true" condition-coverage="50% (1/2)" missing-branches="381"/>
						<line number="381" hits="0" branch="true" condition-coverage="0% (0/2)" missing-branches="382,388"/>
						<line number="382" hits="0"/>
						<line number="383" hits="0"/>
						<line number="387" hits="0"/>
						<line number="388" hits="0" branch="true" condition-coverage="0% (0/2)" missing-branches="389,428"/>
						<line number="389" hits="0"/>
						<line number="390" hits="0"/>
						<line number="394" hits="0"/>
						<line number="397" hits="1" branch="true" condition-coverage="100% (2/2)"/>
						<line number="398" hits="1"/>
						<line number="399" hits="1"/>
						<line number="403" hits="1"/>
						<line number="404" hits="1" branch="true" condition-coverage="100% (2/2)"/>
						<line number="405" hits="1"/>
						<line number="406" hits="1"/>
						<line number="410" hits="1"/>
						<line number="413" hits="1" branch="true" condition-coverage="50% (1/2)" missing-branches="414"/>
						<line number="414" hits="0"/>
						<line number="415" hits="0"/>
						<line number="419" hits="0"/>
						<line number="420" hits="1" branch="true" condition-coverage="50% (1/2)" missing-branches="428"/>
						<line number="421" hits="1"/>
						<line number="422" hits="1"/>
						<line number="426" hits="1"/>
						<line number="428" hits="1"/>
						<line number="435" hits="1"/>
					</lines>
				</class>
			</classes>
		</package>
	</packages>
</coverage>
