{"meta": {"format": 3, "version": "7.11.3", "timestamp": "2025-12-03T10:20:24.758135", "branch_coverage": false, "show_contexts": false}, "files": {"finance_feedback_engine/__init__.py": {"executed_lines": [1, 8, 9, 11, 13], "summary": {"covered_lines": 4, "num_statements": 4, "percent_covered": 100.0, "percent_covered_display": "100", "missing_lines": 0, "excluded_lines": 0}, "missing_lines": [], "excluded_lines": [], "functions": {"": {"executed_lines": [1, 8, 9, 11, 13], "summary": {"covered_lines": 4, "num_statements": 4, "percent_covered": 100.0, "percent_covered_display": "100", "missing_lines": 0, "excluded_lines": 0}, "missing_lines": [], "excluded_lines": []}}, "classes": {"": {"executed_lines": [1, 8, 9, 11, 13], "summary": {"covered_lines": 4, "num_statements": 4, "percent_covered": 100.0, "percent_covered_display": "100", "missing_lines": 0, "excluded_lines": 0}, "missing_lines": [], "excluded_lines": []}}}, "finance_feedback_engine/agent/__init__.py": {"executed_lines": [0], "summary": {"covered_lines": 0, "num_statements": 0, "percent_covered": 100.0, "percent_covered_display": "100", "missing_lines": 0, "excluded_lines": 0}, "missing_lines": [], "excluded_lines": [], "functions": {"": {"executed_lines": [], "summary": {"covered_lines": 0, "num_statements": 0, "percent_covered": 100.0, "percent_covered_display": "100", "missing_lines": 0, "excluded_lines": 0}, "missing_lines": [], "excluded_lines": []}}, "classes": {"": {"executed_lines": [], "summary": {"covered_lines": 0, "num_statements": 0, "percent_covered": 100.0, "percent_covered_display": "100", "missing_lines": 0, "excluded_lines": 0}, "missing_lines": [], "excluded_lines": []}}}, "finance_feedback_engine/agent/config.py": {"executed_lines": [1, 2, 4, 5, 6, 7, 8, 10, 11, 18, 19, 20, 24, 25, 26, 29, 30, 31, 39, 40, 47, 48, 49, 50, 52, 53, 54, 61, 62, 63, 65, 66, 72, 73, 74, 77, 78, 79, 80, 82, 85, 86, 87], "summary": {"covered_lines": 41, "num_statements": 41, "percent_covered": 100.0, "percent_covered_display": "100", "missing_lines": 0, "excluded_lines": 0}, "missing_lines": [], "excluded_lines": [], "functions": {"TradingAgentConfig.normalize_percentage_fields": {"executed_lines": [61, 62, 63], "summary": {"covered_lines": 3, "num_statements": 3, "percent_covered": 100.0, "percent_covered_display": "100", "missing_lines": 0, "excluded_lines": 0}, "missing_lines": [], "excluded_lines": []}, "TradingAgentConfig.normalize_default_percentages": {"executed_lines": [72, 73, 74], "summary": {"covered_lines": 3, "num_statements": 3, "percent_covered": 100.0, "percent_covered_display": "100", "missing_lines": 0, "excluded_lines": 0}, "missing_lines": [], "excluded_lines": []}, "": {"executed_lines": [1, 2, 4, 5, 6, 7, 8, 10, 11, 18, 19, 20, 24, 25, 26, 29, 30, 31, 39, 40, 47, 48, 49, 50, 52, 53, 54, 65, 66, 77, 78, 79, 80, 82, 85, 86, 87], "summary": {"covered_lines": 35, "num_statements": 35, "percent_covered": 100.0, "percent_covered_display": "100", "missing_lines": 0, "excluded_lines": 0}, "missing_lines": [], "excluded_lines": []}}, "classes": {"AutonomousAgentConfig": {"executed_lines": [], "summary": {"covered_lines": 0, "num_statements": 0, "percent_covered": 100.0, "percent_covered_display": "100", "missing_lines": 0, "excluded_lines": 0}, "missing_lines": [], "excluded_lines": []}, "TradingAgentConfig": {"executed_lines": [61, 62, 63, 72, 73, 74], "summary": {"covered_lines": 6, "num_statements": 6, "percent_covered": 100.0, "percent_covered_display": "100", "missing_lines": 0, "excluded_lines": 0}, "missing_lines": [], "excluded_lines": []}, "": {"executed_lines": [1, 2, 4, 5, 6, 7, 8, 10, 11, 18, 19, 20, 24, 25, 26, 29, 30, 31, 39, 40, 47, 48, 49, 50, 52, 53, 54, 65, 66, 77, 78, 79, 80, 82, 85, 86, 87], "summary": {"covered_lines": 35, "num_statements": 35, "percent_covered": 100.0, "percent_covered_display": "100", "missing_lines": 0, "excluded_lines": 0}, "missing_lines": [], "excluded_lines": []}}}, "finance_feedback_engine/agent/orchestrator.py": {"executed_lines": [1, 2, 3, 4, 5, 6, 9, 10, 19, 54, 62, 69, 71, 72, 74, 78, 79, 80, 83, 84, 86, 87, 88, 89, 90, 93, 94, 97, 98, 99, 100, 101, 102, 104, 105, 106, 107, 108, 109, 110, 111, 114, 119, 151], "summary": {"covered_lines": 43, "num_statements": 108, "percent_covered": 39.81481481481482, "percent_covered_display": "40", "missing_lines": 65, "excluded_lines": 0}, "missing_lines": [20, 21, 22, 23, 26, 28, 29, 30, 31, 32, 33, 34, 35, 36, 37, 38, 39, 40, 41, 44, 45, 46, 47, 48, 49, 51, 52, 59, 60, 66, 67, 75, 76, 112, 113, 115, 116, 117, 120, 121, 125, 129, 132, 134, 135, 136, 138, 139, 142, 144, 145, 147, 148, 149, 153, 154, 157, 158, 159, 160, 161, 162, 163, 164, 168], "excluded_lines": [], "functions": {"TradingAgentOrchestrator.__init__": {"executed_lines": [], "summary": {"covered_lines": 0, "num_statements": 27, "percent_covered": 0.0, "percent_covered_display": "0", "missing_lines": 27, "excluded_lines": 0}, "missing_lines": [20, 21, 22, 23, 26, 28, 29, 30, 31, 32, 33, 34, 35, 36, 37, 38, 39, 40, 41, 44, 45, 46, 47, 48, 49, 51, 52], "excluded_lines": []}, "TradingAgentOrchestrator.pause_trading": {"executed_lines": [], "summary": {"covered_lines": 0, "num_statements": 2, "percent_covered": 0.0, "percent_covered_display": "0", "missing_lines": 2, "excluded_lines": 0}, "missing_lines": [59, 60], "excluded_lines": []}, "TradingAgentOrchestrator.stop": {"executed_lines": [], "summary": {"covered_lines": 0, "num_statements": 2, "percent_covered": 0.0, "percent_covered_display": "0", "missing_lines": 2, "excluded_lines": 0}, "missing_lines": [66, 67], "excluded_lines": []}, "TradingAgentOrchestrator.run": {"executed_lines": [71, 72, 74, 78, 79, 80, 83, 84, 86, 87, 88, 89, 90, 93, 94, 97, 98, 99, 100, 101, 102, 104, 105, 106, 107, 108, 109, 110, 111, 114, 119], "summary": {"covered_lines": 31, "num_statements": 54, "percent_covered": 57.407407407407405, "percent_covered_display": "57", "missing_lines": 23, "excluded_lines": 0}, "missing_lines": [75, 76, 112, 113, 115, 116, 117, 120, 121, 125, 129, 132, 134, 135, 136, 138, 139, 142, 144, 145, 147, 148, 149], "excluded_lines": []}, "TradingAgentOrchestrator._should_execute": {"executed_lines": [], "summary": {"covered_lines": 0, "num_statements": 11, "percent_covered": 0.0, "percent_covered_display": "0", "missing_lines": 11, "excluded_lines": 0}, "missing_lines": [153, 154, 157, 158, 159, 160, 161, 162, 163, 164, 168], "excluded_lines": []}, "": {"executed_lines": [1, 2, 3, 4, 5, 6, 9, 10, 19, 54, 62, 69, 151], "summary": {"covered_lines": 12, "num_statements": 12, "percent_covered": 100.0, "percent_covered_display": "100", "missing_lines": 0, "excluded_lines": 0}, "missing_lines": [], "excluded_lines": []}}, "classes": {"TradingAgentOrchestrator": {"executed_lines": [71, 72, 74, 78, 79, 80, 83, 84, 86, 87, 88, 89, 90, 93, 94, 97, 98, 99, 100, 101, 102, 104, 105, 106, 107, 108, 109, 110, 111, 114, 119], "summary": {"covered_lines": 31, "num_statements": 96, "percent_covered": 32.291666666666664, "percent_covered_display": "32", "missing_lines": 65, "excluded_lines": 0}, "missing_lines": [20, 21, 22, 23, 26, 28, 29, 30, 31, 32, 33, 34, 35, 36, 37, 38, 39, 40, 41, 44, 45, 46, 47, 48, 49, 51, 52, 59, 60, 66, 67, 75, 76, 112, 113, 115, 116, 117, 120, 121, 125, 129, 132, 134, 135, 136, 138, 139, 142, 144, 145, 147, 148, 149, 153, 154, 157, 158, 159, 160, 161, 162, 163, 164, 168], "excluded_lines": []}, "": {"executed_lines": [1, 2, 3, 4, 5, 6, 9, 10, 19, 54, 62, 69, 151], "summary": {"covered_lines": 12, "num_statements": 12, "percent_covered": 100.0, "percent_covered_display": "100", "missing_lines": 0, "excluded_lines": 0}, "missing_lines": [], "excluded_lines": []}}}, "finance_feedback_engine/agent/trading_loop_agent.py": {"executed_lines": [3, 4, 5, 6, 7, 8, 9, 10, 11, 13, 15, 16, 17, 18, 19, 20, 21, 22, 24, 25, 29, 37, 38, 39, 40, 41, 44, 45, 46, 50, 57, 58, 59, 61, 62, 63, 64, 67, 76, 100, 102, 103, 104, 106, 110, 111, 113, 115, 119, 122, 123, 125, 127, 129, 137, 138, 141, 142, 157, 159, 219, 253, 286, 290, 292, 293, 296, 297, 305, 307, 333], "summary": {"covered_lines": 69, "num_statements": 198, "percent_covered": 34.84848484848485, "percent_covered_display": "35", "missing_lines": 129, "excluded_lines": 0}, "missing_lines": [47, 48, 80, 81, 82, 84, 85, 86, 87, 88, 90, 91, 92, 93, 94, 95, 96, 97, 98, 130, 135, 136, 143, 144, 145, 147, 148, 149, 150, 163, 165, 168, 169, 170, 171, 172, 173, 174, 176, 177, 179, 180, 181, 183, 184, 185, 186, 189, 190, 192, 193, 194, 195, 196, 198, 200, 202, 204, 205, 206, 207, 208, 210, 211, 217, 218, 223, 225, 226, 227, 228, 230, 231, 234, 236, 237, 238, 239, 242, 243, 244, 246, 247, 248, 250, 251, 257, 259, 260, 261, 262, 264, 265, 266, 268, 269, 270, 271, 272, 274, 275, 277, 278, 279, 280, 281, 284, 294, 298, 299, 300, 301, 302, 309, 311, 312, 313, 314, 317, 318, 322, 324, 325, 327, 328, 330, 331, 335, 336], "excluded_lines": [], "functions": {"TradingLoopAgent.__init__": {"executed_lines": [37, 38, 39, 40, 41, 44, 50, 57, 58, 59, 61, 62, 63, 64, 67], "summary": {"covered_lines": 15, "num_statements": 15, "percent_covered": 100.0, "percent_covered_display": "100", "missing_lines": 0, "excluded_lines": 0}, "missing_lines": [], "excluded_lines": []}, "TradingLoopAgent.__init__._normalize_pct": {"executed_lines": [45, 46], "summary": {"covered_lines": 2, "num_statements": 4, "percent_covered": 50.0, "percent_covered_display": "50", "missing_lines": 2, "excluded_lines": 0}, "missing_lines": [47, 48], "excluded_lines": []}, "TradingLoopAgent.run": {"executed_lines": [], "summary": {"covered_lines": 0, "num_statements": 17, "percent_covered": 0.0, "percent_covered_display": "0", "missing_lines": 17, "excluded_lines": 0}, "missing_lines": [80, 81, 82, 84, 85, 86, 87, 88, 90, 91, 92, 93, 94, 95, 96, 97, 98], "excluded_lines": []}, "TradingLoopAgent._transition_to": {"executed_lines": [102, 103, 104], "summary": {"covered_lines": 3, "num_statements": 3, "percent_covered": 100.0, "percent_covered_display": "100", "missing_lines": 0, "excluded_lines": 0}, "missing_lines": [], "excluded_lines": []}, "TradingLoopAgent.handle_idle_state": {"executed_lines": [110, 111, 113], "summary": {"covered_lines": 3, "num_statements": 3, "percent_covered": 100.0, "percent_covered_display": "100", "missing_lines": 0, "excluded_lines": 0}, "missing_lines": [], "excluded_lines": []}, "TradingLoopAgent.handle_perception_state": {"executed_lines": [119, 122, 123, 125, 127, 129, 137, 138, 141, 142, 157], "summary": {"covered_lines": 11, "num_statements": 21, "percent_covered": 52.38095238095238, "percent_covered_display": "52", "missing_lines": 10, "excluded_lines": 0}, "missing_lines": [130, 135, 136, 143, 144, 145, 147, 148, 149, 150], "excluded_lines": []}, "TradingLoopAgent.handle_reasoning_state": {"executed_lines": [], "summary": {"covered_lines": 0, "num_statements": 37, "percent_covered": 0.0, "percent_covered_display": "0", "missing_lines": 37, "excluded_lines": 0}, "missing_lines": [163, 165, 168, 169, 170, 171, 172, 173, 174, 176, 177, 179, 180, 181, 183, 184, 185, 186, 189, 190, 192, 193, 194, 195, 196, 198, 200, 202, 204, 205, 206, 207, 208, 210, 211, 217, 218], "excluded_lines": []}, "TradingLoopAgent.handle_risk_check_state": {"executed_lines": [], "summary": {"covered_lines": 0, "num_statements": 20, "percent_covered": 0.0, "percent_covered_display": "0", "missing_lines": 20, "excluded_lines": 0}, "missing_lines": [223, 225, 226, 227, 228, 230, 231, 234, 236, 237, 238, 239, 242, 243, 244, 246, 247, 248, 250, 251], "excluded_lines": []}, "TradingLoopAgent.handle_execution_state": {"executed_lines": [], "summary": {"covered_lines": 0, "num_statements": 21, "percent_covered": 0.0, "percent_covered_display": "0", "missing_lines": 21, "excluded_lines": 0}, "missing_lines": [257, 259, 260, 261, 262, 264, 265, 266, 268, 269, 270, 271, 272, 274, 275, 277, 278, 279, 280, 281, 284], "excluded_lines": []}, "TradingLoopAgent.handle_learning_state": {"executed_lines": [290, 292, 293, 296, 297, 305], "summary": {"covered_lines": 6, "num_statements": 12, "percent_covered": 50.0, "percent_covered_display": "50", "missing_lines": 6, "excluded_lines": 0}, "missing_lines": [294, 298, 299, 300, 301, 302], "excluded_lines": []}, "TradingLoopAgent._should_execute": {"executed_lines": [], "summary": {"covered_lines": 0, "num_statements": 14, "percent_covered": 0.0, "percent_covered_display": "0", "missing_lines": 14, "excluded_lines": 0}, "missing_lines": [309, 311, 312, 313, 314, 317, 318, 322, 324, 325, 327, 328, 330, 331], "excluded_lines": []}, "TradingLoopAgent.stop": {"executed_lines": [], "summary": {"covered_lines": 0, "num_statements": 2, "percent_covered": 0.0, "percent_covered_display": "0", "missing_lines": 2, "excluded_lines": 0}, "missing_lines": [335, 336], "excluded_lines": []}, "": {"executed_lines": [3, 4, 5, 6, 7, 8, 9, 10, 11, 13, 15, 16, 17, 18, 19, 20, 21, 22, 24, 25, 29, 76, 100, 106, 115, 159, 219, 253, 286, 307, 333], "summary": {"covered_lines": 29, "num_statements": 29, "percent_covered": 100.0, "percent_covered_display": "100", "missing_lines": 0, "excluded_lines": 0}, "missing_lines": [], "excluded_lines": []}}, "classes": {"AgentState": {"executed_lines": [], "summary": {"covered_lines": 0, "num_statements": 0, "percent_covered": 100.0, "percent_covered_display": "100", "missing_lines": 0, "excluded_lines": 0}, "missing_lines": [], "excluded_lines": []}, "TradingLoopAgent": {"executed_lines": [37, 38, 39, 40, 41, 44, 45, 46, 50, 57, 58, 59, 61, 62, 63, 64, 67, 102, 103, 104, 110, 111, 113, 119, 122, 123, 125, 127, 129, 137, 138, 141, 142, 157, 290, 292, 293, 296, 297, 305], "summary": {"covered_lines": 40, "num_statements": 169, "percent_covered": 23.668639053254438, "percent_covered_display": "24", "missing_lines": 129, "excluded_lines": 0}, "missing_lines": [47, 48, 80, 81, 82, 84, 85, 86, 87, 88, 90, 91, 92, 93, 94, 95, 96, 97, 98, 130, 135, 136, 143, 144, 145, 147, 148, 149, 150, 163, 165, 168, 169, 170, 171, 172, 173, 174, 176, 177, 179, 180, 181, 183, 184, 185, 186, 189, 190, 192, 193, 194, 195, 196, 198, 200, 202, 204, 205, 206, 207, 208, 210, 211, 217, 218, 223, 225, 226, 227, 228, 230, 231, 234, 236, 237, 238, 239, 242, 243, 244, 246, 247, 248, 250, 251, 257, 259, 260, 261, 262, 264, 265, 266, 268, 269, 270, 271, 272, 274, 275, 277, 278, 279, 280, 281, 284, 294, 298, 299, 300, 301, 302, 309, 311, 312, 313, 314, 317, 318, 322, 324, 325, 327, 328, 330, 331, 335, 336], "excluded_lines": []}, "": {"executed_lines": [3, 4, 5, 6, 7, 8, 9, 10, 11, 13, 15, 16, 17, 18, 19, 20, 21, 22, 24, 25, 29, 76, 100, 106, 115, 159, 219, 253, 286, 307, 333], "summary": {"covered_lines": 29, "num_statements": 29, "percent_covered": 100.0, "percent_covered_display": "100", "missing_lines": 0, "excluded_lines": 0}, "missing_lines": [], "excluded_lines": []}}}, "finance_feedback_engine/backtesting/__init__.py": {"executed_lines": [1, 10], "summary": {"covered_lines": 1, "num_statements": 1, "percent_covered": 100.0, "percent_covered_display": "100", "missing_lines": 0, "excluded_lines": 0}, "missing_lines": [], "excluded_lines": [], "functions": {"": {"executed_lines": [1, 10], "summary": {"covered_lines": 1, "num_statements": 1, "percent_covered": 100.0, "percent_covered_display": "100", "missing_lines": 0, "excluded_lines": 0}, "missing_lines": [], "excluded_lines": []}}, "classes": {"": {"executed_lines": [1, 10], "summary": {"covered_lines": 1, "num_statements": 1, "percent_covered": 100.0, "percent_covered_display": "100", "missing_lines": 0, "excluded_lines": 0}, "missing_lines": [], "excluded_lines": []}}}, "finance_feedback_engine/backtesting/advanced_backtester.py": {"executed_lines": [1, 2, 3, 4, 5, 6, 7, 9, 10, 12, 14, 15, 16, 17, 18, 19, 20, 21, 22, 24, 25, 63, 72, 73, 74, 75, 76, 77, 78, 79, 81, 93, 94, 95, 96, 97, 100, 101, 102, 104, 106, 107, 110, 111, 112, 113, 115, 118, 119, 120, 124, 136, 137, 139, 147, 150, 153, 154, 158, 159, 160, 161, 169, 170, 171, 172, 176, 177, 185, 186, 187, 188, 189, 194, 195, 197, 198, 199, 200, 203, 204, 206, 209, 234, 237, 238, 243, 244, 245, 246, 247, 250, 251, 255, 256, 259, 260, 261, 269, 277, 278, 281, 284, 286, 289, 290, 291, 293, 294, 298, 301, 303, 307, 309, 311, 316, 320, 321, 322, 323, 325, 334, 343, 347, 349, 352, 356, 357, 358, 361, 362, 363, 365, 368, 369, 370, 371, 374, 375, 376, 377, 380, 381, 405, 409, 410, 413, 420, 422], "summary": {"covered_lines": 148, "num_statements": 180, "percent_covered": 82.22222222222223, "percent_covered_display": "82", "missing_lines": 32, "excluded_lines": 0}, "missing_lines": [108, 109, 122, 163, 165, 179, 181, 182, 191, 239, 240, 287, 288, 304, 312, 313, 327, 328, 329, 330, 331, 345, 382, 383, 385, 386, 387, 388, 390, 401, 402, 406], "excluded_lines": [], "functions": {"AdvancedBacktester.__init__": {"executed_lines": [72, 73, 74, 75, 76, 77, 78, 79], "summary": {"covered_lines": 8, "num_statements": 8, "percent_covered": 100.0, "percent_covered_display": "100", "missing_lines": 0, "excluded_lines": 0}, "missing_lines": [], "excluded_lines": []}, "AdvancedBacktester._execute_trade": {"executed_lines": [93, 94, 95, 96, 97, 100, 101, 102, 104, 106, 107, 110, 111, 112, 113, 115, 118, 119, 120, 124, 136, 137], "summary": {"covered_lines": 22, "num_statements": 25, "percent_covered": 88.0, "percent_covered_display": "88", "missing_lines": 3, "excluded_lines": 0}, "missing_lines": [108, 109, 122], "excluded_lines": []}, "AdvancedBacktester._calculate_performance_metrics": {"executed_lines": [147, 150, 153, 154, 158, 159, 160, 161, 169, 170, 171, 172, 176, 177, 185, 186, 187, 188, 189, 194, 195, 197, 198, 199, 200, 203, 204, 206], "summary": {"covered_lines": 28, "num_statements": 34, "percent_covered": 82.3529411764706, "percent_covered_display": "82", "missing_lines": 6, "excluded_lines": 0}, "missing_lines": [163, 165, 179, 181, 182, 191], "excluded_lines": []}, "AdvancedBacktester.run_backtest": {"executed_lines": [234, 237, 238, 243, 244, 245, 246, 247, 250, 251, 255, 256, 259, 260, 261, 269, 277, 278, 281, 284, 286, 289, 290, 291, 293, 294, 298, 301, 303, 307, 309, 311, 316, 320, 321, 322, 323, 325, 334, 343, 347, 349, 352, 356, 357, 358, 361, 362, 363, 365, 368, 369, 370, 371, 374, 375, 376, 377, 380, 381, 405, 409, 410, 413, 420, 422], "summary": {"covered_lines": 66, "num_statements": 89, "percent_covered": 74.15730337078652, "percent_covered_display": "74", "missing_lines": 23, "excluded_lines": 0}, "missing_lines": [239, 240, 287, 288, 304, 312, 313, 327, 328, 329, 330, 331, 345, 382, 383, 385, 386, 387, 388, 390, 401, 402, 406], "excluded_lines": []}, "": {"executed_lines": [1, 2, 3, 4, 5, 6, 7, 9, 10, 12, 14, 15, 16, 17, 18, 19, 20, 21, 22, 24, 25, 63, 81, 139, 209], "summary": {"covered_lines": 24, "num_statements": 24, "percent_covered": 100.0, "percent_covered_display": "100", "missing_lines": 0, "excluded_lines": 0}, "missing_lines": [], "excluded_lines": []}}, "classes": {"Position": {"executed_lines": [], "summary": {"covered_lines": 0, "num_statements": 0, "percent_covered": 100.0, "percent_covered_display": "100", "missing_lines": 0, "excluded_lines": 0}, "missing_lines": [], "excluded_lines": []}, "AdvancedBacktester": {"executed_lines": [72, 73, 74, 75, 76, 77, 78, 79, 93, 94, 95, 96, 97, 100, 101, 102, 104, 106, 107, 110, 111, 112, 113, 115, 118, 119, 120, 124, 136, 137, 147, 150, 153, 154, 158, 159, 160, 161, 169, 170, 171, 172, 176, 177, 185, 186, 187, 188, 189, 194, 195, 197, 198, 199, 200, 203, 204, 206, 234, 237, 238, 243, 244, 245, 246, 247, 250, 251, 255, 256, 259, 260, 261, 269, 277, 278, 281, 284, 286, 289, 290, 291, 293, 294, 298, 301, 303, 307, 309, 311, 316, 320, 321, 322, 323, 325, 334, 343, 347, 349, 352, 356, 357, 358, 361, 362, 363, 365, 368, 369, 370, 371, 374, 375, 376, 377, 380, 381, 405, 409, 410, 413, 420, 422], "summary": {"covered_lines": 124, "num_statements": 156, "percent_covered": 79.48717948717949, "percent_covered_display": "79", "missing_lines": 32, "excluded_lines": 0}, "missing_lines": [108, 109, 122, 163, 165, 179, 181, 182, 191, 239, 240, 287, 288, 304, 312, 313, 327, 328, 329, 330, 331, 345, 382, 383, 385, 386, 387, 388, 390, 401, 402, 406], "excluded_lines": []}, "": {"executed_lines": [1, 2, 3, 4, 5, 6, 7, 9, 10, 12, 14, 15, 16, 17, 18, 19, 20, 21, 22, 24, 25, 63, 81, 139, 209], "summary": {"covered_lines": 24, "num_statements": 24, "percent_covered": 100.0, "percent_covered_display": "100", "missing_lines": 0, "excluded_lines": 0}, "missing_lines": [], "excluded_lines": []}}}, "finance_feedback_engine/backtesting/backtester.py": {"executed_lines": [1, 20, 22, 23, 24, 25, 26, 27, 29, 32, 33, 34, 35, 36, 41, 42, 43, 44, 45, 46, 47, 50, 51, 60, 65, 66, 67, 68, 69, 70, 71, 72, 75, 87, 88, 89, 90, 92, 93, 94, 95, 99, 104, 110, 111, 112, 113, 115, 118, 119, 121, 122, 123, 124, 125, 126, 137, 138, 139, 140, 141, 142, 164, 165, 166, 167, 168, 169, 171, 172, 173, 175, 183, 184, 185, 186, 187, 189, 190, 193, 198, 200, 201, 202, 205, 206, 207, 214, 219, 221, 222, 223, 224, 225, 226, 227, 235, 236, 237, 240, 241, 242, 243, 246, 247, 248, 249, 251, 256, 257, 262, 265, 266, 268, 290, 298, 300, 301, 302, 303, 304, 306, 308, 309, 310, 311, 312, 313, 314, 315, 317, 318, 319, 320, 323, 326, 335, 336, 337, 342, 453, 454, 455, 456, 457, 458, 459, 460, 461, 462, 465], "summary": {"covered_lines": 149, "num_statements": 192, "percent_covered": 77.60416666666667, "percent_covered_display": "78", "missing_lines": 43, "excluded_lines": 0}, "missing_lines": [135, 136, 176, 349, 350, 351, 352, 354, 357, 358, 364, 365, 366, 367, 368, 369, 370, 371, 372, 373, 374, 381, 382, 383, 384, 385, 386, 388, 389, 391, 392, 393, 396, 397, 398, 399, 400, 401, 403, 409, 412, 415, 421], "excluded_lines": [], "functions": {"_parse_date": {"executed_lines": [33, 34, 35, 36], "summary": {"covered_lines": 4, "num_statements": 4, "percent_covered": 100.0, "percent_covered_display": "100", "missing_lines": 0, "excluded_lines": 0}, "missing_lines": [], "excluded_lines": []}, "Backtester.__init__": {"executed_lines": [65, 66, 67, 68, 69, 70, 71, 72], "summary": {"covered_lines": 8, "num_statements": 8, "percent_covered": 100.0, "percent_covered_display": "100", "missing_lines": 0, "excluded_lines": 0}, "missing_lines": [], "excluded_lines": []}, "Backtester.run": {"executed_lines": [87, 88, 89, 90, 92, 93, 94, 95, 99, 104, 110, 111, 112, 113, 115, 118, 119, 121, 122, 123, 124, 125, 126, 137, 138, 139, 140, 141, 142, 164, 165, 166, 167, 168, 169, 171, 172, 173, 175, 183, 184, 185, 186, 187, 189, 190, 193, 198, 200, 201, 202, 205, 206, 207, 214, 219, 221, 222, 223, 224, 225, 226, 227, 235, 236, 237, 240, 241, 242, 243, 246, 247, 248, 249, 251, 256, 257, 262, 265, 266, 268], "summary": {"covered_lines": 81, "num_statements": 84, "percent_covered": 96.42857142857143, "percent_covered_display": "96", "missing_lines": 3, "excluded_lines": 0}, "missing_lines": [135, 136, 176], "excluded_lines": []}, "Backtester._generate_candles": {"executed_lines": [298, 300, 301, 302, 303, 304, 306, 308, 309, 310, 311, 312, 313, 314, 315, 317, 318, 319, 320, 323, 326, 335, 336, 337], "summary": {"covered_lines": 24, "num_statements": 24, "percent_covered": 100.0, "percent_covered_display": "100", "missing_lines": 0, "excluded_lines": 0}, "missing_lines": [], "excluded_lines": []}, "Backtester._run_ensemble_weight_rl": {"executed_lines": [], "summary": {"covered_lines": 0, "num_statements": 40, "percent_covered": 0.0, "percent_covered_display": "0", "missing_lines": 40, "excluded_lines": 0}, "missing_lines": [349, 350, 351, 352, 354, 357, 358, 364, 365, 366, 367, 368, 369, 370, 371, 372, 373, 374, 381, 382, 383, 384, 385, 386, 388, 389, 391, 392, 393, 396, 397, 398, 399, 400, 401, 403, 409, 412, 415, 421], "excluded_lines": []}, "Backtester._compute_max_drawdown": {"executed_lines": [454, 455, 456, 457, 458, 459, 460, 461, 462], "summary": {"covered_lines": 9, "num_statements": 9, "percent_covered": 100.0, "percent_covered_display": "100", "missing_lines": 0, "excluded_lines": 0}, "missing_lines": [], "excluded_lines": []}, "": {"executed_lines": [1, 20, 22, 23, 24, 25, 26, 27, 29, 32, 41, 42, 43, 44, 45, 46, 47, 50, 51, 60, 75, 290, 342, 453, 465], "summary": {"covered_lines": 23, "num_statements": 23, "percent_covered": 100.0, "percent_covered_display": "100", "missing_lines": 0, "excluded_lines": 0}, "missing_lines": [], "excluded_lines": []}}, "classes": {"Candle": {"executed_lines": [], "summary": {"covered_lines": 0, "num_statements": 0, "percent_covered": 100.0, "percent_covered_display": "100", "missing_lines": 0, "excluded_lines": 0}, "missing_lines": [], "excluded_lines": []}, "Backtester": {"executed_lines": [65, 66, 67, 68, 69, 70, 71, 72, 87, 88, 89, 90, 92, 93, 94, 95, 99, 104, 110, 111, 112, 113, 115, 118, 119, 121, 122, 123, 124, 125, 126, 137, 138, 139, 140, 141, 142, 164, 165, 166, 167, 168, 169, 171, 172, 173, 175, 183, 184, 185, 186, 187, 189, 190, 193, 198, 200, 201, 202, 205, 206, 207, 214, 219, 221, 222, 223, 224, 225, 226, 227, 235, 236, 237, 240, 241, 242, 243, 246, 247, 248, 249, 251, 256, 257, 262, 265, 266, 268, 298, 300, 301, 302, 303, 304, 306, 308, 309, 310, 311, 312, 313, 314, 315, 317, 318, 319, 320, 323, 326, 335, 336, 337, 454, 455, 456, 457, 458, 459, 460, 461, 462], "summary": {"covered_lines": 122, "num_statements": 165, "percent_covered": 73.93939393939394, "percent_covered_display": "74", "missing_lines": 43, "excluded_lines": 0}, "missing_lines": [135, 136, 176, 349, 350, 351, 352, 354, 357, 358, 364, 365, 366, 367, 368, 369, 370, 371, 372, 373, 374, 381, 382, 383, 384, 385, 386, 388, 389, 391, 392, 393, 396, 397, 398, 399, 400, 401, 403, 409, 412, 415, 421], "excluded_lines": []}, "": {"executed_lines": [1, 20, 22, 23, 24, 25, 26, 27, 29, 32, 33, 34, 35, 36, 41, 42, 43, 44, 45, 46, 47, 50, 51, 60, 75, 290, 342, 453, 465], "summary": {"covered_lines": 27, "num_statements": 27, "percent_covered": 100.0, "percent_covered_display": "100", "missing_lines": 0, "excluded_lines": 0}, "missing_lines": [], "excluded_lines": []}}}, "finance_feedback_engine/cli/__init__.py": {"executed_lines": [1, 3, 5], "summary": {"covered_lines": 2, "num_statements": 2, "percent_covered": 100.0, "percent_covered_display": "100", "missing_lines": 0, "excluded_lines": 0}, "missing_lines": [], "excluded_lines": [], "functions": {"": {"executed_lines": [1, 3, 5], "summary": {"covered_lines": 2, "num_statements": 2, "percent_covered": 100.0, "percent_covered_display": "100", "missing_lines": 0, "excluded_lines": 0}, "missing_lines": [], "excluded_lines": []}}, "classes": {"": {"executed_lines": [1, 3, 5], "summary": {"covered_lines": 2, "num_statements": 2, "percent_covered": 100.0, "percent_covered_display": "100", "missing_lines": 0, "excluded_lines": 0}, "missing_lines": [], "excluded_lines": []}}}, "finance_feedback_engine/cli/interactive.py": {"executed_lines": [2, 3, 4, 6, 9, 21, 32], "summary": {"covered_lines": 7, "num_statements": 91, "percent_covered": 7.6923076923076925, "percent_covered_display": "8", "missing_lines": 84, "excluded_lines": 0}, "missing_lines": [11, 12, 14, 15, 16, 17, 18, 23, 24, 25, 26, 27, 28, 29, 30, 34, 35, 36, 37, 38, 41, 42, 45, 46, 47, 48, 49, 50, 52, 54, 56, 57, 58, 60, 61, 64, 66, 67, 68, 69, 71, 72, 74, 75, 76, 79, 80, 81, 84, 85, 86, 89, 90, 91, 92, 93, 95, 97, 98, 101, 102, 103, 105, 107, 108, 109, 110, 111, 112, 113, 114, 115, 116, 118, 119, 120, 121, 123, 124, 126, 127, 128, 129, 130], "excluded_lines": [], "functions": {"_build_command_index": {"executed_lines": [], "summary": {"covered_lines": 0, "num_statements": 7, "percent_covered": 0.0, "percent_covered_display": "0", "missing_lines": 7, "excluded_lines": 0}, "missing_lines": [11, 12, 14, 15, 16, 17, 18], "excluded_lines": []}, "_show_menu": {"executed_lines": [], "summary": {"covered_lines": 0, "num_statements": 8, "percent_covered": 0.0, "percent_covered_display": "0", "missing_lines": 8, "excluded_lines": 0}, "missing_lines": [23, 24, 25, 26, 27, 28, 29, 30], "excluded_lines": []}, "start_interactive_session": {"executed_lines": [], "summary": {"covered_lines": 0, "num_statements": 69, "percent_covered": 0.0, "percent_covered_display": "0", "missing_lines": 69, "excluded_lines": 0}, "missing_lines": [34, 35, 36, 37, 38, 41, 42, 45, 46, 47, 48, 49, 50, 52, 54, 56, 57, 58, 60, 61, 64, 66, 67, 68, 69, 71, 72, 74, 75, 76, 79, 80, 81, 84, 85, 86, 89, 90, 91, 92, 93, 95, 97, 98, 101, 102, 103, 105, 107, 108, 109, 110, 111, 112, 113, 114, 115, 116, 118, 119, 120, 121, 123, 124, 126, 127, 128, 129, 130], "excluded_lines": []}, "": {"executed_lines": [2, 3, 4, 6, 9, 21, 32], "summary": {"covered_lines": 7, "num_statements": 7, "percent_covered": 100.0, "percent_covered_display": "100", "missing_lines": 0, "excluded_lines": 0}, "missing_lines": [], "excluded_lines": []}}, "classes": {"": {"executed_lines": [2, 3, 4, 6, 9, 21, 32], "summary": {"covered_lines": 7, "num_statements": 91, "percent_covered": 7.6923076923076925, "percent_covered_display": "8", "missing_lines": 84, "excluded_lines": 0}, "missing_lines": [11, 12, 14, 15, 16, 17, 18, 23, 24, 25, 26, 27, 28, 29, 30, 34, 35, 36, 37, 38, 41, 42, 45, 46, 47, 48, 49, 50, 52, 54, 56, 57, 58, 60, 61, 64, 66, 67, 68, 69, 71, 72, 74, 75, 76, 79, 80, 81, 84, 85, 86, 89, 90, 91, 92, 93, 95, 97, 98, 101, 102, 103, 105, 107, 108, 109, 110, 111, 112, 113, 114, 115, 116, 118, 119, 120, 121, 123, 124, 126, 127, 128, 129, 130], "excluded_lines": []}}}, "finance_feedback_engine/cli/main.py": {"executed_lines": [1, 3, 4, 5, 6, 7, 8, 9, 10, 11, 12, 13, 14, 15, 18, 19, 20, 24, 25, 28, 31, 76, 78, 79, 85, 86, 99, 104, 105, 106, 108, 109, 111, 112, 114, 115, 117, 120, 123, 125, 127, 130, 140, 149, 152, 153, 155, 156, 165, 168, 175, 178, 188, 193, 194, 195, 197, 198, 200, 203, 210, 211, 213, 214, 218, 220, 221, 222, 223, 224, 227, 228, 229, 230, 231, 233, 236, 250, 251, 252, 265, 268, 274, 276, 281, 282, 283, 284, 289, 304, 306, 307, 308, 309, 310, 311, 314, 316, 317, 318, 319, 322, 323, 329, 330, 333, 334, 336, 339, 341, 343, 346, 349, 352, 353, 357, 360, 447, 453, 454, 460, 461, 467, 468, 470, 471, 472, 473, 480, 481, 482, 483, 491, 493, 494, 498, 499, 500, 501, 507, 510, 512, 513, 514, 520, 521, 523, 524, 525, 528, 529, 530, 532, 533, 534, 540, 542, 548, 553, 562, 563, 564, 570, 571, 577, 578, 579, 580, 581, 584, 585, 588, 589, 596, 597, 598, 600, 601, 602, 603, 606, 607, 612, 613, 615, 616, 618, 620, 621, 622, 625, 626, 627, 628, 629, 631, 632, 633, 635, 637, 638, 639, 641, 643, 644, 646, 785, 786, 787, 795, 796, 798, 800, 802, 804, 807, 808, 810, 812, 813, 821, 822, 863, 865, 868, 869, 872, 875, 929, 930, 931, 932, 933, 934, 935, 936, 939, 940, 947, 951, 952, 953, 956, 960, 963, 968, 972, 973, 983, 985, 989, 990, 999, 1005, 1012, 1026, 1035, 1073, 1074, 1075, 1078, 1079, 1080, 1082, 1083, 1084, 1086, 1089, 1090, 1091, 1093, 1094, 1096, 1098, 1099, 1100, 1103, 1104, 1105, 1107, 1108, 1109, 1113, 1116, 1118, 1119, 1121, 1124, 1125, 1126, 1127, 1128, 1129, 1130, 1131, 1132, 1133, 1134, 1136, 1143, 1144, 1145, 1146, 1147, 1149, 1150, 1151, 1153, 1155, 1157, 1158, 1159, 1160, 1164, 1169, 1170, 1171, 1172, 1173, 1174, 1175, 1177, 1178, 1179, 1180, 1182, 1191, 1198, 1199, 1200, 1201, 1203, 1204, 1205, 1208, 1209, 1212, 1213, 1215, 1216, 1217, 1218, 1223, 1225, 1233, 1234, 1235, 1236, 1237, 1238, 1239, 1240, 1241, 1243, 1245, 1246, 1247, 1249, 1258, 1259, 1262, 1263, 1264, 1268, 1272, 1273, 1274, 1275, 1276, 1279, 1292, 1296, 1298, 1299, 1307, 1308, 1310, 1311, 1312, 1315, 1316, 1317, 1319, 1320, 1322, 1323, 1326, 1329, 1334, 1335, 1340, 1341, 1342, 1347, 1349, 1350, 1352, 1353, 1356, 1357, 1360, 1361, 1366, 1367, 1369, 1370, 1371, 1374, 1376, 1377, 1379, 1380, 1382, 1388, 1405, 1406, 1415, 1416, 1417, 1418, 1419, 1425, 1430, 1431, 1432, 1437, 1438, 1443, 1444, 1458, 1459, 1460, 1461, 1463, 1466, 1468, 1472, 1553, 1554, 1555, 1558, 1559, 1560, 1561, 1562, 1567, 1572, 1577, 1582, 1587, 1592, 1593, 1699, 1700, 1701, 1703, 1704, 1705, 1706, 1707, 1710, 1711, 1712, 1714, 1715, 1716, 1719, 1722, 1723, 1724, 1726, 1727, 1728, 1732, 1735, 1736, 1737, 1739, 1740, 1741, 1744, 1745, 1746, 1747, 1748, 1757, 1759, 1764, 1765, 1766, 1767, 1768, 1769, 1773, 1778, 1779, 1781, 1782, 1783, 1786, 1787, 1788, 1789, 1791, 1792, 1794, 1795, 1798, 1800, 1801, 1802, 1803, 1804, 1805, 1808, 1814, 1815, 1816, 1817, 1818, 1819, 1821, 1822, 1824, 1832, 1841, 1842, 1847, 1848, 1850, 1851, 1853, 1854, 1856, 1859, 1860, 1861, 1862, 1910, 1912, 1913, 1914, 1916, 1917, 1919, 1927, 1928, 1930, 1931, 1935, 1936, 1937, 1940, 1948, 1949, 1971, 2030, 2031, 2036, 2043, 2050, 2055, 2060, 2061, 2063, 2065, 2068, 2071, 2074, 2078, 2082, 2084, 2085, 2086, 2087, 2089, 2090, 2113, 2114, 2115, 2118, 2121], "summary": {"covered_lines": 580, "num_statements": 1089, "percent_covered": 53.259871441689626, "percent_covered_display": "53", "missing_lines": 509, "excluded_lines": 2}, "missing_lines": [36, 37, 38, 40, 41, 42, 44, 45, 48, 49, 50, 53, 54, 55, 56, 57, 58, 59, 60, 65, 69, 70, 71, 72, 73, 91, 92, 96, 150, 159, 160, 180, 181, 182, 184, 185, 254, 255, 257, 258, 260, 261, 263, 277, 285, 290, 291, 292, 293, 297, 299, 361, 362, 363, 364, 369, 376, 377, 378, 379, 380, 381, 382, 390, 391, 392, 393, 396, 397, 398, 399, 401, 402, 404, 406, 415, 416, 417, 419, 420, 422, 423, 425, 426, 427, 428, 433, 434, 438, 440, 444, 445, 448, 449, 474, 475, 484, 485, 509, 526, 549, 550, 551, 552, 554, 555, 556, 557, 565, 634, 640, 779, 781, 782, 809, 817, 823, 825, 826, 827, 830, 831, 832, 833, 834, 836, 837, 840, 841, 842, 843, 845, 847, 848, 850, 851, 854, 855, 856, 857, 859, 861, 870, 876, 877, 878, 879, 882, 885, 886, 887, 889, 901, 902, 903, 904, 905, 906, 907, 908, 909, 911, 913, 914, 915, 917, 918, 922, 923, 926, 969, 974, 975, 976, 977, 978, 979, 980, 981, 982, 984, 986, 991, 992, 993, 997, 1000, 1006, 1007, 1008, 1009, 1013, 1014, 1015, 1019, 1020, 1021, 1022, 1023, 1027, 1028, 1029, 1030, 1036, 1037, 1038, 1041, 1042, 1045, 1046, 1047, 1052, 1053, 1054, 1055, 1056, 1057, 1060, 1061, 1062, 1068, 1069, 1070, 1071, 1138, 1139, 1140, 1161, 1162, 1165, 1166, 1193, 1194, 1195, 1219, 1220, 1226, 1230, 1269, 1270, 1281, 1286, 1287, 1303, 1344, 1345, 1346, 1348, 1389, 1390, 1394, 1398, 1400, 1401, 1402, 1410, 1411, 1412, 1462, 1464, 1465, 1484, 1485, 1487, 1488, 1489, 1491, 1492, 1493, 1494, 1495, 1496, 1497, 1498, 1499, 1500, 1501, 1502, 1503, 1504, 1505, 1506, 1507, 1508, 1509, 1510, 1511, 1513, 1514, 1517, 1519, 1520, 1521, 1522, 1523, 1524, 1525, 1526, 1527, 1528, 1536, 1539, 1540, 1541, 1542, 1543, 1544, 1545, 1546, 1547, 1551, 1606, 1607, 1609, 1610, 1611, 1613, 1618, 1621, 1622, 1623, 1624, 1625, 1626, 1628, 1631, 1641, 1649, 1650, 1652, 1653, 1654, 1656, 1657, 1658, 1659, 1660, 1661, 1662, 1663, 1664, 1665, 1666, 1668, 1670, 1671, 1672, 1673, 1674, 1675, 1676, 1677, 1678, 1680, 1681, 1682, 1691, 1694, 1695, 1696, 1717, 1729, 1742, 1749, 1752, 1755, 1760, 1761, 1770, 1771, 1774, 1775, 1833, 1834, 1835, 1836, 1837, 1863, 1865, 1867, 1868, 1869, 1870, 1872, 1873, 1875, 1878, 1879, 1881, 1882, 1883, 1884, 1885, 1886, 1887, 1888, 1890, 1891, 1893, 1894, 1895, 1897, 1899, 1900, 1901, 1902, 1903, 1904, 1905, 1906, 1907, 1920, 1921, 1922, 1923, 1924, 1925, 1941, 1942, 1943, 1944, 1945, 1946, 1951, 1952, 1953, 1955, 1960, 1962, 1969, 1973, 1974, 1975, 1976, 1978, 1979, 1980, 1982, 1983, 1984, 1985, 1986, 1987, 1988, 1989, 1990, 1991, 1992, 1994, 1995, 1996, 1997, 1998, 1999, 2000, 2001, 2002, 2003, 2004, 2005, 2006, 2007, 2008, 2010, 2011, 2012, 2013, 2014, 2015, 2016, 2017, 2018, 2019, 2020, 2021, 2022, 2023, 2025, 2026, 2027, 2028, 2066, 2067, 2069, 2070, 2072, 2073, 2075, 2076, 2079, 2080, 2092, 2093, 2095, 2096, 2098, 2099, 2100, 2101, 2102, 2104, 2105, 2106, 2107, 2108, 2110, 2111, 2116, 2117], "excluded_lines": [2121, 2122], "functions": {"_parse_requirements_file": {"executed_lines": [], "summary": {"covered_lines": 0, "num_statements": 25, "percent_covered": 0.0, "percent_covered_display": "0", "missing_lines": 25, "excluded_lines": 0}, "missing_lines": [36, 37, 38, 40, 41, 42, 44, 45, 48, 49, 50, 53, 54, 55, 56, 57, 58, 59, 60, 65, 69, 70, 71, 72, 73], "excluded_lines": []}, "_get_installed_packages": {"executed_lines": [78, 79, 85, 86], "summary": {"covered_lines": 4, "num_statements": 7, "percent_covered": 57.142857142857146, "percent_covered_display": "57", "missing_lines": 3, "excluded_lines": 0}, "missing_lines": [91, 92, 96], "excluded_lines": []}, "_check_dependencies": {"executed_lines": [104, 105, 106, 108, 109, 111, 112, 114, 115, 117, 120, 123, 125, 127], "summary": {"covered_lines": 14, "num_statements": 14, "percent_covered": 100.0, "percent_covered_display": "100", "missing_lines": 0, "excluded_lines": 0}, "missing_lines": [], "excluded_lines": []}, "setup_logging": {"executed_lines": [140, 149, 152, 153, 155, 156, 165, 168, 175], "summary": {"covered_lines": 9, "num_statements": 12, "percent_covered": 75.0, "percent_covered_display": "75", "missing_lines": 3, "excluded_lines": 0}, "missing_lines": [150, 159, 160], "excluded_lines": []}, "_deep_merge_dicts": {"executed_lines": [], "summary": {"covered_lines": 0, "num_statements": 5, "percent_covered": 0.0, "percent_covered_display": "0", "missing_lines": 5, "excluded_lines": 0}, "missing_lines": [180, 181, 182, 184, 185], "excluded_lines": []}, "_deep_fill_missing": {"executed_lines": [193, 194, 195, 197, 198, 200], "summary": {"covered_lines": 6, "num_statements": 6, "percent_covered": 100.0, "percent_covered_display": "100", "missing_lines": 0, "excluded_lines": 0}, "missing_lines": [], "excluded_lines": []}, "load_tiered_config": {"executed_lines": [210, 211, 213, 214, 218, 220, 221, 222, 223, 224, 227, 228, 229, 230, 231, 233, 236, 250, 251, 252, 265], "summary": {"covered_lines": 21, "num_statements": 28, "percent_covered": 75.0, "percent_covered_display": "75", "missing_lines": 7, "excluded_lines": 0}, "missing_lines": [254, 255, 257, 258, 260, 261, 263], "excluded_lines": []}, "load_config": {"executed_lines": [274, 276, 281, 282, 283, 284, 289], "summary": {"covered_lines": 7, "num_statements": 15, "percent_covered": 46.666666666666664, "percent_covered_display": "47", "missing_lines": 8, "excluded_lines": 0}, "missing_lines": [277, 285, 290, 291, 292, 293, 297, 299], "excluded_lines": []}, "_get_nested": {"executed_lines": [306, 307, 308, 309, 310, 311], "summary": {"covered_lines": 6, "num_statements": 6, "percent_covered": 100.0, "percent_covered_display": "100", "missing_lines": 0, "excluded_lines": 0}, "missing_lines": [], "excluded_lines": []}, "_set_nested": {"executed_lines": [316, 317, 318, 319], "summary": {"covered_lines": 4, "num_statements": 4, "percent_covered": 100.0, "percent_covered_display": "100", "missing_lines": 0, "excluded_lines": 0}, "missing_lines": [], "excluded_lines": []}, "cli": {"executed_lines": [336, 339, 341, 343, 346, 349, 352, 353, 357, 360, 447], "summary": {"covered_lines": 11, "num_statements": 54, "percent_covered": 20.37037037037037, "percent_covered_display": "20", "missing_lines": 43, "excluded_lines": 0}, "missing_lines": [361, 362, 363, 364, 369, 376, 377, 378, 379, 380, 381, 382, 390, 391, 392, 393, 396, 397, 398, 399, 401, 402, 404, 406, 415, 416, 417, 419, 420, 422, 423, 425, 426, 427, 428, 433, 434, 438, 440, 444, 445, 448, 449], "excluded_lines": []}, "config_editor": {"executed_lines": [467, 468, 470, 471, 472, 473, 480, 481, 482, 483, 491, 493, 498, 512, 523, 532, 533, 534, 540, 542, 548, 553, 562, 563, 564, 570, 571, 577, 578, 579, 580, 581, 584, 585, 588, 589, 596, 597, 598, 600, 601, 602, 603], "summary": {"covered_lines": 43, "num_statements": 56, "percent_covered": 76.78571428571429, "percent_covered_display": "77", "missing_lines": 13, "excluded_lines": 0}, "missing_lines": [474, 475, 484, 485, 549, 550, 551, 552, 554, 555, 556, 557, 565], "excluded_lines": []}, "config_editor.current": {"executed_lines": [494], "summary": {"covered_lines": 1, "num_statements": 1, "percent_covered": 100.0, "percent_covered_display": "100", "missing_lines": 0, "excluded_lines": 0}, "missing_lines": [], "excluded_lines": []}, "config_editor.prompt_text": {"executed_lines": [499, 500, 501, 507, 510], "summary": {"covered_lines": 5, "num_statements": 6, "percent_covered": 83.33333333333333, "percent_covered_display": "83", "missing_lines": 1, "excluded_lines": 0}, "missing_lines": [509], "excluded_lines": []}, "config_editor.prompt_choice": {"executed_lines": [513, 514, 520, 521], "summary": {"covered_lines": 4, "num_statements": 4, "percent_covered": 100.0, "percent_covered_display": "100", "missing_lines": 0, "excluded_lines": 0}, "missing_lines": [], "excluded_lines": []}, "config_editor.prompt_bool": {"executed_lines": [524, 525, 528, 529, 530], "summary": {"covered_lines": 5, "num_statements": 6, "percent_covered": 83.33333333333333, "percent_covered_display": "83", "missing_lines": 1, "excluded_lines": 0}, "missing_lines": [526], "excluded_lines": []}, "install_deps": {"executed_lines": [615, 616, 618, 620, 621, 622, 625, 626, 627, 628, 629, 631, 632, 633, 635, 637, 638, 639, 641, 643, 644, 646], "summary": {"covered_lines": 22, "num_statements": 27, "percent_covered": 81.48148148148148, "percent_covered_display": "81", "missing_lines": 5, "excluded_lines": 0}, "missing_lines": [634, 640, 779, 781, 782], "excluded_lines": []}, "analyze": {"executed_lines": [798, 800, 802, 804, 807, 808, 810, 812, 813, 821, 822, 863, 865, 868, 869, 872, 875, 929, 930, 931, 932, 933, 934, 935, 936, 939, 940, 947, 951, 952, 953, 956, 960, 963, 968, 972, 973, 983, 985, 989, 990, 999, 1005, 1012, 1026, 1035, 1073, 1074, 1075], "summary": {"covered_lines": 49, "num_statements": 159, "percent_covered": 30.81761006289308, "percent_covered_display": "31", "missing_lines": 110, "excluded_lines": 0}, "missing_lines": [809, 817, 823, 825, 826, 827, 830, 831, 832, 833, 834, 836, 837, 840, 841, 842, 843, 845, 847, 848, 850, 851, 854, 855, 856, 857, 859, 861, 870, 876, 877, 878, 879, 882, 885, 886, 887, 889, 901, 902, 903, 904, 905, 906, 907, 908, 909, 911, 913, 914, 915, 917, 918, 922, 923, 926, 969, 974, 975, 976, 977, 978, 979, 980, 981, 982, 984, 986, 991, 992, 993, 997, 1000, 1006, 1007, 1008, 1009, 1013, 1014, 1015, 1019, 1020, 1021, 1022, 1023, 1027, 1028, 1029, 1030, 1036, 1037, 1038, 1041, 1042, 1045, 1046, 1047, 1052, 1053, 1054, 1055, 1056, 1057, 1060, 1061, 1062, 1068, 1069, 1070, 1071], "excluded_lines": []}, "balance": {"executed_lines": [1082, 1083, 1084, 1086, 1089, 1090, 1091, 1093, 1094, 1096, 1098, 1099, 1100], "summary": {"covered_lines": 13, "num_statements": 13, "percent_covered": 100.0, "percent_covered_display": "100", "missing_lines": 0, "excluded_lines": 0}, "missing_lines": [], "excluded_lines": []}, "dashboard": {"executed_lines": [1107, 1108, 1109, 1113, 1116, 1118, 1119, 1121, 1124, 1125, 1126, 1127, 1128, 1129, 1130, 1131, 1132, 1133, 1134, 1136], "summary": {"covered_lines": 20, "num_statements": 23, "percent_covered": 86.95652173913044, "percent_covered_display": "87", "missing_lines": 3, "excluded_lines": 0}, "missing_lines": [1138, 1139, 1140], "excluded_lines": []}, "history": {"executed_lines": [1149, 1150, 1151, 1153, 1155, 1157, 1158, 1159, 1160, 1164, 1169, 1170, 1171, 1172, 1173, 1174, 1175, 1177, 1178, 1179, 1180, 1182, 1191], "summary": {"covered_lines": 23, "num_statements": 30, "percent_covered": 76.66666666666667, "percent_covered_display": "77", "missing_lines": 7, "excluded_lines": 0}, "missing_lines": [1161, 1162, 1165, 1166, 1193, 1194, 1195], "excluded_lines": []}, "execute": {"executed_lines": [1203, 1204, 1205, 1208, 1209, 1212, 1213, 1215, 1216, 1217, 1218, 1223, 1225, 1233, 1234, 1235, 1236, 1237, 1238, 1239, 1240, 1241, 1243, 1245, 1246, 1247, 1249, 1258, 1259, 1262, 1263, 1264, 1268, 1272, 1273, 1274, 1275, 1276, 1279, 1292, 1296, 1298, 1299, 1307, 1308, 1310, 1311, 1312], "summary": {"covered_lines": 48, "num_statements": 58, "percent_covered": 82.75862068965517, "percent_covered_display": "83", "missing_lines": 10, "excluded_lines": 0}, "missing_lines": [1219, 1220, 1226, 1230, 1269, 1270, 1281, 1286, 1287, 1303], "excluded_lines": []}, "status": {"executed_lines": [1319, 1320, 1322, 1323, 1326, 1329, 1334, 1335, 1340, 1341, 1342, 1347, 1349, 1350, 1352, 1353, 1356, 1357], "summary": {"covered_lines": 18, "num_statements": 22, "percent_covered": 81.81818181818181, "percent_covered_display": "82", "missing_lines": 4, "excluded_lines": 0}, "missing_lines": [1344, 1345, 1346, 1348], "excluded_lines": []}, "wipe_decisions": {"executed_lines": [1369, 1370, 1371, 1374, 1376, 1377, 1379, 1380, 1382, 1388, 1405, 1406], "summary": {"covered_lines": 12, "num_statements": 22, "percent_covered": 54.54545454545455, "percent_covered_display": "55", "missing_lines": 10, "excluded_lines": 0}, "missing_lines": [1389, 1390, 1394, 1398, 1400, 1401, 1402, 1410, 1411, 1412], "excluded_lines": []}, "backtest": {"executed_lines": [1458, 1459, 1460, 1461, 1463, 1466, 1468, 1472, 1553, 1554, 1555], "summary": {"covered_lines": 11, "num_statements": 64, "percent_covered": 17.1875, "percent_covered_display": "17", "missing_lines": 53, "excluded_lines": 0}, "missing_lines": [1462, 1464, 1465, 1484, 1485, 1487, 1488, 1489, 1491, 1492, 1493, 1494, 1495, 1496, 1497, 1498, 1499, 1500, 1501, 1502, 1503, 1504, 1505, 1506, 1507, 1508, 1509, 1510, 1511, 1513, 1514, 1517, 1519, 1520, 1521, 1522, 1523, 1524, 1525, 1526, 1527, 1528, 1536, 1539, 1540, 1541, 1542, 1543, 1544, 1545, 1546, 1547, 1551], "excluded_lines": []}, "advanced_backtest": {"executed_lines": [], "summary": {"covered_lines": 0, "num_statements": 49, "percent_covered": 0.0, "percent_covered_display": "0", "missing_lines": 49, "excluded_lines": 0}, "missing_lines": [1606, 1607, 1609, 1610, 1611, 1613, 1618, 1621, 1622, 1623, 1624, 1625, 1626, 1628, 1631, 1641, 1649, 1650, 1652, 1653, 1654, 1656, 1657, 1658, 1659, 1660, 1661, 1662, 1663, 1664, 1665, 1666, 1668, 1670, 1671, 1672, 1673, 1674, 1675, 1676, 1677, 1678, 1680, 1681, 1682, 1691, 1694, 1695, 1696], "excluded_lines": []}, "monitor": {"executed_lines": [1703, 1704, 1705, 1706, 1707], "summary": {"covered_lines": 5, "num_statements": 5, "percent_covered": 100.0, "percent_covered_display": "100", "missing_lines": 0, "excluded_lines": 0}, "missing_lines": [], "excluded_lines": []}, "start": {"executed_lines": [1714, 1715, 1716, 1719], "summary": {"covered_lines": 4, "num_statements": 5, "percent_covered": 80.0, "percent_covered_display": "80", "missing_lines": 1, "excluded_lines": 0}, "missing_lines": [1717], "excluded_lines": []}, "monitor_status": {"executed_lines": [1726, 1727, 1728, 1732], "summary": {"covered_lines": 4, "num_statements": 5, "percent_covered": 80.0, "percent_covered_display": "80", "missing_lines": 1, "excluded_lines": 0}, "missing_lines": [1729], "excluded_lines": []}, "metrics": {"executed_lines": [1739, 1740, 1741, 1744, 1745, 1746, 1747, 1748, 1757, 1759, 1764, 1765, 1766, 1767, 1768, 1769, 1773, 1778, 1779, 1781, 1782, 1783, 1786, 1787, 1788, 1789, 1791, 1792, 1794, 1795, 1798, 1800, 1801, 1802, 1803, 1804, 1805, 1808, 1814, 1815, 1816, 1817, 1818, 1819, 1821, 1822, 1824, 1832], "summary": {"covered_lines": 48, "num_statements": 63, "percent_covered": 76.19047619047619, "percent_covered_display": "76", "missing_lines": 15, "excluded_lines": 0}, "missing_lines": [1742, 1749, 1752, 1755, 1760, 1761, 1770, 1771, 1774, 1775, 1833, 1834, 1835, 1836, 1837], "excluded_lines": []}, "retrain_meta_learner": {"executed_lines": [1850, 1851, 1853, 1854, 1856, 1859, 1860, 1861, 1862], "summary": {"covered_lines": 9, "num_statements": 43, "percent_covered": 20.930232558139537, "percent_covered_display": "21", "missing_lines": 34, "excluded_lines": 0}, "missing_lines": [1863, 1865, 1867, 1868, 1869, 1870, 1872, 1873, 1875, 1878, 1879, 1881, 1882, 1883, 1884, 1885, 1886, 1887, 1888, 1890, 1891, 1893, 1894, 1895, 1897, 1899, 1900, 1901, 1902, 1903, 1904, 1905, 1906, 1907], "excluded_lines": []}, "_initialize_agent": {"executed_lines": [1912, 1913, 1914, 1916, 1917, 1919, 1927, 1928, 1930, 1931, 1935, 1936, 1937, 1940, 1948, 1949], "summary": {"covered_lines": 16, "num_statements": 35, "percent_covered": 45.714285714285715, "percent_covered_display": "46", "missing_lines": 19, "excluded_lines": 0}, "missing_lines": [1920, 1921, 1922, 1923, 1924, 1925, 1941, 1942, 1943, 1944, 1945, 1946, 1951, 1952, 1953, 1955, 1960, 1962, 1969], "excluded_lines": []}, "_run_live_market_view": {"executed_lines": [], "summary": {"covered_lines": 0, "num_statements": 15, "percent_covered": 0.0, "percent_covered_display": "0", "missing_lines": 15, "excluded_lines": 0}, "missing_lines": [1973, 1974, 1975, 1976, 1978, 1979, 1980, 1982, 1983, 1984, 1985, 2025, 2026, 2027, 2028], "excluded_lines": []}, "_run_live_market_view.build_table": {"executed_lines": [], "summary": {"covered_lines": 0, "num_statements": 36, "percent_covered": 0.0, "percent_covered_display": "0", "missing_lines": 36, "excluded_lines": 0}, "missing_lines": [1986, 1987, 1988, 1989, 1990, 1991, 1992, 1994, 1995, 1996, 1997, 1998, 1999, 2000, 2001, 2002, 2003, 2004, 2005, 2006, 2007, 2008, 2010, 2011, 2012, 2013, 2014, 2015, 2016, 2017, 2018, 2019, 2020, 2021, 2022, 2023], "excluded_lines": []}, "run_agent": {"executed_lines": [2063, 2065, 2068, 2071, 2074, 2078, 2082, 2084, 2085, 2086, 2087, 2089, 2090, 2113, 2114, 2115, 2118], "summary": {"covered_lines": 17, "num_statements": 45, "percent_covered": 37.77777777777778, "percent_covered_display": "38", "missing_lines": 28, "excluded_lines": 0}, "missing_lines": [2066, 2067, 2069, 2070, 2072, 2073, 2075, 2076, 2079, 2080, 2092, 2093, 2095, 2096, 2098, 2099, 2100, 2101, 2102, 2104, 2105, 2106, 2107, 2108, 2110, 2111, 2116, 2117], "excluded_lines": []}, "": {"executed_lines": [1, 3, 4, 5, 6, 7, 8, 9, 10, 11, 12, 13, 14, 15, 18, 19, 20, 24, 25, 28, 31, 76, 99, 130, 178, 188, 203, 268, 304, 314, 322, 323, 329, 330, 333, 334, 453, 454, 460, 461, 606, 607, 612, 613, 785, 786, 787, 795, 796, 1078, 1079, 1080, 1103, 1104, 1105, 1143, 1144, 1145, 1146, 1147, 1198, 1199, 1200, 1201, 1315, 1316, 1317, 1360, 1361, 1366, 1367, 1415, 1416, 1417, 1418, 1419, 1425, 1430, 1431, 1432, 1437, 1438, 1443, 1444, 1558, 1559, 1560, 1561, 1562, 1567, 1572, 1577, 1582, 1587, 1592, 1593, 1699, 1700, 1701, 1710, 1711, 1712, 1722, 1723, 1724, 1735, 1736, 1737, 1841, 1842, 1847, 1848, 1910, 1971, 2030, 2031, 2036, 2043, 2050, 2055, 2060, 2061, 2121], "summary": {"covered_lines": 121, "num_statements": 121, "percent_covered": 100.0, "percent_covered_display": "100", "missing_lines": 0, "excluded_lines": 2}, "missing_lines": [], "excluded_lines": [2121, 2122]}}, "classes": {"": {"executed_lines": [1, 3, 4, 5, 6, 7, 8, 9, 10, 11, 12, 13, 14, 15, 18, 19, 20, 24, 25, 28, 31, 76, 78, 79, 85, 86, 99, 104, 105, 106, 108, 109, 111, 112, 114, 115, 117, 120, 123, 125, 127, 130, 140, 149, 152, 153, 155, 156, 165, 168, 175, 178, 188, 193, 194, 195, 197, 198, 200, 203, 210, 211, 213, 214, 218, 220, 221, 222, 223, 224, 227, 228, 229, 230, 231, 233, 236, 250, 251, 252, 265, 268, 274, 276, 281, 282, 283, 284, 289, 304, 306, 307, 308, 309, 310, 311, 314, 316, 317, 318, 319, 322, 323, 329, 330, 333, 334, 336, 339, 341, 343, 346, 349, 352, 353, 357, 360, 447, 453, 454, 460, 461, 467, 468, 470, 471, 472, 473, 480, 481, 482, 483, 491, 493, 494, 498, 499, 500, 501, 507, 510, 512, 513, 514, 520, 521, 523, 524, 525, 528, 529, 530, 532, 533, 534, 540, 542, 548, 553, 562, 563, 564, 570, 571, 577, 578, 579, 580, 581, 584, 585, 588, 589, 596, 597, 598, 600, 601, 602, 603, 606, 607, 612, 613, 615, 616, 618, 620, 621, 622, 625, 626, 627, 628, 629, 631, 632, 633, 635, 637, 638, 639, 641, 643, 644, 646, 785, 786, 787, 795, 796, 798, 800, 802, 804, 807, 808, 810, 812, 813, 821, 822, 863, 865, 868, 869, 872, 875, 929, 930, 931, 932, 933, 934, 935, 936, 939, 940, 947, 951, 952, 953, 956, 960, 963, 968, 972, 973, 983, 985, 989, 990, 999, 1005, 1012, 1026, 1035, 1073, 1074, 1075, 1078, 1079, 1080, 1082, 1083, 1084, 1086, 1089, 1090, 1091, 1093, 1094, 1096, 1098, 1099, 1100, 1103, 1104, 1105, 1107, 1108, 1109, 1113, 1116, 1118, 1119, 1121, 1124, 1125, 1126, 1127, 1128, 1129, 1130, 1131, 1132, 1133, 1134, 1136, 1143, 1144, 1145, 1146, 1147, 1149, 1150, 1151, 1153, 1155, 1157, 1158, 1159, 1160, 1164, 1169, 1170, 1171, 1172, 1173, 1174, 1175, 1177, 1178, 1179, 1180, 1182, 1191, 1198, 1199, 1200, 1201, 1203, 1204, 1205, 1208, 1209, 1212, 1213, 1215, 1216, 1217, 1218, 1223, 1225, 1233, 1234, 1235, 1236, 1237, 1238, 1239, 1240, 1241, 1243, 1245, 1246, 1247, 1249, 1258, 1259, 1262, 1263, 1264, 1268, 1272, 1273, 1274, 1275, 1276, 1279, 1292, 1296, 1298, 1299, 1307, 1308, 1310, 1311, 1312, 1315, 1316, 1317, 1319, 1320, 1322, 1323, 1326, 1329, 1334, 1335, 1340, 1341, 1342, 1347, 1349, 1350, 1352, 1353, 1356, 1357, 1360, 1361, 1366, 1367, 1369, 1370, 1371, 1374, 1376, 1377, 1379, 1380, 1382, 1388, 1405, 1406, 1415, 1416, 1417, 1418, 1419, 1425, 1430, 1431, 1432, 1437, 1438, 1443, 1444, 1458, 1459, 1460, 1461, 1463, 1466, 1468, 1472, 1553, 1554, 1555, 1558, 1559, 1560, 1561, 1562, 1567, 1572, 1577, 1582, 1587, 1592, 1593, 1699, 1700, 1701, 1703, 1704, 1705, 1706, 1707, 1710, 1711, 1712, 1714, 1715, 1716, 1719, 1722, 1723, 1724, 1726, 1727, 1728, 1732, 1735, 1736, 1737, 1739, 1740, 1741, 1744, 1745, 1746, 1747, 1748, 1757, 1759, 1764, 1765, 1766, 1767, 1768, 1769, 1773, 1778, 1779, 1781, 1782, 1783, 1786, 1787, 1788, 1789, 1791, 1792, 1794, 1795, 1798, 1800, 1801, 1802, 1803, 1804, 1805, 1808, 1814, 1815, 1816, 1817, 1818, 1819, 1821, 1822, 1824, 1832, 1841, 1842, 1847, 1848, 1850, 1851, 1853, 1854, 1856, 1859, 1860, 1861, 1862, 1910, 1912, 1913, 1914, 1916, 1917, 1919, 1927, 1928, 1930, 1931, 1935, 1936, 1937, 1940, 1948, 1949, 1971, 2030, 2031, 2036, 2043, 2050, 2055, 2060, 2061, 2063, 2065, 2068, 2071, 2074, 2078, 2082, 2084, 2085, 2086, 2087, 2089, 2090, 2113, 2114, 2115, 2118, 2121], "summary": {"covered_lines": 580, "num_statements": 1089, "percent_covered": 53.259871441689626, "percent_covered_display": "53", "missing_lines": 509, "excluded_lines": 2}, "missing_lines": [36, 37, 38, 40, 41, 42, 44, 45, 48, 49, 50, 53, 54, 55, 56, 57, 58, 59, 60, 65, 69, 70, 71, 72, 73, 91, 92, 96, 150, 159, 160, 180, 181, 182, 184, 185, 254, 255, 257, 258, 260, 261, 263, 277, 285, 290, 291, 292, 293, 297, 299, 361, 362, 363, 364, 369, 376, 377, 378, 379, 380, 381, 382, 390, 391, 392, 393, 396, 397, 398, 399, 401, 402, 404, 406, 415, 416, 417, 419, 420, 422, 423, 425, 426, 427, 428, 433, 434, 438, 440, 444, 445, 448, 449, 474, 475, 484, 485, 509, 526, 549, 550, 551, 552, 554, 555, 556, 557, 565, 634, 640, 779, 781, 782, 809, 817, 823, 825, 826, 827, 830, 831, 832, 833, 834, 836, 837, 840, 841, 842, 843, 845, 847, 848, 850, 851, 854, 855, 856, 857, 859, 861, 870, 876, 877, 878, 879, 882, 885, 886, 887, 889, 901, 902, 903, 904, 905, 906, 907, 908, 909, 911, 913, 914, 915, 917, 918, 922, 923, 926, 969, 974, 975, 976, 977, 978, 979, 980, 981, 982, 984, 986, 991, 992, 993, 997, 1000, 1006, 1007, 1008, 1009, 1013, 1014, 1015, 1019, 1020, 1021, 1022, 1023, 1027, 1028, 1029, 1030, 1036, 1037, 1038, 1041, 1042, 1045, 1046, 1047, 1052, 1053, 1054, 1055, 1056, 1057, 1060, 1061, 1062, 1068, 1069, 1070, 1071, 1138, 1139, 1140, 1161, 1162, 1165, 1166, 1193, 1194, 1195, 1219, 1220, 1226, 1230, 1269, 1270, 1281, 1286, 1287, 1303, 1344, 1345, 1346, 1348, 1389, 1390, 1394, 1398, 1400, 1401, 1402, 1410, 1411, 1412, 1462, 1464, 1465, 1484, 1485, 1487, 1488, 1489, 1491, 1492, 1493, 1494, 1495, 1496, 1497, 1498, 1499, 1500, 1501, 1502, 1503, 1504, 1505, 1506, 1507, 1508, 1509, 1510, 1511, 1513, 1514, 1517, 1519, 1520, 1521, 1522, 1523, 1524, 1525, 1526, 1527, 1528, 1536, 1539, 1540, 1541, 1542, 1543, 1544, 1545, 1546, 1547, 1551, 1606, 1607, 1609, 1610, 1611, 1613, 1618, 1621, 1622, 1623, 1624, 1625, 1626, 1628, 1631, 1641, 1649, 1650, 1652, 1653, 1654, 1656, 1657, 1658, 1659, 1660, 1661, 1662, 1663, 1664, 1665, 1666, 1668, 1670, 1671, 1672, 1673, 1674, 1675, 1676, 1677, 1678, 1680, 1681, 1682, 1691, 1694, 1695, 1696, 1717, 1729, 1742, 1749, 1752, 1755, 1760, 1761, 1770, 1771, 1774, 1775, 1833, 1834, 1835, 1836, 1837, 1863, 1865, 1867, 1868, 1869, 1870, 1872, 1873, 1875, 1878, 1879, 1881, 1882, 1883, 1884, 1885, 1886, 1887, 1888, 1890, 1891, 1893, 1894, 1895, 1897, 1899, 1900, 1901, 1902, 1903, 1904, 1905, 1906, 1907, 1920, 1921, 1922, 1923, 1924, 1925, 1941, 1942, 1943, 1944, 1945, 1946, 1951, 1952, 1953, 1955, 1960, 1962, 1969, 1973, 1974, 1975, 1976, 1978, 1979, 1980, 1982, 1983, 1984, 1985, 1986, 1987, 1988, 1989, 1990, 1991, 1992, 1994, 1995, 1996, 1997, 1998, 1999, 2000, 2001, 2002, 2003, 2004, 2005, 2006, 2007, 2008, 2010, 2011, 2012, 2013, 2014, 2015, 2016, 2017, 2018, 2019, 2020, 2021, 2022, 2023, 2025, 2026, 2027, 2028, 2066, 2067, 2069, 2070, 2072, 2073, 2075, 2076, 2079, 2080, 2092, 2093, 2095, 2096, 2098, 2099, 2100, 2101, 2102, 2104, 2105, 2106, 2107, 2108, 2110, 2111, 2116, 2117], "excluded_lines": [2121, 2122]}}}, "finance_feedback_engine/core.py": {"executed_lines": [1, 3, 4, 5, 6, 8, 9, 10, 11, 12, 13, 14, 15, 16, 18, 21, 22, 32, 44, 47, 48, 49, 55, 56, 58, 64, 67, 69, 70, 82, 83, 85, 92, 93, 96, 104, 113, 114, 115, 116, 123, 135, 138, 140, 145, 148, 149, 152, 153, 154, 155, 156, 159, 160, 161, 164, 167, 170, 175, 176, 178, 182, 184, 186, 188, 189, 195, 198, 205, 209, 218, 279, 291, 293, 294, 301, 305, 310, 328, 331, 333, 336, 337, 344, 347, 348, 349, 350, 351, 360, 361, 371, 372, 414, 416, 418, 425, 427, 442, 447, 457, 458, 462, 465, 466, 467, 468, 471, 477, 478, 480, 481, 482, 483, 484, 485, 488, 489, 490, 491, 493, 495, 500, 501, 508, 509, 510, 535, 578, 599, 607, 608, 612, 620, 625, 626, 627, 629, 630, 635, 636, 637, 643, 644, 645, 649, 658, 659, 660, 663, 664, 667, 668, 669, 670, 671, 674, 675, 680, 682, 683, 688, 694, 696, 719, 737, 750, 756, 768, 788, 792], "summary": {"covered_lines": 169, "num_statements": 300, "percent_covered": 56.333333333333336, "percent_covered_display": "56", "missing_lines": 131, "excluded_lines": 0}, "missing_lines": [50, 51, 71, 86, 90, 97, 101, 105, 110, 118, 124, 130, 179, 213, 214, 224, 225, 226, 227, 228, 230, 231, 232, 233, 234, 235, 236, 237, 238, 239, 240, 241, 242, 243, 244, 245, 246, 247, 248, 249, 250, 252, 258, 259, 260, 262, 270, 271, 276, 277, 356, 357, 362, 365, 379, 381, 383, 386, 396, 459, 472, 473, 474, 511, 512, 513, 514, 517, 518, 520, 521, 523, 524, 527, 529, 530, 532, 533, 560, 561, 562, 563, 600, 604, 609, 639, 640, 646, 647, 651, 652, 653, 654, 655, 673, 676, 677, 689, 690, 691, 692, 709, 710, 711, 713, 717, 732, 733, 735, 744, 745, 746, 748, 752, 753, 754, 763, 764, 766, 776, 778, 779, 780, 782, 783, 784, 785, 786, 790, 794, 795], "excluded_lines": [], "functions": {"FinanceFeedbackEngine.__init__": {"executed_lines": [44, 47, 48, 49, 55, 56, 58, 64, 67, 69, 70, 82, 83, 85, 92, 93, 96, 104, 113, 114, 115, 116, 123, 135, 138, 140, 145, 148, 149, 152, 153, 154, 155, 156, 159, 160, 161, 164, 167, 170, 175, 176, 178, 182, 184], "summary": {"covered_lines": 45, "num_statements": 58, "percent_covered": 77.58620689655173, "percent_covered_display": "78", "missing_lines": 13, "excluded_lines": 0}, "missing_lines": [50, 51, 71, 86, 90, 97, 101, 105, 110, 118, 124, 130, 179], "excluded_lines": []}, "FinanceFeedbackEngine._auto_enable_monitoring": {"executed_lines": [188, 189, 195, 198, 205, 209], "summary": {"covered_lines": 6, "num_statements": 8, "percent_covered": 75.0, "percent_covered_display": "75", "missing_lines": 2, "excluded_lines": 0}, "missing_lines": [213, 214], "excluded_lines": []}, "FinanceFeedbackEngine._auto_start_trade_monitor": {"executed_lines": [], "summary": {"covered_lines": 0, "num_statements": 35, "percent_covered": 0.0, "percent_covered_display": "0", "missing_lines": 35, "excluded_lines": 0}, "missing_lines": [224, 225, 226, 227, 228, 230, 231, 232, 233, 234, 235, 236, 237, 238, 239, 240, 241, 242, 243, 244, 245, 246, 247, 248, 249, 250, 252, 258, 259, 260, 262, 270, 271, 276, 277], "excluded_lines": []}, "FinanceFeedbackEngine.enable_monitoring_integration": {"executed_lines": [291, 293, 294, 301, 305], "summary": {"covered_lines": 5, "num_statements": 5, "percent_covered": 100.0, "percent_covered_display": "100", "missing_lines": 0, "excluded_lines": 0}, "missing_lines": [], "excluded_lines": []}, "FinanceFeedbackEngine.analyze_asset": {"executed_lines": [328, 331, 333, 336, 337, 344, 347, 348, 349, 350, 351, 360, 361, 371, 372, 414, 416], "summary": {"covered_lines": 17, "num_statements": 26, "percent_covered": 65.38461538461539, "percent_covered_display": "65", "missing_lines": 9, "excluded_lines": 0}, "missing_lines": [356, 357, 362, 365, 379, 381, 383, 386, 396], "excluded_lines": []}, "FinanceFeedbackEngine.get_balance": {"executed_lines": [425], "summary": {"covered_lines": 1, "num_statements": 1, "percent_covered": 100.0, "percent_covered_display": "100", "missing_lines": 0, "excluded_lines": 0}, "missing_lines": [], "excluded_lines": []}, "FinanceFeedbackEngine.get_decision_history": {"executed_lines": [442], "summary": {"covered_lines": 1, "num_statements": 1, "percent_covered": 100.0, "percent_covered_display": "100", "missing_lines": 0, "excluded_lines": 0}, "missing_lines": [], "excluded_lines": []}, "FinanceFeedbackEngine.execute_decision": {"executed_lines": [457, 458, 462, 465, 466, 467, 468, 471, 477, 478, 480, 481, 482, 483, 484, 485, 488, 489, 490, 491, 493], "summary": {"covered_lines": 21, "num_statements": 25, "percent_covered": 84.0, "percent_covered_display": "84", "missing_lines": 4, "excluded_lines": 0}, "missing_lines": [459, 472, 473, 474], "excluded_lines": []}, "FinanceFeedbackEngine._preexecution_checks": {"executed_lines": [500, 501, 508, 509, 510], "summary": {"covered_lines": 5, "num_statements": 20, "percent_covered": 25.0, "percent_covered_display": "25", "missing_lines": 15, "excluded_lines": 0}, "missing_lines": [511, 512, 513, 514, 517, 518, 520, 521, 523, 524, 527, 529, 530, 532, 533], "excluded_lines": []}, "FinanceFeedbackEngine.backtest": {"executed_lines": [], "summary": {"covered_lines": 0, "num_statements": 4, "percent_covered": 0.0, "percent_covered_display": "0", "missing_lines": 4, "excluded_lines": 0}, "missing_lines": [560, 561, 562, 563], "excluded_lines": []}, "FinanceFeedbackEngine.record_trade_outcome": {"executed_lines": [599, 607, 608, 612, 620, 625, 626, 627, 629, 630, 635, 636, 637, 643, 644, 645, 649, 658, 659, 660, 663, 664, 667, 668, 669, 670, 671, 674, 675, 680, 682, 683, 688, 694], "summary": {"covered_lines": 34, "num_statements": 53, "percent_covered": 64.15094339622641, "percent_covered_display": "64", "missing_lines": 19, "excluded_lines": 0}, "missing_lines": [600, 604, 609, 639, 640, 646, 647, 651, 652, 653, 654, 655, 673, 676, 677, 689, 690, 691, 692], "excluded_lines": []}, "FinanceFeedbackEngine.get_performance_snapshot": {"executed_lines": [], "summary": {"covered_lines": 0, "num_statements": 5, "percent_covered": 0.0, "percent_covered_display": "0", "missing_lines": 5, "excluded_lines": 0}, "missing_lines": [709, 710, 711, 713, 717], "excluded_lines": []}, "FinanceFeedbackEngine.get_memory_context": {"executed_lines": [], "summary": {"covered_lines": 0, "num_statements": 3, "percent_covered": 0.0, "percent_covered_display": "0", "missing_lines": 3, "excluded_lines": 0}, "missing_lines": [732, 733, 735], "excluded_lines": []}, "FinanceFeedbackEngine.get_provider_recommendations": {"executed_lines": [], "summary": {"covered_lines": 0, "num_statements": 4, "percent_covered": 0.0, "percent_covered_display": "0", "missing_lines": 4, "excluded_lines": 0}, "missing_lines": [744, 745, 746, 748], "excluded_lines": []}, "FinanceFeedbackEngine.save_memory": {"executed_lines": [], "summary": {"covered_lines": 0, "num_statements": 3, "percent_covered": 0.0, "percent_covered_display": "0", "missing_lines": 3, "excluded_lines": 0}, "missing_lines": [752, 753, 754], "excluded_lines": []}, "FinanceFeedbackEngine.get_memory_summary": {"executed_lines": [], "summary": {"covered_lines": 0, "num_statements": 3, "percent_covered": 0.0, "percent_covered_display": "0", "missing_lines": 3, "excluded_lines": 0}, "missing_lines": [763, 764, 766], "excluded_lines": []}, "FinanceFeedbackEngine.close": {"executed_lines": [], "summary": {"covered_lines": 0, "num_statements": 9, "percent_covered": 0.0, "percent_covered_display": "0", "missing_lines": 9, "excluded_lines": 0}, "missing_lines": [776, 778, 779, 780, 782, 783, 784, 785, 786], "excluded_lines": []}, "FinanceFeedbackEngine.__aenter__": {"executed_lines": [], "summary": {"covered_lines": 0, "num_statements": 1, "percent_covered": 0.0, "percent_covered_display": "0", "missing_lines": 1, "excluded_lines": 0}, "missing_lines": [790], "excluded_lines": []}, "FinanceFeedbackEngine.__aexit__": {"executed_lines": [], "summary": {"covered_lines": 0, "num_statements": 2, "percent_covered": 0.0, "percent_covered_display": "0", "missing_lines": 2, "excluded_lines": 0}, "missing_lines": [794, 795], "excluded_lines": []}, "": {"executed_lines": [1, 3, 4, 5, 6, 8, 9, 10, 11, 12, 13, 14, 15, 16, 18, 21, 22, 32, 186, 218, 279, 310, 418, 427, 447, 495, 535, 578, 696, 719, 737, 750, 756, 768, 788, 792], "summary": {"covered_lines": 34, "num_statements": 34, "percent_covered": 100.0, "percent_covered_display": "100", "missing_lines": 0, "excluded_lines": 0}, "missing_lines": [], "excluded_lines": []}}, "classes": {"FinanceFeedbackEngine": {"executed_lines": [44, 47, 48, 49, 55, 56, 58, 64, 67, 69, 70, 82, 83, 85, 92, 93, 96, 104, 113, 114, 115, 116, 123, 135, 138, 140, 145, 148, 149, 152, 153, 154, 155, 156, 159, 160, 161, 164, 167, 170, 175, 176, 178, 182, 184, 188, 189, 195, 198, 205, 209, 291, 293, 294, 301, 305, 328, 331, 333, 336, 337, 344, 347, 348, 349, 350, 351, 360, 361, 371, 372, 414, 416, 425, 442, 457, 458, 462, 465, 466, 467, 468, 471, 477, 478, 480, 481, 482, 483, 484, 485, 488, 489, 490, 491, 493, 500, 501, 508, 509, 510, 599, 607, 608, 612, 620, 625, 626, 627, 629, 630, 635, 636, 637, 643, 644, 645, 649, 658, 659, 660, 663, 664, 667, 668, 669, 670, 671, 674, 675, 680, 682, 683, 688, 694], "summary": {"covered_lines": 135, "num_statements": 266, "percent_covered": 50.75187969924812, "percent_covered_display": "51", "missing_lines": 131, "excluded_lines": 0}, "missing_lines": [50, 51, 71, 86, 90, 97, 101, 105, 110, 118, 124, 130, 179, 213, 214, 224, 225, 226, 227, 228, 230, 231, 232, 233, 234, 235, 236, 237, 238, 239, 240, 241, 242, 243, 244, 245, 246, 247, 248, 249, 250, 252, 258, 259, 260, 262, 270, 271, 276, 277, 356, 357, 362, 365, 379, 381, 383, 386, 396, 459, 472, 473, 474, 511, 512, 513, 514, 517, 518, 520, 521, 523, 524, 527, 529, 530, 532, 533, 560, 561, 562, 563, 600, 604, 609, 639, 640, 646, 647, 651, 652, 653, 654, 655, 673, 676, 677, 689, 690, 691, 692, 709, 710, 711, 713, 717, 732, 733, 735, 744, 745, 746, 748, 752, 753, 754, 763, 764, 766, 776, 778, 779, 780, 782, 783, 784, 785, 786, 790, 794, 795], "excluded_lines": []}, "": {"executed_lines": [1, 3, 4, 5, 6, 8, 9, 10, 11, 12, 13, 14, 15, 16, 18, 21, 22, 32, 186, 218, 279, 310, 418, 427, 447, 495, 535, 578, 696, 719, 737, 750, 756, 768, 788, 792], "summary": {"covered_lines": 34, "num_statements": 34, "percent_covered": 100.0, "percent_covered_display": "100", "missing_lines": 0, "excluded_lines": 0}, "missing_lines": [], "excluded_lines": []}}}, "finance_feedback_engine/dashboard/__init__.py": {"executed_lines": [1, 3, 8], "summary": {"covered_lines": 2, "num_statements": 2, "percent_covered": 100.0, "percent_covered_display": "100", "missing_lines": 0, "excluded_lines": 0}, "missing_lines": [], "excluded_lines": [], "functions": {"": {"executed_lines": [1, 3, 8], "summary": {"covered_lines": 2, "num_statements": 2, "percent_covered": 100.0, "percent_covered_display": "100", "missing_lines": 0, "excluded_lines": 0}, "missing_lines": [], "excluded_lines": []}}, "classes": {"": {"executed_lines": [1, 3, 8], "summary": {"covered_lines": 2, "num_statements": 2, "percent_covered": 100.0, "percent_covered_display": "100", "missing_lines": 0, "excluded_lines": 0}, "missing_lines": [], "excluded_lines": []}}}, "finance_feedback_engine/dashboard/portfolio_dashboard.py": {"executed_lines": [1, 3, 4, 5, 7, 10, 11, 14, 15, 17, 22, 29, 30, 31, 32, 35, 36, 46, 47, 53, 56, 60, 61, 62, 63, 66, 76, 77, 80, 81, 123, 124], "summary": {"covered_lines": 30, "num_statements": 55, "percent_covered": 54.54545454545455, "percent_covered_display": "55", "missing_lines": 25, "excluded_lines": 0}, "missing_lines": [37, 40, 41, 42, 82, 84, 85, 86, 88, 95, 96, 97, 98, 99, 100, 101, 103, 104, 105, 106, 107, 109, 116, 118, 120], "excluded_lines": [], "functions": {"PortfolioDashboardAggregator.__init__": {"executed_lines": [15], "summary": {"covered_lines": 1, "num_statements": 1, "percent_covered": 100.0, "percent_covered_display": "100", "missing_lines": 0, "excluded_lines": 0}, "missing_lines": [], "excluded_lines": []}, "PortfolioDashboardAggregator.aggregate": {"executed_lines": [22, 29, 30, 31, 32, 35, 36, 46, 47, 53], "summary": {"covered_lines": 10, "num_statements": 14, "percent_covered": 71.42857142857143, "percent_covered_display": "71", "missing_lines": 4, "excluded_lines": 0}, "missing_lines": [37, 40, 41, 42], "excluded_lines": []}, "display_portfolio_dashboard": {"executed_lines": [60, 61, 62, 63, 66, 76, 77, 80, 81, 123, 124], "summary": {"covered_lines": 11, "num_statements": 32, "percent_covered": 34.375, "percent_covered_display": "34", "missing_lines": 21, "excluded_lines": 0}, "missing_lines": [82, 84, 85, 86, 88, 95, 96, 97, 98, 99, 100, 101, 103, 104, 105, 106, 107, 109, 116, 118, 120], "excluded_lines": []}, "": {"executed_lines": [1, 3, 4, 5, 7, 10, 11, 14, 17, 56], "summary": {"covered_lines": 8, "num_statements": 8, "percent_covered": 100.0, "percent_covered_display": "100", "missing_lines": 0, "excluded_lines": 0}, "missing_lines": [], "excluded_lines": []}}, "classes": {"PortfolioDashboardAggregator": {"executed_lines": [15, 22, 29, 30, 31, 32, 35, 36, 46, 47, 53], "summary": {"covered_lines": 11, "num_statements": 15, "percent_covered": 73.33333333333333, "percent_covered_display": "73", "missing_lines": 4, "excluded_lines": 0}, "missing_lines": [37, 40, 41, 42], "excluded_lines": []}, "": {"executed_lines": [1, 3, 4, 5, 7, 10, 11, 14, 17, 56, 60, 61, 62, 63, 66, 76, 77, 80, 81, 123, 124], "summary": {"covered_lines": 19, "num_statements": 40, "percent_covered": 47.5, "percent_covered_display": "48", "missing_lines": 21, "excluded_lines": 0}, "missing_lines": [82, 84, 85, 86, 88, 95, 96, 97, 98, 99, 100, 101, 103, 104, 105, 106, 107, 109, 116, 118, 120], "excluded_lines": []}}}, "finance_feedback_engine/data_providers/__init__.py": {"executed_lines": [1, 3, 5], "summary": {"covered_lines": 2, "num_statements": 2, "percent_covered": 100.0, "percent_covered_display": "100", "missing_lines": 0, "excluded_lines": 0}, "missing_lines": [], "excluded_lines": [], "functions": {"": {"executed_lines": [1, 3, 5], "summary": {"covered_lines": 2, "num_statements": 2, "percent_covered": 100.0, "percent_covered_display": "100", "missing_lines": 0, "excluded_lines": 0}, "missing_lines": [], "excluded_lines": []}}, "classes": {"": {"executed_lines": [1, 3, 5], "summary": {"covered_lines": 2, "num_statements": 2, "percent_covered": 100.0, "percent_covered_display": "100", "missing_lines": 0, "excluded_lines": 0}, "missing_lines": [], "excluded_lines": []}}}, "finance_feedback_engine/data_providers/alpha_vantage_provider.py": {"executed_lines": [1, 3, 4, 5, 6, 7, 9, 11, 14, 15, 21, 23, 25, 29, 38, 39, 40, 41, 44, 46, 47, 48, 49, 50, 54, 55, 56, 57, 60, 67, 74, 79, 89, 100, 114, 115, 116, 150, 151, 153, 155, 156, 157, 160, 161, 163, 165, 173, 194, 199, 200, 201, 202, 203, 206, 220, 222, 224, 225, 230, 231, 239, 241, 253, 266, 267, 268, 269, 273, 275, 276, 277, 281, 287, 349, 350, 353, 354, 355, 356, 360, 362, 363, 364, 365, 366, 367, 368, 369, 370, 378, 380, 393, 395, 396, 397, 398, 401, 402, 407, 408, 411, 412, 415, 416, 423, 424, 431, 432, 433, 434, 435, 436, 437, 438, 439, 442, 443, 449, 451, 461, 463, 465, 467, 474, 475, 483, 498, 499, 502, 503, 510, 519, 520, 523, 524, 532, 541, 542, 547, 549, 562, 570, 572, 573, 580, 587, 632, 633, 635, 637, 681, 699, 702, 703, 704, 707, 711, 713, 724, 725, 726, 731, 738, 740, 741, 743, 745, 789, 790, 796, 846, 859, 861, 863, 876, 892, 895, 896, 900, 904, 919, 920, 921, 922, 923, 925, 930, 936, 943, 947, 948, 953, 955, 957], "summary": {"covered_lines": 193, "num_statements": 394, "percent_covered": 48.984771573604064, "percent_covered_display": "49", "missing_lines": 201, "excluded_lines": 0}, "missing_lines": [26, 27, 76, 77, 84, 85, 86, 87, 94, 95, 96, 97, 98, 117, 119, 124, 125, 128, 133, 134, 135, 136, 138, 139, 141, 142, 143, 144, 145, 147, 166, 167, 168, 169, 170, 171, 180, 181, 183, 184, 185, 186, 189, 190, 192, 227, 232, 236, 243, 244, 245, 246, 247, 248, 270, 279, 280, 288, 290, 291, 292, 298, 299, 301, 302, 305, 307, 308, 309, 310, 311, 312, 314, 319, 324, 329, 334, 335, 342, 343, 345, 346, 347, 348, 357, 358, 428, 444, 446, 447, 471, 486, 487, 488, 489, 492, 493, 494, 495, 497, 513, 514, 515, 516, 517, 518, 535, 536, 537, 538, 539, 540, 544, 545, 574, 575, 578, 589, 590, 591, 594, 595, 597, 599, 602, 605, 606, 607, 610, 611, 614, 617, 618, 619, 620, 622, 625, 626, 627, 628, 649, 650, 654, 659, 660, 661, 666, 668, 669, 670, 674, 676, 677, 679, 708, 709, 728, 729, 746, 747, 748, 751, 756, 761, 766, 771, 772, 776, 792, 793, 794, 806, 807, 809, 816, 818, 819, 821, 823, 824, 825, 826, 828, 839, 840, 842, 843, 844, 901, 905, 906, 909, 910, 911, 915, 916, 926, 931, 937, 944, 949], "excluded_lines": [], "functions": {"AlphaVantageProvider.__post_init_session_lock": {"executed_lines": [25], "summary": {"covered_lines": 1, "num_statements": 3, "percent_covered": 33.333333333333336, "percent_covered_display": "33", "missing_lines": 2, "excluded_lines": 0}, "missing_lines": [26, 27], "excluded_lines": []}, "AlphaVantageProvider.__init__": {"executed_lines": [38, 39, 40, 41, 44, 46, 47, 48, 49, 50, 54, 55, 56, 57, 60, 67], "summary": {"covered_lines": 16, "num_statements": 16, "percent_covered": 100.0, "percent_covered_display": "100", "missing_lines": 0, "excluded_lines": 0}, "missing_lines": [], "excluded_lines": []}, "AlphaVantageProvider.close": {"executed_lines": [], "summary": {"covered_lines": 0, "num_statements": 2, "percent_covered": 0.0, "percent_covered_display": "0", "missing_lines": 2, "excluded_lines": 0}, "missing_lines": [76, 77], "excluded_lines": []}, "AlphaVantageProvider.__aenter__": {"executed_lines": [], "summary": {"covered_lines": 0, "num_statements": 4, "percent_covered": 0.0, "percent_covered_display": "0", "missing_lines": 4, "excluded_lines": 0}, "missing_lines": [84, 85, 86, 87], "excluded_lines": []}, "AlphaVantageProvider.__aexit__": {"executed_lines": [], "summary": {"covered_lines": 0, "num_statements": 5, "percent_covered": 0.0, "percent_covered_display": "0", "missing_lines": 5, "excluded_lines": 0}, "missing_lines": [94, 95, 96, 97, 98], "excluded_lines": []}, "AlphaVantageProvider._async_request": {"executed_lines": [114, 115, 116, 150, 151, 153, 155, 156, 157, 160, 161, 163, 165], "summary": {"covered_lines": 13, "num_statements": 36, "percent_covered": 36.111111111111114, "percent_covered_display": "36", "missing_lines": 23, "excluded_lines": 0}, "missing_lines": [117, 119, 124, 125, 128, 133, 134, 135, 136, 138, 139, 141, 142, 143, 144, 145, 147, 166, 167, 168, 169, 170, 171], "excluded_lines": []}, "AlphaVantageProvider._do_async_request": {"executed_lines": [], "summary": {"covered_lines": 0, "num_statements": 9, "percent_covered": 0.0, "percent_covered_display": "0", "missing_lines": 9, "excluded_lines": 0}, "missing_lines": [180, 181, 183, 184, 185, 186, 189, 190, 192], "excluded_lines": []}, "AlphaVantageProvider._ensure_session": {"executed_lines": [199, 200, 201, 202, 203], "summary": {"covered_lines": 5, "num_statements": 5, "percent_covered": 100.0, "percent_covered_display": "100", "missing_lines": 0, "excluded_lines": 0}, "missing_lines": [], "excluded_lines": []}, "AlphaVantageProvider.get_market_data": {"executed_lines": [220, 222, 224, 225, 230, 231, 239, 241], "summary": {"covered_lines": 8, "num_statements": 17, "percent_covered": 47.05882352941177, "percent_covered_display": "47", "missing_lines": 9, "excluded_lines": 0}, "missing_lines": [227, 232, 236, 243, 244, 245, 246, 247, 248], "excluded_lines": []}, "AlphaVantageProvider.get_historical_data": {"executed_lines": [266, 267, 268, 269, 273, 275, 276, 277, 281, 287, 349, 350, 353, 354, 355, 356], "summary": {"covered_lines": 16, "num_statements": 48, "percent_covered": 33.333333333333336, "percent_covered_display": "33", "missing_lines": 32, "excluded_lines": 0}, "missing_lines": [270, 279, 280, 288, 290, 291, 292, 298, 299, 301, 302, 305, 307, 308, 309, 310, 311, 312, 314, 319, 324, 329, 334, 335, 342, 343, 345, 346, 347, 348, 357, 358], "excluded_lines": []}, "AlphaVantageProvider._generate_mock_series": {"executed_lines": [362, 363, 364, 365, 366, 367, 368, 369, 370, 378], "summary": {"covered_lines": 10, "num_statements": 10, "percent_covered": 100.0, "percent_covered_display": "100", "missing_lines": 0, "excluded_lines": 0}, "missing_lines": [], "excluded_lines": []}, "AlphaVantageProvider._enrich_market_data": {"executed_lines": [393, 395, 396, 397, 398, 401, 402, 407, 408, 411, 412, 415, 416, 423, 424, 431, 432, 433, 434, 435, 436, 437, 438, 439, 442, 443, 449], "summary": {"covered_lines": 27, "num_statements": 31, "percent_covered": 87.09677419354838, "percent_covered_display": "87", "missing_lines": 4, "excluded_lines": 0}, "missing_lines": [428, 444, 446, 447], "excluded_lines": []}, "AlphaVantageProvider._get_technical_indicators": {"executed_lines": [461, 463, 465, 467, 474, 475, 483, 498, 499, 502, 503, 510, 519, 520, 523, 524, 532, 541, 542, 547], "summary": {"covered_lines": 20, "num_statements": 44, "percent_covered": 45.45454545454545, "percent_covered_display": "45", "missing_lines": 24, "excluded_lines": 0}, "missing_lines": [471, 486, 487, 488, 489, 492, 493, 494, 495, 497, 513, 514, 515, 516, 517, 518, 535, 536, 537, 538, 539, 540, 544, 545], "excluded_lines": []}, "AlphaVantageProvider.get_news_sentiment": {"executed_lines": [562, 570, 572, 573, 580, 587, 632, 633, 635], "summary": {"covered_lines": 9, "num_statements": 35, "percent_covered": 25.714285714285715, "percent_covered_display": "26", "missing_lines": 26, "excluded_lines": 0}, "missing_lines": [574, 575, 578, 589, 590, 591, 594, 595, 597, 599, 602, 605, 606, 607, 610, 611, 614, 617, 618, 619, 620, 622, 625, 626, 627, 628], "excluded_lines": []}, "AlphaVantageProvider.get_macro_indicators": {"executed_lines": [], "summary": {"covered_lines": 0, "num_statements": 14, "percent_covered": 0.0, "percent_covered_display": "0", "missing_lines": 14, "excluded_lines": 0}, "missing_lines": [649, 650, 654, 659, 660, 661, 666, 668, 669, 670, 674, 676, 677, 679], "excluded_lines": []}, "AlphaVantageProvider.get_comprehensive_market_data": {"executed_lines": [699, 702, 703, 704, 707, 711], "summary": {"covered_lines": 6, "num_statements": 8, "percent_covered": 75.0, "percent_covered_display": "75", "missing_lines": 2, "excluded_lines": 0}, "missing_lines": [708, 709], "excluded_lines": []}, "AlphaVantageProvider._get_crypto_data": {"executed_lines": [724, 725, 726, 731, 738, 740, 743, 745, 789, 790], "summary": {"covered_lines": 10, "num_statements": 25, "percent_covered": 40.0, "percent_covered_display": "40", "missing_lines": 15, "excluded_lines": 0}, "missing_lines": [728, 729, 746, 747, 748, 751, 756, 761, 766, 771, 772, 776, 792, 793, 794], "excluded_lines": []}, "AlphaVantageProvider._get_crypto_data.api_call": {"executed_lines": [741], "summary": {"covered_lines": 1, "num_statements": 1, "percent_covered": 100.0, "percent_covered_display": "100", "missing_lines": 0, "excluded_lines": 0}, "missing_lines": [], "excluded_lines": []}, "AlphaVantageProvider._get_forex_data": {"executed_lines": [], "summary": {"covered_lines": 0, "num_stateme
[...]
cent_covered_display": "100", "missing_lines": 0, "excluded_lines": 28}, "missing_lines": [], "excluded_lines": [133, 134, 137, 143, 150, 151, 152, 153, 154, 155, 157, 158, 159, 160, 161, 162, 163, 166, 172, 174, 175, 176, 177, 178, 179, 180, 181, 182]}}, "classes": {"FinancialDataValidator": {"executed_lines": [69, 73, 74, 75, 80, 81, 85, 88, 91, 92, 96, 102, 118, 119, 120, 121, 122, 125, 126, 128, 130], "summary": {"covered_lines": 21, "num_statements": 36, "percent_covered": 58.333333333333336, "percent_covered_display": "58", "missing_lines": 15, "excluded_lines": 0}, "missing_lines": [78, 82, 83, 86, 93, 94, 97, 98, 108, 109, 110, 111, 112, 127, 129], "excluded_lines": []}, "": {"executed_lines": [1, 2, 3, 6, 32, 33, 68, 71, 104, 114, 133], "summary": {"covered_lines": 9, "num_statements": 9, "percent_covered": 100.0, "percent_covered_display": "100", "missing_lines": 0, "excluded_lines": 28}, "missing_lines": [], "excluded_lines": [133, 134, 137, 143, 150, 151, 152, 153, 154, 155, 157, 158, 159, 160, 161, 162, 163, 166, 172, 174, 175, 176, 177, 178, 179, 180, 181, 182]}}}, "finance_feedback_engine/utils/market_regime_detector.py": {"executed_lines": [1, 7, 8, 9, 10, 13, 14, 15, 16, 17, 18, 21, 22, 30, 38, 39, 41, 54, 55, 56, 58, 59, 60, 62, 63, 65, 75, 76, 77, 79, 89, 90, 93, 94, 97, 98, 101, 102, 105, 107, 110, 111, 114, 115, 118, 119, 122, 123, 125, 127, 137, 140, 141, 143, 144, 145, 148, 150, 152, 164, 172, 175, 176, 177, 181, 182, 185, 186, 189, 190, 191, 196, 197, 200, 201, 204, 206, 207, 216, 217, 218], "summary": {"covered_lines": 78, "num_statements": 90, "percent_covered": 86.66666666666667, "percent_covered_display": "87", "missing_lines": 12, "excluded_lines": 0}, "missing_lines": [166, 167, 170, 178, 193, 210, 211, 213, 220, 222, 223, 225], "excluded_lines": [], "functions": {"MarketRegimeDetector.__init__": {"executed_lines": [38, 39], "summary": {"covered_lines": 2, "num_statements": 2, "percent_covered": 100.0, "percent_covered_display": "100", "missing_lines": 0, "excluded_lines": 0}, "missing_lines": [], "excluded_lines": []}, "MarketRegimeDetector._calculate_true_range": {"executed_lines": [54, 55, 56, 58, 59, 60, 62, 63], "summary": {"covered_lines": 8, "num_statements": 8, "percent_covered": 100.0, "percent_covered_display": "100", "missing_lines": 0, "excluded_lines": 0}, "missing_lines": [], "excluded_lines": []}, "MarketRegimeDetector._calculate_atr": {"executed_lines": [75, 76, 77], "summary": {"covered_lines": 3, "num_statements": 3, "percent_covered": 100.0, "percent_covered_display": "100", "missing_lines": 0, "excluded_lines": 0}, "missing_lines": [], "excluded_lines": []}, "MarketRegimeDetector._calculate_directional_indicators": {"executed_lines": [89, 90, 93, 94, 97, 98, 101, 102, 105, 107, 110, 111, 114, 115, 118, 119, 122, 123, 125], "summary": {"covered_lines": 19, "num_statements": 19, "percent_covered": 100.0, "percent_covered_display": "100", "missing_lines": 0, "excluded_lines": 0}, "missing_lines": [], "excluded_lines": []}, "MarketRegimeDetector._calculate_adx": {"executed_lines": [137, 140, 141, 143, 144, 145, 148, 150], "summary": {"covered_lines": 8, "num_statements": 8, "percent_covered": 100.0, "percent_covered_display": "100", "missing_lines": 0, "excluded_lines": 0}, "missing_lines": [], "excluded_lines": []}, "MarketRegimeDetector.detect_regime": {"executed_lines": [164, 172, 175, 176, 177, 181, 182, 185, 186, 189, 190, 191, 196, 197, 200, 201, 204, 206, 207, 216, 217, 218], "summary": {"covered_lines": 22, "num_statements": 34, "percent_covered": 64.70588235294117, "percent_covered_display": "65", "missing_lines": 12, "excluded_lines": 0}, "missing_lines": [166, 167, 170, 178, 193, 210, 211, 213, 220, 222, 223, 225], "excluded_lines": []}, "": {"executed_lines": [1, 7, 8, 9, 10, 13, 14, 15, 16, 17, 18, 21, 22, 30, 41, 65, 79, 127, 152], "summary": {"covered_lines": 16, "num_statements": 16, "percent_covered": 100.0, "percent_covered_display": "100", "missing_lines": 0, "excluded_lines": 0}, "missing_lines": [], "excluded_lines": []}}, "classes": {"Regime": {"executed_lines": [], "summary": {"covered_lines": 0, "num_statements": 0, "percent_covered": 100.0, "percent_covered_display": "100", "missing_lines": 0, "excluded_lines": 0}, "missing_lines": [], "excluded_lines": []}, "MarketRegimeDetector": {"executed_lines": [38, 39, 54, 55, 56, 58, 59, 60, 62, 63, 75, 76, 77, 89, 90, 93, 94, 97, 98, 101, 102, 105, 107, 110, 111, 114, 115, 118, 119, 122, 123, 125, 137, 140, 141, 143, 144, 145, 148, 150, 164, 172, 175, 176, 177, 181, 182, 185, 186, 189, 190, 191, 196, 197, 200, 201, 204, 206, 207, 216, 217, 218], "summary": {"covered_lines": 62, "num_statements": 74, "percent_covered": 83.78378378378379, "percent_covered_display": "84", "missing_lines": 12, "excluded_lines": 0}, "missing_lines": [166, 167, 170, 178, 193, 210, 211, 213, 220, 222, 223, 225], "excluded_lines": []}, "": {"executed_lines": [1, 7, 8, 9, 10, 13, 14, 15, 16, 17, 18, 21, 22, 30, 41, 65, 79, 127, 152], "summary": {"covered_lines": 16, "num_statements": 16, "percent_covered": 100.0, "percent_covered_display": "100", "missing_lines": 0, "excluded_lines": 0}, "missing_lines": [], "excluded_lines": []}}}, "finance_feedback_engine/utils/model_installer.py": {"executed_lines": [1, 3, 4, 5, 6, 7, 8, 9, 10, 12, 13, 17, 23, 26, 27, 29, 36, 37, 38, 40, 47, 50, 51, 52, 57, 70, 80, 81, 82, 84, 91, 92, 98, 105, 106, 112, 116, 123, 124, 131, 135, 136, 137, 138, 140, 141, 143, 149, 160, 161, 163, 164, 204, 205, 210, 212, 224, 234, 236, 242, 248, 250, 251, 252, 253, 254, 256, 258, 259, 260, 261, 262, 263, 268, 270, 271, 273, 274, 275, 282, 287, 293, 294, 295, 296, 297, 298, 300, 301, 315, 330, 333, 335, 341, 342, 343, 344, 345, 347, 350, 352, 353, 354, 356, 358, 375, 377, 382, 396, 397, 407, 410, 413, 414, 415, 417, 423, 424, 425, 466, 469, 480, 481, 482, 487, 490, 500, 501], "summary": {"covered_lines": 126, "num_statements": 237, "percent_covered": 53.164556962025316, "percent_covered_display": "53", "missing_lines": 111, "excluded_lines": 0}, "missing_lines": [14, 15, 48, 53, 54, 55, 64, 65, 66, 67, 68, 85, 89, 94, 95, 96, 113, 114, 132, 145, 146, 147, 166, 167, 174, 175, 177, 178, 180, 181, 182, 183, 184, 185, 186, 187, 188, 189, 191, 192, 193, 194, 195, 196, 197, 198, 199, 201, 211, 214, 215, 216, 217, 218, 219, 220, 221, 222, 243, 246, 255, 264, 265, 280, 281, 283, 284, 302, 303, 304, 306, 307, 308, 309, 310, 311, 312, 313, 348, 378, 379, 383, 387, 393, 398, 404, 416, 419, 420, 421, 428, 429, 430, 433, 436, 437, 438, 439, 441, 444, 445, 451, 454, 456, 457, 458, 460, 461, 462, 464, 483], "excluded_lines": [], "functions": {"ModelInstaller.__init__": {"executed_lines": [36, 37, 38], "summary": {"covered_lines": 3, "num_statements": 3, "percent_covered": 100.0, "percent_covered_display": "100", "missing_lines": 0, "excluded_lines": 0}, "missing_lines": [], "excluded_lines": []}, "ModelInstaller._load_state": {"executed_lines": [47, 50, 51, 52], "summary": {"covered_lines": 4, "num_statements": 8, "percent_covered": 50.0, "percent_covered_display": "50", "missing_lines": 4, "excluded_lines": 0}, "missing_lines": [48, 53, 54, 55], "excluded_lines": []}, "ModelInstaller._save_state": {"executed_lines": [], "summary": {"covered_lines": 0, "num_statements": 5, "percent_covered": 0.0, "percent_covered_display": "0", "missing_lines": 5, "excluded_lines": 0}, "missing_lines": [64, 65, 66, 67, 68], "excluded_lines": []}, "ModelInstaller._check_disk_space": {"executed_lines": [80, 81, 82, 84, 91, 92], "summary": {"covered_lines": 6, "num_statements": 11, "percent_covered": 54.54545454545455, "percent_covered_display": "55", "missing_lines": 5, "excluded_lines": 0}, "missing_lines": [85, 89, 94, 95, 96], "excluded_lines": []}, "ModelInstaller._check_ollama_installed": {"executed_lines": [105, 106, 112], "summary": {"covered_lines": 3, "num_statements": 5, "percent_covered": 60.0, "percent_covered_display": "60", "missing_lines": 2, "excluded_lines": 0}, "missing_lines": [113, 114], "excluded_lines": []}, "ModelInstaller._get_installed_models": {"executed_lines": [123, 124, 131, 135, 136, 137, 138, 140, 141, 143], "summary": {"covered_lines": 10, "num_statements": 14, "percent_covered": 71.42857142857143, "percent_covered_display": "71", "missing_lines": 4, "excluded_lines": 0}, "missing_lines": [132, 145, 146, 147], "excluded_lines": []}, "ModelInstaller._download_model": {"executed_lines": [160, 161, 163, 164, 204, 205, 210, 212], "summary": {"covered_lines": 8, "num_statements": 44, "percent_covered": 18.181818181818183, "percent_covered_display": "18", "missing_lines": 36, "excluded_lines": 0}, "missing_lines": [166, 167, 174, 175, 177, 178, 180, 181, 182, 183, 184, 185, 186, 187, 188, 189, 191, 192, 193, 194, 195, 196, 197, 198, 199, 201, 211, 214, 215, 216, 217, 218, 219, 220, 221, 222], "excluded_lines": []}, "ModelInstaller._verify_model": {"executed_lines": [234, 236, 242, 248, 250, 251, 252, 253, 254, 256, 258, 259, 260, 261, 262, 263, 268, 270, 271, 273, 274, 275, 282, 287, 293, 294, 295, 296, 297, 298, 300, 301], "summary": {"covered_lines": 32, "num_statements": 52, "percent_covered": 61.53846153846154, "percent_covered_display": "62", "missing_lines": 20, "excluded_lines": 0}, "missing_lines": [243, 246, 255, 264, 265, 280, 281, 283, 284, 302, 303, 304, 306, 307, 308, 309, 310, 311, 312, 313], "excluded_lines": []}, "ModelInstaller._download_models_parallel": {"executed_lines": [330, 333, 335, 341, 342, 343, 344, 345, 347, 350, 352, 353, 354, 356], "summary": {"covered_lines": 14, "num_statements": 15, "percent_covered": 93.33333333333333, "percent_covered_display": "93", "missing_lines": 1, "excluded_lines": 0}, "missing_lines": [348], "excluded_lines": []}, "ModelInstaller.ensure_models_installed": {"executed_lines": [375, 377, 382, 396, 397, 407, 410, 413, 414, 415, 417, 423, 424, 425], "summary": {"covered_lines": 14, "num_statements": 45, "percent_covered": 31.11111111111111, "percent_covered_display": "31", "missing_lines": 31, "excluded_lines": 0}, "missing_lines": [378, 379, 383, 387, 393, 398, 404, 416, 419, 420, 421, 428, 429, 430, 433, 436, 437, 438, 439, 441, 444, 445, 451, 454, 456, 457, 458, 460, 461, 462, 464], "excluded_lines": []}, "get_installer": {"executed_lines": [480, 481, 482, 487], "summary": {"covered_lines": 4, "num_statements": 5, "percent_covered": 80.0, "percent_covered_display": "80", "missing_lines": 1, "excluded_lines": 0}, "missing_lines": [483], "excluded_lines": []}, "ensure_models_installed": {"executed_lines": [500, 501], "summary": {"covered_lines": 2, "num_statements": 2, "percent_covered": 100.0, "percent_covered_display": "100", "missing_lines": 0, "excluded_lines": 0}, "missing_lines": [], "excluded_lines": []}, "": {"executed_lines": [1, 3, 4, 5, 6, 7, 8, 9, 10, 12, 13, 17, 23, 26, 27, 29, 40, 57, 70, 98, 116, 149, 224, 315, 358, 466, 469, 490], "summary": {"covered_lines": 26, "num_statements": 28, "percent_covered": 92.85714285714286, "percent_covered_display": "93", "missing_lines": 2, "excluded_lines": 0}, "missing_lines": [14, 15], "excluded_lines": []}}, "classes": {"ModelInstaller": {"executed_lines": [36, 37, 38, 47, 50, 51, 52, 80, 81, 82, 84, 91, 92, 105, 106, 112, 123, 124, 131, 135, 136, 137, 138, 140, 141, 143, 160, 161, 163, 164, 204, 205, 210, 212, 234, 236, 242, 248, 250, 251, 252, 253, 254, 256, 258, 259, 260, 261, 262, 263, 268, 270, 271, 273, 274, 275, 282, 287, 293, 294, 295, 296, 297, 298, 300, 301, 330, 333, 335, 341, 342, 343, 344, 345, 347, 350, 352, 353, 354, 356, 375, 377, 382, 396, 397, 407, 410, 413, 414, 415, 417, 423, 424, 425], "summary": {"covered_lines": 94, "num_statements": 202, "percent_covered": 46.53465346534654, "percent_covered_display": "47", "missing_lines": 108, "excluded_lines": 0}, "missing_lines": [48, 53, 54, 55, 64, 65, 66, 67, 68, 85, 89, 94, 95, 96, 113, 114, 132, 145, 146, 147, 166, 167, 174, 175, 177, 178, 180, 181, 182, 183, 184, 185, 186, 187, 188, 189, 191, 192, 193, 194, 195, 196, 197, 198, 199, 201, 211, 214, 215, 216, 217, 218, 219, 220, 221, 222, 243, 246, 255, 264, 265, 280, 281, 283, 284, 302, 303, 304, 306, 307, 308, 309, 310, 311, 312, 313, 348, 378, 379, 383, 387, 393, 398, 404, 416, 419, 420, 421, 428, 429, 430, 433, 436, 437, 438, 439, 441, 444, 445, 451, 454, 456, 457, 458, 460, 461, 462, 464], "excluded_lines": []}, "": {"executed_lines": [1, 3, 4, 5, 6, 7, 8, 9, 10, 12, 13, 17, 23, 26, 27, 29, 40, 57, 70, 98, 116, 149, 224, 315, 358, 466, 469, 480, 481, 482, 487, 490, 500, 501], "summary": {"covered_lines": 32, "num_statements": 35, "percent_covered": 91.42857142857143, "percent_covered_display": "91", "missing_lines": 3, "excluded_lines": 0}, "missing_lines": [14, 15, 483], "excluded_lines": []}}}, "finance_feedback_engine/utils/rate_limiter.py": {"executed_lines": [1, 2, 3, 5, 6, 17, 18, 23, 24, 25, 26, 27, 29, 31, 32, 33, 34, 35, 36, 38, 43, 44, 48, 50, 55, 56, 58, 66], "summary": {"covered_lines": 26, "num_statements": 31, "percent_covered": 83.87096774193549, "percent_covered_display": "84", "missing_lines": 5, "excluded_lines": 26}, "missing_lines": [19, 45, 46, 47, 63], "excluded_lines": [66, 68, 69, 70, 71, 72, 73, 74, 75, 76, 77, 78, 81, 82, 84, 85, 86, 87, 88, 89, 90, 91, 92, 93, 94, 96], "functions": {"RateLimiter.__init__": {"executed_lines": [18, 23, 24, 25, 26, 27], "summary": {"covered_lines": 6, "num_statements": 7, "percent_covered": 85.71428571428571, "percent_covered_display": "86", "missing_lines": 1, "excluded_lines": 0}, "missing_lines": [19], "excluded_lines": []}, "RateLimiter._refill_tokens": {"executed_lines": [31, 32, 33, 34, 35, 36], "summary": {"covered_lines": 6, "num_statements": 6, "percent_covered": 100.0, "percent_covered_display": "100", "missing_lines": 0, "excluded_lines": 0}, "missing_lines": [], "excluded_lines": []}, "RateLimiter._wait_for_token_sync": {"executed_lines": [43, 44, 48], "summary": {"covered_lines": 3, "num_statements": 6, "percent_covered": 50.0, "percent_covered_display": "50", "missing_lines": 3, "excluded_lines": 0}, "missing_lines": [45, 46, 47], "excluded_lines": []}, "RateLimiter.wait_for_token": {"executed_lines": [55, 56], "summary": {"covered_lines": 2, "num_statements": 2, "percent_covered": 100.0, "percent_covered_display": "100", "missing_lines": 0, "excluded_lines": 0}, "missing_lines": [], "excluded_lines": []}, "RateLimiter.wait_for_token_async": {"executed_lines": [], "summary": {"covered_lines": 0, "num_statements": 1, "percent_covered": 0.0, "percent_covered_display": "0", "missing_lines": 1, "excluded_lines": 0}, "missing_lines": [63], "excluded_lines": []}, "make_async_requests": {"executed_lines": [], "summary": {"covered_lines": 0, "num_statements": 0, "percent_covered": 100.0, "percent_covered_display": "100", "missing_lines": 0, "excluded_lines": 6}, "missing_lines": [], "excluded_lines": [85, 86, 87, 92, 93, 94]}, "make_async_requests.request_func": {"executed_lines": [], "summary": {"covered_lines": 0, "num_statements": 0, "percent_covered": 100.0, "percent_covered_display": "100", "missing_lines": 0, "excluded_lines": 4}, "missing_lines": [], "excluded_lines": [88, 89, 90, 91]}, "": {"executed_lines": [1, 2, 3, 5, 6, 17, 29, 38, 50, 58, 66], "summary": {"covered_lines": 9, "num_statements": 9, "percent_covered": 100.0, "percent_covered_display": "100", "missing_lines": 0, "excluded_lines": 16}, "missing_lines": [], "excluded_lines": [66, 68, 69, 70, 71, 72, 73, 74, 75, 76, 77, 78, 81, 82, 84, 96]}}, "classes": {"RateLimiter": {"executed_lines": [18, 23, 24, 25, 26, 27, 31, 32, 33, 34, 35, 36, 43, 44, 48, 55, 56], "summary": {"covered_lines": 17, "num_statements": 22, "percent_covered": 77.27272727272727, "percent_covered_display": "77", "missing_lines": 5, "excluded_lines": 0}, "missing_lines": [19, 45, 46, 47, 63], "excluded_lines": []}, "": {"executed_lines": [1, 2, 3, 5, 6, 17, 29, 38, 50, 58, 66], "summary": {"covered_lines": 9, "num_statements": 9, "percent_covered": 100.0, "percent_covered_display": "100", "missing_lines": 0, "excluded_lines": 26}, "missing_lines": [], "excluded_lines": [66, 68, 69, 70, 71, 72, 73, 74, 75, 76, 77, 78, 81, 82, 84, 85, 86, 87, 88, 89, 90, 91, 92, 93, 94, 96]}}}, "finance_feedback_engine/utils/retry.py": {"executed_lines": [1, 3, 4, 5, 6, 7, 9, 12, 44, 45, 46, 47, 49, 50, 51, 52, 53, 55, 63, 69, 70, 72, 78, 84, 85, 88, 89, 92, 99, 106, 113, 114], "summary": {"covered_lines": 30, "num_statements": 35, "percent_covered": 85.71428571428571, "percent_covered_display": "86", "missing_lines": 5, "excluded_lines": 0}, "missing_lines": [56, 60, 81, 82, 116], "excluded_lines": [], "functions": {"exponential_backoff_retry": {"executed_lines": [44, 45, 85], "summary": {"covered_lines": 3, "num_statements": 3, "percent_covered": 100.0, "percent_covered_display": "100", "missing_lines": 0, "excluded_lines": 0}, "missing_lines": [], "excluded_lines": []}, "exponential_backoff_retry.decorator": {"executed_lines": [46, 84], "summary": {"covered_lines": 2, "num_statements": 2, "percent_covered": 100.0, "percent_covered_display": "100", "missing_lines": 0, "excluded_lines": 0}, "missing_lines": [], "excluded_lines": []}, "exponential_backoff_retry.decorator.wrapper": {"executed_lines": [47, 49, 50, 51, 52, 53, 55, 63, 69, 70, 72, 78], "summary": {"covered_lines": 12, "num_statements": 16, "percent_covered": 75.0, "percent_covered_display": "75", "missing_lines": 4, "excluded_lines": 0}, "missing_lines": [56, 60, 81, 82], "excluded_lines": []}, "RetryConfig.get_config": {"executed_lines": [], "summary": {"covered_lines": 0, "num_statements": 1, "percent_covered": 0.0, "percent_covered_display": "0", "missing_lines": 1, "excluded_lines": 0}, "missing_lines": [116], "excluded_lines": []}, "": {"executed_lines": [1, 3, 4, 5, 6, 7, 9, 12, 88, 89, 92, 99, 106, 113, 114], "summary": {"covered_lines": 13, "num_statements": 13, "percent_covered": 100.0, "percent_covered_display": "100", "missing_lines": 0, "excluded_lines": 0}, "missing_lines": [], "excluded_lines": []}}, "classes": {"RetryConfig": {"executed_lines": [], "summary": {"covered_lines": 0, "num_statements": 1, "percent_covered": 0.0, "percent_covered_display": "0", "missing_lines": 1, "excluded_lines": 0}, "missing_lines": [116], "excluded_lines": []}, "": {"executed_lines": [1, 3, 4, 5, 6, 7, 9, 12, 44, 45, 46, 47, 49, 50, 51, 52, 53, 55, 63, 69, 70, 72, 78, 84, 85, 88, 89, 92, 99, 106, 113, 114], "summary": {"covered_lines": 30, "num_statements": 34, "percent_covered": 88.23529411764706, "percent_covered_display": "88", "missing_lines": 4, "excluded_lines": 0}, "missing_lines": [56, 60, 81, 82], "excluded_lines": []}}}, "finance_feedback_engine/utils/validation.py": {"executed_lines": [1, 3, 4, 6, 9, 34, 35, 38, 40, 41, 47, 54, 60], "summary": {"covered_lines": 12, "num_statements": 13, "percent_covered": 92.3076923076923, "percent_covered_display": "92", "missing_lines": 1, "excluded_lines": 0}, "missing_lines": [48], "excluded_lines": [], "functions": {"standardize_asset_pair": {"executed_lines": [34, 35, 38, 40, 41, 47, 54, 60], "summary": {"covered_lines": 8, "num_statements": 9, "percent_covered": 88.88888888888889, "percent_covered_display": "89", "missing_lines": 1, "excluded_lines": 0}, "missing_lines": [48], "excluded_lines": []}, "": {"executed_lines": [1, 3, 4, 6, 9], "summary": {"covered_lines": 4, "num_statements": 4, "percent_covered": 100.0, "percent_covered_display": "100", "missing_lines": 0, "excluded_lines": 0}, "missing_lines": [], "excluded_lines": []}}, "classes": {"": {"executed_lines": [1, 3, 4, 6, 9, 34, 35, 38, 40, 41, 47, 54, 60], "summary": {"covered_lines": 12, "num_statements": 13, "percent_covered": 92.3076923076923, "percent_covered_display": "92", "missing_lines": 1, "excluded_lines": 0}, "missing_lines": [48], "excluded_lines": []}}}}, "totals": {"covered_lines": 3975, "num_statements": 8476, "percent_covered": 46.89712128362435, "percent_covered_display": "47", "missing_lines": 4501, "excluded_lines": 223}}